{"/home/user/Code/fitematch/fitematch-site/src/app/manifest.ts": {"path":"/home/user/Code/fitematch/fitematch-site/src/app/manifest.ts","statementMap":{"0":{"start":{"line":4,"column":0},"end":{"line":4,"column":24}},"1":{"start":{"line":2,"column":0},"end":{"line":2,"column":65}},"2":{"start":{"line":5,"column":2},"end":{"line":13,"column":4}}},"fnMap":{"0":{"name":"manifest","decl":{"start":{"line":4,"column":24},"end":{"line":4,"column":32}},"loc":{"start":{"line":4,"column":32},"end":{"line":14,"column":1}}}},"branchMap":{},"s":{"0":0,"1":0,"2":0},"f":{"0":0},"b":{}}
,"/home/user/Code/fitematch/fitematch-site/src/app/robots.ts": {"path":"/home/user/Code/fitematch/fitematch-site/src/app/robots.ts","statementMap":{"0":{"start":{"line":4,"column":0},"end":{"line":4,"column":24}},"1":{"start":{"line":2,"column":0},"end":{"line":2,"column":43}},"2":{"start":{"line":5,"column":2},"end":{"line":23,"column":4}}},"fnMap":{"0":{"name":"robots","decl":{"start":{"line":4,"column":24},"end":{"line":4,"column":30}},"loc":{"start":{"line":4,"column":30},"end":{"line":24,"column":1}}}},"branchMap":{},"s":{"0":0,"1":0,"2":0},"f":{"0":0},"b":{}}
,"/home/user/Code/fitematch/fitematch-site/src/app/sitemap.ts": {"path":"/home/user/Code/fitematch/fitematch-site/src/app/sitemap.ts","statementMap":{"0":{"start":{"line":14,"column":0},"end":{"line":14,"column":15}},"1":{"start":{"line":2,"column":0},"end":{"line":2,"column":44}},"2":{"start":{"line":3,"column":0},"end":{"line":3,"column":46}},"3":{"start":{"line":4,"column":0},"end":{"line":4,"column":56}},"4":{"start":{"line":7,"column":2},"end":{"line":9,"column":3}},"5":{"start":{"line":8,"column":4},"end":{"line":8,"column":22}},"6":{"start":{"line":11,"column":2},"end":{"line":11,"column":25}},"7":{"start":{"line":15,"column":46},"end":{"line":21,"column":4}},"8":{"start":{"line":23,"column":2},"end":{"line":38,"column":3}},"9":{"start":{"line":24,"column":17},"end":{"line":24,"column":40}},"10":{"start":{"line":26,"column":4},"end":{"line":35,"column":6}},"11":{"start":{"line":28,"column":28},"end":{"line":34,"column":8}},"12":{"start":{"line":37,"column":4},"end":{"line":37,"column":24}}},"fnMap":{"0":{"name":"toDate","decl":{"start":{"line":6,"column":9},"end":{"line":6,"column":15}},"loc":{"start":{"line":6,"column":37},"end":{"line":12,"column":1}}},"1":{"name":"sitemap","decl":{"start":{"line":14,"column":30},"end":{"line":14,"column":37}},"loc":{"start":{"line":14,"column":37},"end":{"line":39,"column":1}}},"2":{"name":"(anonymous_2)","decl":{"start":{"line":28,"column":18},"end":{"line":28,"column":19}},"loc":{"start":{"line":28,"column":28},"end":{"line":34,"column":8}}}},"branchMap":{"0":{"loc":{"start":{"line":7,"column":2},"end":{"line":9,"column":3}},"type":"if","locations":[{"start":{"line":7,"column":2},"end":{"line":9,"column":3}},{"start":{},"end":{}}]},"1":{"loc":{"start":{"line":31,"column":11},"end":{"line":32,"column":56}},"type":"binary-expr","locations":[{"start":{"line":31,"column":11},"end":{"line":31,"column":54}},{"start":{"line":32,"column":13},"end":{"line":32,"column":56}}]}},"s":{"0":0,"1":0,"2":0,"3":0,"4":0,"5":0,"6":0,"7":0,"8":0,"9":0,"10":0,"11":0,"12":0},"f":{"0":0,"1":0,"2":0},"b":{"0":[0,0],"1":[0,0]}}
,"/home/user/Code/fitematch/fitematch-site/src/components/applications/application-card.tsx": {"path":"/home/user/Code/fitematch/fitematch-site/src/components/applications/application-card.tsx","statementMap":{"0":{"start":{"line":28,"column":0},"end":{"line":28,"column":16}},"1":{"start":{"line":3,"column":0},"end":{"line":3,"column":31}},"2":{"start":{"line":4,"column":0},"end":{"line":4,"column":33}},"3":{"start":{"line":5,"column":0},"end":{"line":5,"column":41}},"4":{"start":{"line":6,"column":0},"end":{"line":6,"column":44}},"5":{"start":{"line":7,"column":0},"end":{"line":7,"column":48}},"6":{"start":{"line":8,"column":0},"end":{"line":8,"column":62}},"7":{"start":{"line":9,"column":0},"end":{"line":9,"column":83}},"8":{"start":{"line":10,"column":0},"end":{"line":10,"column":67}},"9":{"start":{"line":11,"column":0},"end":{"line":11,"column":49}},"10":{"start":{"line":12,"column":0},"end":{"line":12,"column":50}},"11":{"start":{"line":20,"column":2},"end":{"line":25,"column":12}},"12":{"start":{"line":29,"column":37},"end":{"line":29,"column":54}},"13":{"start":{"line":30,"column":38},"end":{"line":30,"column":53}},"14":{"start":{"line":31,"column":54},"end":{"line":31,"column":69}},"15":{"start":{"line":32,"column":22},"end":{"line":32,"column":67}},"16":{"start":{"line":33,"column":19},"end":{"line":39,"column":12}},"17":{"start":{"line":40,"column":19},"end":{"line":40,"column":57}},"18":{"start":{"line":41,"column":22},"end":{"line":41,"column":53}},"19":{"start":{"line":42,"column":18},"end":{"line":42,"column":34}},"20":{"start":{"line":43,"column":26},"end":{"line":43,"column":63}},"21":{"start":{"line":44,"column":18},"end":{"line":44,"column":57}},"22":{"start":{"line":45,"column":20},"end":{"line":53,"column":10}},"23":{"start":{"line":56,"column":4},"end":{"line":67,"column":5}},"24":{"start":{"line":57,"column":6},"end":{"line":57,"column":26}},"25":{"start":{"line":59,"column":6},"end":{"line":59,"column":41}},"26":{"start":{"line":61,"column":6},"end":{"line":61,"column":56}},"27":{"start":{"line":62,"column":6},"end":{"line":62,"column":20}},"28":{"start":{"line":64,"column":6},"end":{"line":64,"column":49}},"29":{"start":{"line":66,"column":6},"end":{"line":66,"column":27}},"30":{"start":{"line":70,"column":2},"end":{"line":199,"column":4}},"31":{"start":{"line":115,"column":27},"end":{"line":115,"column":54}},"32":{"start":{"line":134,"column":31},"end":{"line":134,"column":59}},"33":{"start":{"line":177,"column":33},"end":{"line":177,"column":61}},"34":{"start":{"line":186,"column":20},"end":{"line":186,"column":41}},"35":{"start":{"line":187,"column":20},"end":{"line":187,"column":49}}},"fnMap":{"0":{"name":"getApplicationStatusLabel","decl":{"start":{"line":19,"column":9},"end":{"line":19,"column":34}},"loc":{"start":{"line":19,"column":64},"end":{"line":26,"column":1}}},"1":{"name":"ApplicationCard","decl":{"start":{"line":28,"column":16},"end":{"line":28,"column":31}},"loc":{"start":{"line":28,"column":65},"end":{"line":200,"column":1}}},"2":{"name":"handleDelete","decl":{"start":{"line":55,"column":17},"end":{"line":55,"column":29}},"loc":{"start":{"line":55,"column":29},"end":{"line":68,"column":3}}},"3":{"name":"(anonymous_4)","decl":{"start":{"line":115,"column":21},"end":{"line":115,"column":24}},"loc":{"start":{"line":115,"column":27},"end":{"line":115,"column":54}}},"4":{"name":"(anonymous_5)","decl":{"start":{"line":134,"column":25},"end":{"line":134,"column":28}},"loc":{"start":{"line":134,"column":31},"end":{"line":134,"column":59}}},"5":{"name":"(anonymous_6)","decl":{"start":{"line":177,"column":27},"end":{"line":177,"column":30}},"loc":{"start":{"line":177,"column":33},"end":{"line":177,"column":61}}},"6":{"name":"(anonymous_7)","decl":{"start":{"line":185,"column":27},"end":{"line":185,"column":32}},"loc":{"start":{"line":185,"column":38},"end":{"line":188,"column":19}}}},"branchMap":{"0":{"loc":{"start":{"line":40,"column":19},"end":{"line":40,"column":57}},"type":"binary-expr","locations":[{"start":{"line":40,"column":19},"end":{"line":40,"column":36}},{"start":{"line":40,"column":40},"end":{"line":40,"column":57}}]},"1":{"loc":{"start":{"line":40,"column":19},"end":{"line":40,"column":36}},"type":"cond-expr","locations":[{"start":{"line":40,"column":26},"end":{"line":40,"column":28}},{"start":{"line":40,"column":19},"end":{"line":40,"column":36}}]},"2":{"loc":{"start":{"line":40,"column":19},"end":{"line":40,"column":28}},"type":"binary-expr","locations":[{"start":{"line":40,"column":19},"end":{"line":40,"column":28}},{"start":{"line":40,"column":19},"end":{"line":40,"column":28}}]},"3":{"loc":{"start":{"line":41,"column":22},"end":{"line":41,"column":53}},"type":"binary-expr","locations":[{"start":{"line":41,"column":22},"end":{"line":41,"column":40}},{"start":{"line":41,"column":44},"end":{"line":41,"column":53}}]},"4":{"loc":{"start":{"line":41,"column":22},"end":{"line":41,"column":40}},"type":"cond-expr","locations":[{"start":{"line":41,"column":29},"end":{"line":41,"column":31}},{"start":{"line":41,"column":22},"end":{"line":41,"column":40}}]},"5":{"loc":{"start":{"line":41,"column":22},"end":{"line":41,"column":31}},"type":"binary-expr","locations":[{"start":{"line":41,"column":22},"end":{"line":41,"column":31}},{"start":{"line":41,"column":22},"end":{"line":41,"column":31}}]},"6":{"loc":{"start":{"line":42,"column":18},"end":{"line":42,"column":34}},"type":"cond-expr","locations":[{"start":{"line":42,"column":25},"end":{"line":42,"column":27}},{"start":{"line":42,"column":18},"end":{"line":42,"column":34}}]},"7":{"loc":{"start":{"line":42,"column":18},"end":{"line":42,"column":27}},"type":"binary-expr","locations":[{"start":{"line":42,"column":18},"end":{"line":42,"column":27}},{"start":{"line":42,"column":18},"end":{"line":42,"column":27}}]},"8":{"loc":{"start":{"line":44,"column":18},"end":{"line":44,"column":57}},"type":"binary-expr","locations":[{"start":{"line":44,"column":18},"end":{"line":44,"column":33}},{"start":{"line":44,"column":37},"end":{"line":44,"column":51}},{"start":{"line":44,"column":55},"end":{"line":44,"column":57}}]},"9":{"loc":{"start":{"line":45,"column":20},"end":{"line":53,"column":10}},"type":"cond-expr","locations":[{"start":{"line":46,"column":6},"end":{"line":52,"column":8}},{"start":{"line":53,"column":6},"end":{"line":53,"column":10}}]},"10":{"loc":{"start":{"line":62,"column":6},"end":{"line":62,"column":19}},"type":"cond-expr","locations":[{"start":{"line":62,"column":15},"end":{"line":62,"column":19}},{"start":{"line":62,"column":6},"end":{"line":62,"column":19}}]},"11":{"loc":{"start":{"line":62,"column":6},"end":{"line":62,"column":19}},"type":"binary-expr","locations":[{"start":{"line":62,"column":6},"end":{"line":62,"column":19}},{"start":{"line":62,"column":6},"end":{"line":62,"column":19}}]},"12":{"loc":{"start":{"line":76,"column":13},"end":{"line":88,"column":null}},"type":"cond-expr","locations":[{"start":{"line":77,"column":14},"end":{"line":83,"column":null}},{"start":{"line":86,"column":14},"end":{"line":87,"column":null}}]},"13":{"loc":{"start":{"line":107,"column":11},"end":{"line":110,"column":null}},"type":"cond-expr","locations":[{"start":{"line":108,"column":12},"end":{"line":108,"column":90}},{"start":{"line":110,"column":12},"end":{"line":110,"column":19}}]},"14":{"loc":{"start":{"line":124,"column":7},"end":{"line":196,"column":null}},"type":"binary-expr","locations":[{"start":{"line":124,"column":7},"end":{"line":124,"column":25}},{"start":{"line":125,"column":8},"end":{"line":195,"column":null}}]},"15":{"loc":{"start":{"line":147,"column":19},"end":{"line":159,"column":null}},"type":"cond-expr","locations":[{"start":{"line":148,"column":20},"end":{"line":154,"column":null}},{"start":{"line":157,"column":20},"end":{"line":158,"column":null}}]}},"s":{"0":2,"1":2,"2":2,"3":2,"4":2,"5":2,"6":2,"7":2,"8":2,"9":2,"10":2,"11":11,"12":11,"13":11,"14":11,"15":11,"16":11,"17":11,"18":11,"19":11,"20":11,"21":11,"22":11,"23":2,"24":2,"25":2,"26":2,"27":2,"28":0,"29":2,"30":11,"31":3,"32":0,"33":0,"34":2,"35":2},"f":{"0":11,"1":11,"2":2,"3":3,"4":0,"5":0,"6":2},"b":{"0":[11,0],"1":[0,11],"2":[11,11],"3":[11,0],"4":[0,11],"5":[11,11],"6":[0,11],"7":[11,11],"8":[11,0,0],"9":[11,0],"10":[0,2],"11":[2,2],"12":[8,3],"13":[11,0],"14":[11,5],"15":[3,2]}}
,"/home/user/Code/fitematch/fitematch-site/src/components/applications/application-details.tsx": {"path":"/home/user/Code/fitematch/fitematch-site/src/components/applications/application-details.tsx","statementMap":{"0":{"start":{"line":13,"column":0},"end":{"line":13,"column":16}},"1":{"start":{"line":4,"column":0},"end":{"line":4,"column":46}},"2":{"start":{"line":5,"column":0},"end":{"line":5,"column":52}},"3":{"start":{"line":6,"column":0},"end":{"line":6,"column":58}},"4":{"start":{"line":7,"column":0},"end":{"line":7,"column":70}},"5":{"start":{"line":14,"column":44},"end":{"line":14,"column":67}},"6":{"start":{"line":16,"column":2},"end":{"line":18,"column":3}},"7":{"start":{"line":17,"column":4},"end":{"line":17,"column":41}},"8":{"start":{"line":20,"column":2},"end":{"line":22,"column":3}},"9":{"start":{"line":21,"column":4},"end":{"line":21,"column":50}},"10":{"start":{"line":24,"column":2},"end":{"line":26,"column":3}},"11":{"start":{"line":25,"column":4},"end":{"line":25,"column":16}},"12":{"start":{"line":28,"column":2},"end":{"line":44,"column":4}}},"fnMap":{"0":{"name":"ApplicationDetails","decl":{"start":{"line":13,"column":16},"end":{"line":13,"column":34}},"loc":{"start":{"line":13,"column":71},"end":{"line":45,"column":1}}}},"branchMap":{"0":{"loc":{"start":{"line":16,"column":2},"end":{"line":18,"column":3}},"type":"if","locations":[{"start":{"line":16,"column":2},"end":{"line":18,"column":3}},{"start":{},"end":{}}]},"1":{"loc":{"start":{"line":20,"column":2},"end":{"line":22,"column":3}},"type":"if","locations":[{"start":{"line":20,"column":2},"end":{"line":22,"column":3}},{"start":{},"end":{}}]},"2":{"loc":{"start":{"line":24,"column":2},"end":{"line":26,"column":3}},"type":"if","locations":[{"start":{"line":24,"column":2},"end":{"line":26,"column":3}},{"start":{},"end":{}}]}},"s":{"0":1,"1":1,"2":1,"3":1,"4":1,"5":4,"6":4,"7":1,"8":3,"9":1,"10":2,"11":1,"12":1},"f":{"0":4},"b":{"0":[1,3],"1":[1,2],"2":[1,1]}}
,"/home/user/Code/fitematch/fitematch-site/src/components/applications/application-list.tsx": {"path":"/home/user/Code/fitematch/fitematch-site/src/components/applications/application-list.tsx","statementMap":{"0":{"start":{"line":9,"column":0},"end":{"line":9,"column":16}},"1":{"start":{"line":3,"column":0},"end":{"line":3,"column":59}},"2":{"start":{"line":4,"column":0},"end":{"line":4,"column":53}},"3":{"start":{"line":5,"column":0},"end":{"line":5,"column":46}},"4":{"start":{"line":6,"column":0},"end":{"line":6,"column":57}},"5":{"start":{"line":7,"column":0},"end":{"line":7,"column":52}},"6":{"start":{"line":10,"column":54},"end":{"line":10,"column":71}},"7":{"start":{"line":12,"column":2},"end":{"line":14,"column":3}},"8":{"start":{"line":13,"column":4},"end":{"line":13,"column":41}},"9":{"start":{"line":16,"column":2},"end":{"line":18,"column":3}},"10":{"start":{"line":17,"column":4},"end":{"line":17,"column":50}},"11":{"start":{"line":20,"column":2},"end":{"line":22,"column":3}},"12":{"start":{"line":21,"column":4},"end":{"line":21,"column":81}},"13":{"start":{"line":24,"column":2},"end":{"line":34,"column":4}},"14":{"start":{"line":27,"column":8},"end":{"line":28,"column":null}}},"fnMap":{"0":{"name":"ApplicationList","decl":{"start":{"line":9,"column":16},"end":{"line":9,"column":31}},"loc":{"start":{"line":9,"column":31},"end":{"line":35,"column":1}}},"1":{"name":"(anonymous_1)","decl":{"start":{"line":26,"column":24},"end":{"line":26,"column":25}},"loc":{"start":{"line":27,"column":8},"end":{"line":28,"column":null}}}},"branchMap":{"0":{"loc":{"start":{"line":12,"column":2},"end":{"line":14,"column":3}},"type":"if","locations":[{"start":{"line":12,"column":2},"end":{"line":14,"column":3}},{"start":{},"end":{}}]},"1":{"loc":{"start":{"line":16,"column":2},"end":{"line":18,"column":3}},"type":"if","locations":[{"start":{"line":16,"column":2},"end":{"line":18,"column":3}},{"start":{},"end":{}}]},"2":{"loc":{"start":{"line":20,"column":2},"end":{"line":22,"column":3}},"type":"if","locations":[{"start":{"line":20,"column":2},"end":{"line":22,"column":3}},{"start":{},"end":{}}]},"3":{"loc":{"start":{"line":28,"column":15},"end":{"line":28,"column":145}},"type":"binary-expr","locations":[{"start":{"line":28,"column":15},"end":{"line":28,"column":30}},{"start":{"line":28,"column":34},"end":{"line":28,"column":145}}]},"4":{"loc":{"start":{"line":28,"column":80},"end":{"line":28,"column":143}},"type":"binary-expr","locations":[{"start":{"line":28,"column":80},"end":{"line":28,"column":101}},{"start":{"line":28,"column":105},"end":{"line":28,"column":126}},{"start":{"line":28,"column":130},"end":{"line":28,"column":143}}]}},"s":{"0":1,"1":1,"2":1,"3":1,"4":1,"5":1,"6":10,"7":10,"8":5,"9":5,"10":1,"11":4,"12":2,"13":2,"14":2},"f":{"0":10,"1":2},"b":{"0":[5,5],"1":[1,4],"2":[2,2],"3":[2,0],"4":[0,0,0]}}
,"/home/user/Code/fitematch/fitematch-site/src/components/applications/cancel-application-button.tsx": {"path":"/home/user/Code/fitematch/fitematch-site/src/components/applications/cancel-application-button.tsx","statementMap":{"0":{"start":{"line":15,"column":0},"end":{"line":15,"column":16}},"1":{"start":{"line":3,"column":0},"end":{"line":3,"column":44}},"2":{"start":{"line":4,"column":0},"end":{"line":4,"column":41}},"3":{"start":{"line":5,"column":0},"end":{"line":5,"column":48}},"4":{"start":{"line":6,"column":0},"end":{"line":6,"column":62}},"5":{"start":{"line":7,"column":0},"end":{"line":7,"column":67}},"6":{"start":{"line":8,"column":0},"end":{"line":8,"column":44}},"7":{"start":{"line":19,"column":17},"end":{"line":19,"column":28}},"8":{"start":{"line":20,"column":37},"end":{"line":20,"column":54}},"9":{"start":{"line":23,"column":4},"end":{"line":30,"column":5}},"10":{"start":{"line":24,"column":6},"end":{"line":24,"column":41}},"11":{"start":{"line":25,"column":6},"end":{"line":25,"column":56}},"12":{"start":{"line":26,"column":6},"end":{"line":26,"column":26}},"13":{"start":{"line":27,"column":6},"end":{"line":27,"column":39}},"14":{"start":{"line":29,"column":6},"end":{"line":29,"column":62}},"15":{"start":{"line":33,"column":2},"end":{"line":42,"column":4}}},"fnMap":{"0":{"name":"CancelApplicationButton","decl":{"start":{"line":15,"column":16},"end":{"line":15,"column":39}},"loc":{"start":{"line":18,"column":31},"end":{"line":43,"column":1}}},"1":{"name":"handleCancel","decl":{"start":{"line":22,"column":17},"end":{"line":22,"column":29}},"loc":{"start":{"line":22,"column":29},"end":{"line":31,"column":3}}}},"branchMap":{"0":{"loc":{"start":{"line":26,"column":12},"end":{"line":26,"column":25}},"type":"cond-expr","locations":[{"start":{"line":26,"column":21},"end":{"line":26,"column":25}},{"start":{"line":26,"column":12},"end":{"line":26,"column":25}}]},"1":{"loc":{"start":{"line":26,"column":12},"end":{"line":26,"column":25}},"type":"binary-expr","locations":[{"start":{"line":26,"column":12},"end":{"line":26,"column":25}},{"start":{"line":26,"column":12},"end":{"line":26,"column":25}}]}},"s":{"0":1,"1":1,"2":1,"3":1,"4":1,"5":1,"6":1,"7":2,"8":2,"9":2,"10":2,"11":1,"12":1,"13":1,"14":1,"15":2},"f":{"0":2,"1":2},"b":{"0":[0,1],"1":[1,1]}}
,"/home/user/Code/fitematch/fitematch-site/src/components/auth/activate-account-form.tsx": {"path":"/home/user/Code/fitematch/fitematch-site/src/components/auth/activate-account-form.tsx","statementMap":{"0":{"start":{"line":14,"column":0},"end":{"line":14,"column":16}},"1":{"start":{"line":3,"column":0},"end":{"line":3,"column":44}},"2":{"start":{"line":4,"column":0},"end":{"line":4,"column":42}},"3":{"start":{"line":5,"column":0},"end":{"line":5,"column":66}},"4":{"start":{"line":6,"column":0},"end":{"line":6,"column":48}},"5":{"start":{"line":7,"column":0},"end":{"line":7,"column":46}},"6":{"start":{"line":8,"column":0},"end":{"line":8,"column":74}},"7":{"start":{"line":9,"column":0},"end":{"line":9,"column":44}},"8":{"start":{"line":10,"column":0},"end":{"line":10,"column":59}},"9":{"start":{"line":12,"column":0},"end":{"line":12,"column":67}},"10":{"start":{"line":15,"column":17},"end":{"line":15,"column":28}},"11":{"start":{"line":16,"column":51},"end":{"line":16,"column":68}},"12":{"start":{"line":22,"column":6},"end":{"line":22,"column":39}},"13":{"start":{"line":25,"column":4},"end":{"line":31,"column":5}},"14":{"start":{"line":26,"column":6},"end":{"line":26,"column":46}},"15":{"start":{"line":27,"column":6},"end":{"line":27,"column":48}},"16":{"start":{"line":28,"column":6},"end":{"line":28,"column":34}},"17":{"start":{"line":30,"column":6},"end":{"line":30,"column":54}},"18":{"start":{"line":34,"column":2},"end":{"line":76,"column":4}}},"fnMap":{"0":{"name":"ActivateAccountForm","decl":{"start":{"line":14,"column":16},"end":{"line":14,"column":35}},"loc":{"start":{"line":14,"column":35},"end":{"line":77,"column":1}}},"1":{"name":"onSubmit","decl":{"start":{"line":24,"column":17},"end":{"line":24,"column":25}},"loc":{"start":{"line":24,"column":54},"end":{"line":32,"column":3}}}},"branchMap":{"0":{"loc":{"start":{"line":36,"column":7},"end":{"line":40,"column":null}},"type":"binary-expr","locations":[{"start":{"line":36,"column":7},"end":{"line":36,"column":19}},{"start":{"line":37,"column":8},"end":{"line":39,"column":null}}]},"1":{"loc":{"start":{"line":47,"column":15},"end":{"line":47,"column":36}},"type":"cond-expr","locations":[{"start":{"line":47,"column":27},"end":{"line":47,"column":29}},{"start":{"line":47,"column":27},"end":{"line":47,"column":36}}]},"2":{"loc":{"start":{"line":47,"column":15},"end":{"line":47,"column":29}},"type":"binary-expr","locations":[{"start":{"line":47,"column":15},"end":{"line":47,"column":29}},{"start":{"line":47,"column":27},"end":{"line":47,"column":29}}]},"3":{"loc":{"start":{"line":56,"column":15},"end":{"line":56,"column":35}},"type":"cond-expr","locations":[{"start":{"line":56,"column":26},"end":{"line":56,"column":28}},{"start":{"line":56,"column":26},"end":{"line":56,"column":35}}]},"4":{"loc":{"start":{"line":56,"column":15},"end":{"line":56,"column":28}},"type":"binary-expr","locations":[{"start":{"line":56,"column":15},"end":{"line":56,"column":28}},{"start":{"line":56,"column":26},"end":{"line":56,"column":28}}]}},"s":{"0":0,"1":0,"2":0,"3":0,"4":0,"5":0,"6":0,"7":0,"8":0,"9":0,"10":0,"11":0,"12":0,"13":0,"14":0,"15":0,"16":0,"17":0,"18":0},"f":{"0":0,"1":0},"b":{"0":[0,0],"1":[0,0],"2":[0,0],"3":[0,0],"4":[0,0]}}
,"/home/user/Code/fitematch/fitematch-site/src/components/auth/activation-code-form.tsx": {"path":"/home/user/Code/fitematch/fitematch-site/src/components/auth/activation-code-form.tsx","statementMap":{"0":{"start":{"line":14,"column":0},"end":{"line":14,"column":16}},"1":{"start":{"line":3,"column":0},"end":{"line":3,"column":44}},"2":{"start":{"line":4,"column":0},"end":{"line":4,"column":42}},"3":{"start":{"line":5,"column":0},"end":{"line":5,"column":58}},"4":{"start":{"line":6,"column":0},"end":{"line":6,"column":48}},"5":{"start":{"line":7,"column":0},"end":{"line":7,"column":46}},"6":{"start":{"line":8,"column":0},"end":{"line":8,"column":74}},"7":{"start":{"line":9,"column":0},"end":{"line":9,"column":44}},"8":{"start":{"line":10,"column":0},"end":{"line":10,"column":59}},"9":{"start":{"line":12,"column":0},"end":{"line":12,"column":67}},"10":{"start":{"line":15,"column":17},"end":{"line":15,"column":28}},"11":{"start":{"line":16,"column":51},"end":{"line":16,"column":68}},"12":{"start":{"line":22,"column":6},"end":{"line":22,"column":45}},"13":{"start":{"line":25,"column":4},"end":{"line":31,"column":5}},"14":{"start":{"line":26,"column":6},"end":{"line":26,"column":52}},"15":{"start":{"line":27,"column":6},"end":{"line":27,"column":61}},"16":{"start":{"line":28,"column":6},"end":{"line":28,"column":43}},"17":{"start":{"line":30,"column":6},"end":{"line":30,"column":65}},"18":{"start":{"line":34,"column":2},"end":{"line":63,"column":4}}},"fnMap":{"0":{"name":"ActivationCodeForm","decl":{"start":{"line":14,"column":16},"end":{"line":14,"column":34}},"loc":{"start":{"line":14,"column":34},"end":{"line":64,"column":1}}},"1":{"name":"onSubmit","decl":{"start":{"line":24,"column":17},"end":{"line":24,"column":25}},"loc":{"start":{"line":24,"column":60},"end":{"line":32,"column":3}}}},"branchMap":{"0":{"loc":{"start":{"line":36,"column":7},"end":{"line":40,"column":null}},"type":"binary-expr","locations":[{"start":{"line":36,"column":7},"end":{"line":36,"column":19}},{"start":{"line":37,"column":8},"end":{"line":39,"column":null}}]},"1":{"loc":{"start":{"line":47,"column":15},"end":{"line":47,"column":36}},"type":"cond-expr","locations":[{"start":{"line":47,"column":27},"end":{"line":47,"column":29}},{"start":{"line":47,"column":27},"end":{"line":47,"column":36}}]},"2":{"loc":{"start":{"line":47,"column":15},"end":{"line":47,"column":29}},"type":"binary-expr","locations":[{"start":{"line":47,"column":15},"end":{"line":47,"column":29}},{"start":{"line":47,"column":27},"end":{"line":47,"column":29}}]}},"s":{"0":0,"1":0,"2":0,"3":0,"4":0,"5":0,"6":0,"7":0,"8":0,"9":0,"10":0,"11":0,"12":0,"13":0,"14":0,"15":0,"16":0,"17":0,"18":0},"f":{"0":0,"1":0},"b":{"0":[0,0],"1":[0,0],"2":[0,0]}}
,"/home/user/Code/fitematch/fitematch-site/src/components/auth/auth-only-route.tsx": {"path":"/home/user/Code/fitematch/fitematch-site/src/components/auth/auth-only-route.tsx","statementMap":{"0":{"start":{"line":13,"column":0},"end":{"line":13,"column":16}},"1":{"start":{"line":3,"column":0},"end":{"line":3,"column":45}},"2":{"start":{"line":4,"column":0},"end":{"line":4,"column":44}},"3":{"start":{"line":5,"column":0},"end":{"line":5,"column":44}},"4":{"start":{"line":6,"column":0},"end":{"line":6,"column":43}},"5":{"start":{"line":7,"column":0},"end":{"line":7,"column":59}},"6":{"start":{"line":14,"column":17},"end":{"line":14,"column":28}},"7":{"start":{"line":15,"column":41},"end":{"line":15,"column":50}},"8":{"start":{"line":17,"column":2},"end":{"line":21,"column":43}},"9":{"start":{"line":18,"column":4},"end":{"line":20,"column":5}},"10":{"start":{"line":19,"column":6},"end":{"line":19,"column":31}},"11":{"start":{"line":23,"column":2},"end":{"line":25,"column":3}},"12":{"start":{"line":24,"column":4},"end":{"line":24,"column":27}},"13":{"start":{"line":27,"column":2},"end":{"line":29,"column":3}},"14":{"start":{"line":28,"column":4},"end":{"line":28,"column":16}},"15":{"start":{"line":31,"column":2},"end":{"line":31,"column":25}}},"fnMap":{"0":{"name":"AuthOnlyRoute","decl":{"start":{"line":13,"column":16},"end":{"line":13,"column":29}},"loc":{"start":{"line":13,"column":62},"end":{"line":32,"column":1}}},"1":{"name":"(anonymous_1)","decl":{"start":{"line":17,"column":12},"end":{"line":17,"column":15}},"loc":{"start":{"line":17,"column":17},"end":{"line":21,"column":3}}}},"branchMap":{"0":{"loc":{"start":{"line":18,"column":4},"end":{"line":20,"column":5}},"type":"if","locations":[{"start":{"line":18,"column":4},"end":{"line":20,"column":5}},{"start":{},"end":{}}]},"1":{"loc":{"start":{"line":18,"column":8},"end":{"line":18,"column":37}},"type":"binary-expr","locations":[{"start":{"line":18,"column":8},"end":{"line":18,"column":18}},{"start":{"line":18,"column":22},"end":{"line":18,"column":37}}]},"2":{"loc":{"start":{"line":23,"column":2},"end":{"line":25,"column":3}},"type":"if","locations":[{"start":{"line":23,"column":2},"end":{"line":25,"column":3}},{"start":{},"end":{}}]},"3":{"loc":{"start":{"line":27,"column":2},"end":{"line":29,"column":3}},"type":"if","locations":[{"start":{"line":27,"column":2},"end":{"line":29,"column":3}},{"start":{},"end":{}}]}},"s":{"0":0,"1":0,"2":0,"3":0,"4":0,"5":0,"6":0,"7":0,"8":0,"9":0,"10":0,"11":0,"12":0,"13":0,"14":0,"15":0},"f":{"0":0,"1":0},"b":{"0":[0,0],"1":[0,0],"2":[0,0],"3":[0,0]}}
,"/home/user/Code/fitematch/fitematch-site/src/components/auth/privacy-policy-modal.tsx": {"path":"/home/user/Code/fitematch/fitematch-site/src/components/auth/privacy-policy-modal.tsx","statementMap":{"0":{"start":{"line":11,"column":0},"end":{"line":11,"column":16}},"1":{"start":{"line":1,"column":0},"end":{"line":1,"column":54}},"2":{"start":{"line":2,"column":0},"end":{"line":2,"column":48}},"3":{"start":{"line":3,"column":0},"end":{"line":3,"column":81}},"4":{"start":{"line":4,"column":0},"end":{"line":4,"column":42}},"5":{"start":{"line":15,"column":2},"end":{"line":17,"column":3}},"6":{"start":{"line":16,"column":4},"end":{"line":16,"column":16}},"7":{"start":{"line":19,"column":2},"end":{"line":49,"column":4}}},"fnMap":{"0":{"name":"PrivacyPolicyModal","decl":{"start":{"line":11,"column":16},"end":{"line":11,"column":34}},"loc":{"start":{"line":14,"column":26},"end":{"line":50,"column":1}}}},"branchMap":{"0":{"loc":{"start":{"line":15,"column":2},"end":{"line":17,"column":3}},"type":"if","locations":[{"start":{"line":15,"column":2},"end":{"line":17,"column":3}},{"start":{},"end":{}}]}},"s":{"0":0,"1":0,"2":0,"3":0,"4":0,"5":0,"6":0,"7":0},"f":{"0":0},"b":{"0":[0,0]}}
,"/home/user/Code/fitematch/fitematch-site/src/components/auth/private-route.tsx": {"path":"/home/user/Code/fitematch/fitematch-site/src/components/auth/private-route.tsx","statementMap":{"0":{"start":{"line":13,"column":0},"end":{"line":13,"column":16}},"1":{"start":{"line":3,"column":0},"end":{"line":3,"column":45}},"2":{"start":{"line":4,"column":0},"end":{"line":4,"column":44}},"3":{"start":{"line":5,"column":0},"end":{"line":5,"column":44}},"4":{"start":{"line":6,"column":0},"end":{"line":6,"column":43}},"5":{"start":{"line":7,"column":0},"end":{"line":7,"column":59}},"6":{"start":{"line":14,"column":17},"end":{"line":14,"column":28}},"7":{"start":{"line":15,"column":41},"end":{"line":15,"column":50}},"8":{"start":{"line":17,"column":2},"end":{"line":21,"column":43}},"9":{"start":{"line":18,"column":4},"end":{"line":20,"column":5}},"10":{"start":{"line":19,"column":6},"end":{"line":19,"column":34}},"11":{"start":{"line":23,"column":2},"end":{"line":25,"column":3}},"12":{"start":{"line":24,"column":4},"end":{"line":24,"column":27}},"13":{"start":{"line":27,"column":2},"end":{"line":29,"column":3}},"14":{"start":{"line":28,"column":4},"end":{"line":28,"column":16}},"15":{"start":{"line":31,"column":2},"end":{"line":31,"column":25}}},"fnMap":{"0":{"name":"PrivateRoute","decl":{"start":{"line":13,"column":16},"end":{"line":13,"column":28}},"loc":{"start":{"line":13,"column":60},"end":{"line":32,"column":1}}},"1":{"name":"(anonymous_1)","decl":{"start":{"line":17,"column":12},"end":{"line":17,"column":15}},"loc":{"start":{"line":17,"column":17},"end":{"line":21,"column":3}}}},"branchMap":{"0":{"loc":{"start":{"line":18,"column":4},"end":{"line":20,"column":5}},"type":"if","locations":[{"start":{"line":18,"column":4},"end":{"line":20,"column":5}},{"start":{},"end":{}}]},"1":{"loc":{"start":{"line":18,"column":8},"end":{"line":18,"column":38}},"type":"binary-expr","locations":[{"start":{"line":18,"column":8},"end":{"line":18,"column":18}},{"start":{"line":18,"column":22},"end":{"line":18,"column":38}}]},"2":{"loc":{"start":{"line":23,"column":2},"end":{"line":25,"column":3}},"type":"if","locations":[{"start":{"line":23,"column":2},"end":{"line":25,"column":3}},{"start":{},"end":{}}]},"3":{"loc":{"start":{"line":27,"column":2},"end":{"line":29,"column":3}},"type":"if","locations":[{"start":{"line":27,"column":2},"end":{"line":29,"column":3}},{"start":{},"end":{}}]}},"s":{"0":0,"1":0,"2":0,"3":0,"4":0,"5":0,"6":0,"7":0,"8":0,"9":0,"10":0,"11":0,"12":0,"13":0,"14":0,"15":0},"f":{"0":0,"1":0},"b":{"0":[0,0],"1":[0,0],"2":[0,0],"3":[0,0]}}
,"/home/user/Code/fitematch/fitematch-site/src/components/auth/role-route.tsx": {"path":"/home/user/Code/fitematch/fitematch-site/src/components/auth/role-route.tsx","statementMap":{"0":{"start":{"line":16,"column":0},"end":{"line":16,"column":16}},"1":{"start":{"line":3,"column":0},"end":{"line":3,"column":45}},"2":{"start":{"line":4,"column":0},"end":{"line":4,"column":44}},"3":{"start":{"line":5,"column":0},"end":{"line":5,"column":44}},"4":{"start":{"line":6,"column":0},"end":{"line":6,"column":43}},"5":{"start":{"line":8,"column":0},"end":{"line":8,"column":59}},"6":{"start":{"line":21,"column":17},"end":{"line":21,"column":28}},"7":{"start":{"line":22,"column":47},"end":{"line":22,"column":56}},"8":{"start":{"line":25,"column":4},"end":{"line":25,"column":74}},"9":{"start":{"line":27,"column":2},"end":{"line":36,"column":71}},"10":{"start":{"line":28,"column":4},"end":{"line":31,"column":5}},"11":{"start":{"line":29,"column":6},"end":{"line":29,"column":34}},"12":{"start":{"line":30,"column":6},"end":{"line":30,"column":13}},"13":{"start":{"line":33,"column":4},"end":{"line":35,"column":5}},"14":{"start":{"line":34,"column":6},"end":{"line":34,"column":30}},"15":{"start":{"line":38,"column":2},"end":{"line":40,"column":3}},"16":{"start":{"line":39,"column":4},"end":{"line":39,"column":27}},"17":{"start":{"line":42,"column":2},"end":{"line":44,"column":3}},"18":{"start":{"line":43,"column":4},"end":{"line":43,"column":16}},"19":{"start":{"line":46,"column":2},"end":{"line":46,"column":25}}},"fnMap":{"0":{"name":"RoleRoute","decl":{"start":{"line":16,"column":16},"end":{"line":16,"column":25}},"loc":{"start":{"line":20,"column":17},"end":{"line":47,"column":1}}},"1":{"name":"(anonymous_1)","decl":{"start":{"line":27,"column":12},"end":{"line":27,"column":15}},"loc":{"start":{"line":27,"column":17},"end":{"line":36,"column":3}}}},"branchMap":{"0":{"loc":{"start":{"line":19,"column":2},"end":{"line":19,"column":29}},"type":"default-arg","locations":[{"start":{"line":19,"column":15},"end":{"line":19,"column":29}}]},"1":{"loc":{"start":{"line":25,"column":4},"end":{"line":25,"column":74}},"type":"binary-expr","locations":[{"start":{"line":25,"column":4},"end":{"line":25,"column":30}},{"start":{"line":25,"column":34},"end":{"line":25,"column":74}}]},"2":{"loc":{"start":{"line":25,"column":12},"end":{"line":25,"column":29}},"type":"cond-expr","locations":[{"start":{"line":25,"column":16},"end":{"line":25,"column":18}},{"start":{"line":25,"column":12},"end":{"line":25,"column":29}}]},"3":{"loc":{"start":{"line":25,"column":12},"end":{"line":25,"column":18}},"type":"binary-expr","locations":[{"start":{"line":25,"column":12},"end":{"line":25,"column":18}},{"start":{"line":25,"column":12},"end":{"line":25,"column":18}}]},"4":{"loc":{"start":{"line":28,"column":4},"end":{"line":31,"column":5}},"type":"if","locations":[{"start":{"line":28,"column":4},"end":{"line":31,"column":5}},{"start":{},"end":{}}]},"5":{"loc":{"start":{"line":28,"column":8},"end":{"line":28,"column":38}},"type":"binary-expr","locations":[{"start":{"line":28,"column":8},"end":{"line":28,"column":18}},{"start":{"line":28,"column":22},"end":{"line":28,"column":38}}]},"6":{"loc":{"start":{"line":33,"column":4},"end":{"line":35,"column":5}},"type":"if","locations":[{"start":{"line":33,"column":4},"end":{"line":35,"column":5}},{"start":{},"end":{}}]},"7":{"loc":{"start":{"line":33,"column":8},"end":{"line":33,"column":56}},"type":"binary-expr","locations":[{"start":{"line":33,"column":8},"end":{"line":33,"column":18}},{"start":{"line":33,"column":22},"end":{"line":33,"column":37}},{"start":{"line":33,"column":41},"end":{"line":33,"column":56}}]},"8":{"loc":{"start":{"line":38,"column":2},"end":{"line":40,"column":3}},"type":"if","locations":[{"start":{"line":38,"column":2},"end":{"line":40,"column":3}},{"start":{},"end":{}}]},"9":{"loc":{"start":{"line":42,"column":2},"end":{"line":44,"column":3}},"type":"if","locations":[{"start":{"line":42,"column":2},"end":{"line":44,"column":3}},{"start":{},"end":{}}]},"10":{"loc":{"start":{"line":42,"column":6},"end":{"line":42,"column":41}},"type":"binary-expr","locations":[{"start":{"line":42,"column":6},"end":{"line":42,"column":22}},{"start":{"line":42,"column":26},"end":{"line":42,"column":41}}]}},"s":{"0":0,"1":0,"2":0,"3":0,"4":0,"5":0,"6":0,"7":0,"8":0,"9":0,"10":0,"11":0,"12":0,"13":0,"14":0,"15":0,"16":0,"17":0,"18":0,"19":0},"f":{"0":0,"1":0},"b":{"0":[0],"1":[0,0],"2":[0,0],"3":[0,0],"4":[0,0],"5":[0,0],"6":[0,0],"7":[0,0,0],"8":[0,0],"9":[0,0],"10":[0,0]}}
,"/home/user/Code/fitematch/fitematch-site/src/components/auth/sign-in-form.tsx": {"path":"/home/user/Code/fitematch/fitematch-site/src/components/auth/sign-in-form.tsx","statementMap":{"0":{"start":{"line":14,"column":0},"end":{"line":14,"column":16}},"1":{"start":{"line":3,"column":0},"end":{"line":3,"column":42}},"2":{"start":{"line":4,"column":0},"end":{"line":4,"column":44}},"3":{"start":{"line":5,"column":0},"end":{"line":5,"column":65}},"4":{"start":{"line":6,"column":0},"end":{"line":6,"column":48}},"5":{"start":{"line":7,"column":0},"end":{"line":7,"column":46}},"6":{"start":{"line":8,"column":0},"end":{"line":8,"column":74}},"7":{"start":{"line":10,"column":0},"end":{"line":10,"column":67}},"8":{"start":{"line":11,"column":0},"end":{"line":11,"column":43}},"9":{"start":{"line":12,"column":0},"end":{"line":12,"column":44}},"10":{"start":{"line":15,"column":17},"end":{"line":15,"column":28}},"11":{"start":{"line":16,"column":21},"end":{"line":16,"column":30}},"12":{"start":{"line":17,"column":51},"end":{"line":17,"column":68}},"13":{"start":{"line":23,"column":6},"end":{"line":23,"column":30}},"14":{"start":{"line":26,"column":4},"end":{"line":32,"column":5}},"15":{"start":{"line":27,"column":6},"end":{"line":27,"column":25}},"16":{"start":{"line":28,"column":6},"end":{"line":28,"column":50}},"17":{"start":{"line":29,"column":6},"end":{"line":29,"column":31}},"18":{"start":{"line":31,"column":6},"end":{"line":31,"column":52}},"19":{"start":{"line":35,"column":2},"end":{"line":70,"column":4}}},"fnMap":{"0":{"name":"SignInForm","decl":{"start":{"line":14,"column":16},"end":{"line":14,"column":26}},"loc":{"start":{"line":14,"column":26},"end":{"line":71,"column":1}}},"1":{"name":"onSubmit","decl":{"start":{"line":25,"column":17},"end":{"line":25,"column":25}},"loc":{"start":{"line":25,"column":45},"end":{"line":33,"column":3}}}},"branchMap":{"0":{"loc":{"start":{"line":37,"column":7},"end":{"line":41,"column":null}},"type":"binary-expr","locations":[{"start":{"line":37,"column":7},"end":{"line":37,"column":19}},{"start":{"line":38,"column":8},"end":{"line":40,"column":null}}]},"1":{"loc":{"start":{"line":48,"column":15},"end":{"line":48,"column":36}},"type":"cond-expr","locations":[{"start":{"line":48,"column":27},"end":{"line":48,"column":29}},{"start":{"line":48,"column":27},"end":{"line":48,"column":36}}]},"2":{"loc":{"start":{"line":48,"column":15},"end":{"line":48,"column":29}},"type":"binary-expr","locations":[{"start":{"line":48,"column":15},"end":{"line":48,"column":29}},{"start":{"line":48,"column":27},"end":{"line":48,"column":29}}]},"3":{"loc":{"start":{"line":56,"column":15},"end":{"line":56,"column":39}},"type":"cond-expr","locations":[{"start":{"line":56,"column":30},"end":{"line":56,"column":32}},{"start":{"line":56,"column":30},"end":{"line":56,"column":39}}]},"4":{"loc":{"start":{"line":56,"column":15},"end":{"line":56,"column":32}},"type":"binary-expr","locations":[{"start":{"line":56,"column":15},"end":{"line":56,"column":32}},{"start":{"line":56,"column":30},"end":{"line":56,"column":32}}]}},"s":{"0":0,"1":0,"2":0,"3":0,"4":0,"5":0,"6":0,"7":0,"8":0,"9":0,"10":0,"11":0,"12":0,"13":0,"14":0,"15":0,"16":0,"17":0,"18":0,"19":0},"f":{"0":0,"1":0},"b":{"0":[0,0],"1":[0,0],"2":[0,0],"3":[0,0],"4":[0,0]}}
,"/home/user/Code/fitematch/fitematch-site/src/components/auth/sign-up-form.tsx": {"path":"/home/user/Code/fitematch/fitematch-site/src/components/auth/sign-up-form.tsx","statementMap":{"0":{"start":{"line":32,"column":0},"end":{"line":32,"column":16}},"1":{"start":{"line":3,"column":0},"end":{"line":3,"column":33}},"2":{"start":{"line":4,"column":0},"end":{"line":4,"column":52}},"3":{"start":{"line":5,"column":0},"end":{"line":5,"column":null}},"4":{"start":{"line":15,"column":0},"end":{"line":15,"column":49}},"5":{"start":{"line":16,"column":0},"end":{"line":16,"column":48}},"6":{"start":{"line":17,"column":0},"end":{"line":17,"column":46}},"7":{"start":{"line":18,"column":0},"end":{"line":18,"column":74}},"8":{"start":{"line":19,"column":0},"end":{"line":19,"column":59}},"9":{"start":{"line":21,"column":0},"end":{"line":21,"column":63}},"10":{"start":{"line":22,"column":0},"end":{"line":22,"column":67}},"11":{"start":{"line":23,"column":0},"end":{"line":23,"column":55}},"12":{"start":{"line":24,"column":0},"end":{"line":24,"column":60}},"13":{"start":{"line":25,"column":0},"end":{"line":25,"column":42}},"14":{"start":{"line":33,"column":51},"end":{"line":33,"column":68}},"15":{"start":{"line":34,"column":40},"end":{"line":34,"column":55}},"16":{"start":{"line":35,"column":44},"end":{"line":35,"column":59}},"17":{"start":{"line":42,"column":6},"end":{"line":48,"column":4}},"18":{"start":{"line":51,"column":35},"end":{"line":57,"column":6}},"19":{"start":{"line":59,"column":4},"end":{"line":64,"column":5}},"20":{"start":{"line":60,"column":6},"end":{"line":60,"column":40}},"21":{"start":{"line":61,"column":6},"end":{"line":61,"column":47}},"22":{"start":{"line":63,"column":6},"end":{"line":63,"column":53}},"23":{"start":{"line":67,"column":23},"end":{"line":70,"column":4}},"24":{"start":{"line":72,"column":2},"end":{"line":221,"column":4}},"25":{"start":{"line":91,"column":33},"end":{"line":91,"column":55}},"26":{"start":{"line":92,"column":36},"end":{"line":92,"column":77}},"27":{"start":{"line":94,"column":14},"end":{"line":139,"column":16}},"28":{"start":{"line":188,"column":49},"end":{"line":188,"column":69}},"29":{"start":{"line":201,"column":49},"end":{"line":201,"column":71}},"30":{"start":{"line":218,"column":59},"end":{"line":218,"column":80}},"31":{"start":{"line":219,"column":64},"end":{"line":219,"column":87}}},"fnMap":{"0":{"name":"SignUpForm","decl":{"start":{"line":32,"column":16},"end":{"line":32,"column":26}},"loc":{"start":{"line":32,"column":26},"end":{"line":222,"column":1}}},"1":{"name":"onSubmit","decl":{"start":{"line":50,"column":17},"end":{"line":50,"column":25}},"loc":{"start":{"line":50,"column":48},"end":{"line":65,"column":3}}},"2":{"name":"(anonymous_2)","decl":{"start":{"line":90,"column":18},"end":{"line":90,"column":19}},"loc":{"start":{"line":90,"column":68},"end":{"line":140,"column":13}}},"3":{"name":"(anonymous_3)","decl":{"start":{"line":188,"column":43},"end":{"line":188,"column":46}},"loc":{"start":{"line":188,"column":49},"end":{"line":188,"column":69}}},"4":{"name":"(anonymous_4)","decl":{"start":{"line":201,"column":43},"end":{"line":201,"column":46}},"loc":{"start":{"line":201,"column":49},"end":{"line":201,"column":71}}},"5":{"name":"(anonymous_5)","decl":{"start":{"line":218,"column":53},"end":{"line":218,"column":56}},"loc":{"start":{"line":218,"column":59},"end":{"line":218,"column":80}}},"6":{"name":"(anonymous_6)","decl":{"start":{"line":219,"column":58},"end":{"line":219,"column":61}},"loc":{"start":{"line":219,"column":64},"end":{"line":219,"column":87}}}},"branchMap":{"0":{"loc":{"start":{"line":92,"column":36},"end":{"line":92,"column":77}},"type":"cond-expr","locations":[{"start":{"line":92,"column":49},"end":{"line":92,"column":63}},{"start":{"line":92,"column":66},"end":{"line":92,"column":77}}]},"1":{"loc":{"start":{"line":98,"column":20},"end":{"line":100,"column":null}},"type":"cond-expr","locations":[{"start":{"line":99,"column":24},"end":{"line":99,"column":56}},{"start":{"line":100,"column":24},"end":{"line":100,"column":null}}]},"2":{"loc":{"start":{"line":112,"column":22},"end":{"line":112,"column":null}},"type":"cond-expr","locations":[{"start":{"line":112,"column":35},"end":{"line":112,"column":50}},{"start":{"line":112,"column":53},"end":{"line":112,"column":null}}]},"3":{"loc":{"start":{"line":121,"column":24},"end":{"line":123,"column":null}},"type":"cond-expr","locations":[{"start":{"line":122,"column":28},"end":{"line":122,"column":68}},{"start":{"line":123,"column":28},"end":{"line":123,"column":null}}]},"4":{"loc":{"start":{"line":130,"column":61},"end":{"line":130,"column":107}},"type":"cond-expr","locations":[{"start":{"line":130,"column":74},"end":{"line":130,"column":89}},{"start":{"line":130,"column":92},"end":{"line":130,"column":107}}]},"5":{"loc":{"start":{"line":133,"column":63},"end":{"line":133,"column":109}},"type":"cond-expr","locations":[{"start":{"line":133,"column":76},"end":{"line":133,"column":91}},{"start":{"line":133,"column":94},"end":{"line":133,"column":109}}]},"6":{"loc":{"start":{"line":147,"column":17},"end":{"line":147,"column":37}},"type":"cond-expr","locations":[{"start":{"line":147,"column":28},"end":{"line":147,"column":30}},{"start":{"line":147,"column":28},"end":{"line":147,"column":37}}]},"7":{"loc":{"start":{"line":147,"column":17},"end":{"line":147,"column":30}},"type":"binary-expr","locations":[{"start":{"line":147,"column":17},"end":{"line":147,"column":30}},{"start":{"line":147,"column":28},"end":{"line":147,"column":30}}]},"8":{"loc":{"start":{"line":151,"column":9},"end":{"line":155,"column":null}},"type":"binary-expr","locations":[{"start":{"line":151,"column":9},"end":{"line":151,"column":21}},{"start":{"line":152,"column":10},"end":{"line":154,"column":null}}]},"9":{"loc":{"start":{"line":162,"column":17},"end":{"line":162,"column":38}},"type":"cond-expr","locations":[{"start":{"line":162,"column":29},"end":{"line":162,"column":31}},{"start":{"line":162,"column":29},"end":{"line":162,"column":38}}]},"10":{"loc":{"start":{"line":162,"column":17},"end":{"line":162,"column":31}},"type":"binary-expr","locations":[{"start":{"line":162,"column":17},"end":{"line":162,"column":31}},{"start":{"line":162,"column":29},"end":{"line":162,"column":31}}]},"11":{"loc":{"start":{"line":170,"column":17},"end":{"line":170,"column":41}},"type":"cond-expr","locations":[{"start":{"line":170,"column":32},"end":{"line":170,"column":34}},{"start":{"line":170,"column":32},"end":{"line":170,"column":41}}]},"12":{"loc":{"start":{"line":170,"column":17},"end":{"line":170,"column":34}},"type":"binary-expr","locations":[{"start":{"line":170,"column":17},"end":{"line":170,"column":34}},{"start":{"line":170,"column":32},"end":{"line":170,"column":34}}]},"13":{"loc":{"start":{"line":177,"column":17},"end":{"line":177,"column":41}},"type":"cond-expr","locations":[{"start":{"line":177,"column":32},"end":{"line":177,"column":34}},{"start":{"line":177,"column":32},"end":{"line":177,"column":41}}]},"14":{"loc":{"start":{"line":177,"column":17},"end":{"line":177,"column":34}},"type":"binary-expr","locations":[{"start":{"line":177,"column":17},"end":{"line":177,"column":34}},{"start":{"line":177,"column":32},"end":{"line":177,"column":34}}]}},"s":{"0":0,"1":0,"2":0,"3":0,"4":0,"5":0,"6":0,"7":0,"8":0,"9":0,"10":0,"11":0,"12":0,"13":0,"14":0,"15":0,"16":0,"17":0,"18":0,"19":0,"20":0,"21":0,"22":0,"23":0,"24":0,"25":0,"26":0,"27":0,"28":0,"29":0,"30":0,"31":0},"f":{"0":0,"1":0,"2":0,"3":0,"4":0,"5":0,"6":0},"b":{"0":[0,0],"1":[0,0],"2":[0,0],"3":[0,0],"4":[0,0],"5":[0,0],"6":[0,0],"7":[0,0],"8":[0,0],"9":[0,0],"10":[0,0],"11":[0,0],"12":[0,0],"13":[0,0],"14":[0,0]}}
,"/home/user/Code/fitematch/fitematch-site/src/components/auth/terms-of-use-modal.tsx": {"path":"/home/user/Code/fitematch/fitematch-site/src/components/auth/terms-of-use-modal.tsx","statementMap":{"0":{"start":{"line":11,"column":0},"end":{"line":11,"column":16}},"1":{"start":{"line":1,"column":0},"end":{"line":1,"column":57}},"2":{"start":{"line":2,"column":0},"end":{"line":2,"column":48}},"3":{"start":{"line":3,"column":0},"end":{"line":3,"column":76}},"4":{"start":{"line":4,"column":0},"end":{"line":4,"column":42}},"5":{"start":{"line":12,"column":2},"end":{"line":14,"column":3}},"6":{"start":{"line":13,"column":4},"end":{"line":13,"column":16}},"7":{"start":{"line":16,"column":2},"end":{"line":46,"column":4}}},"fnMap":{"0":{"name":"TermsOfUseModal","decl":{"start":{"line":11,"column":16},"end":{"line":11,"column":31}},"loc":{"start":{"line":11,"column":73},"end":{"line":47,"column":1}}}},"branchMap":{"0":{"loc":{"start":{"line":12,"column":2},"end":{"line":14,"column":3}},"type":"if","locations":[{"start":{"line":12,"column":2},"end":{"line":14,"column":3}},{"start":{},"end":{}}]}},"s":{"0":0,"1":0,"2":0,"3":0,"4":0,"5":0,"6":0,"7":0},"f":{"0":0},"b":{"0":[0,0]}}
,"/home/user/Code/fitematch/fitematch-site/src/components/companies/company-request-form.tsx": {"path":"/home/user/Code/fitematch/fitematch-site/src/components/companies/company-request-form.tsx","statementMap":{"0":{"start":{"line":11,"column":0},"end":{"line":11,"column":16}},"1":{"start":{"line":3,"column":0},"end":{"line":3,"column":42}},"2":{"start":{"line":4,"column":0},"end":{"line":4,"column":82}},"3":{"start":{"line":5,"column":0},"end":{"line":5,"column":48}},"4":{"start":{"line":6,"column":0},"end":{"line":6,"column":46}},"5":{"start":{"line":7,"column":0},"end":{"line":7,"column":68}},"6":{"start":{"line":9,"column":0},"end":{"line":9,"column":67}},"7":{"start":{"line":12,"column":37},"end":{"line":12,"column":54}},"8":{"start":{"line":18,"column":6},"end":{"line":18,"column":37}},"9":{"start":{"line":21,"column":4},"end":{"line":26,"column":5}},"10":{"start":{"line":22,"column":6},"end":{"line":22,"column":40}},"11":{"start":{"line":23,"column":6},"end":{"line":23,"column":63}},"12":{"start":{"line":25,"column":6},"end":{"line":25,"column":67}},"13":{"start":{"line":29,"column":2},"end":{"line":116,"column":4}}},"fnMap":{"0":{"name":"CompanyRequestForm","decl":{"start":{"line":11,"column":16},"end":{"line":11,"column":34}},"loc":{"start":{"line":11,"column":34},"end":{"line":117,"column":1}}},"1":{"name":"onSubmit","decl":{"start":{"line":20,"column":17},"end":{"line":20,"column":25}},"loc":{"start":{"line":20,"column":52},"end":{"line":27,"column":3}}}},"branchMap":{},"s":{"0":0,"1":0,"2":0,"3":0,"4":0,"5":0,"6":0,"7":0,"8":0,"9":0,"10":0,"11":0,"12":0,"13":0},"f":{"0":0,"1":0},"b":{}}
,"/home/user/Code/fitematch/fitematch-site/src/components/faq/faq-item.tsx": {"path":"/home/user/Code/fitematch/fitematch-site/src/components/faq/faq-item.tsx","statementMap":{"0":{"start":{"line":8,"column":0},"end":{"line":8,"column":16}},"1":{"start":{"line":1,"column":0},"end":{"line":1,"column":48}},"2":{"start":{"line":9,"column":2},"end":{"line":23,"column":4}}},"fnMap":{"0":{"name":"FaqItem","decl":{"start":{"line":8,"column":16},"end":{"line":8,"column":23}},"loc":{"start":{"line":8,"column":58},"end":{"line":24,"column":1}}}},"branchMap":{},"s":{"0":0,"1":0,"2":0},"f":{"0":0},"b":{}}
,"/home/user/Code/fitematch/fitematch-site/src/components/faq/faq-tabs.tsx": {"path":"/home/user/Code/fitematch/fitematch-site/src/components/faq/faq-tabs.tsx","statementMap":{"0":{"start":{"line":54,"column":0},"end":{"line":54,"column":16}},"1":{"start":{"line":3,"column":0},"end":{"line":3,"column":33}},"2":{"start":{"line":4,"column":0},"end":{"line":4,"column":52}},"3":{"start":{"line":5,"column":0},"end":{"line":5,"column":48}},"4":{"start":{"line":6,"column":0},"end":{"line":6,"column":37}},"5":{"start":{"line":8,"column":21},"end":{"line":29,"column":2}},"6":{"start":{"line":31,"column":21},"end":{"line":52,"column":2}},"7":{"start":{"line":55,"column":36},"end":{"line":56,"column":null}},"8":{"start":{"line":59,"column":16},"end":{"line":59,"column":71}},"9":{"start":{"line":61,"column":2},"end":{"line":93,"column":4}},"10":{"start":{"line":68,"column":25},"end":{"line":68,"column":50}},"11":{"start":{"line":77,"column":25},"end":{"line":77,"column":50}},"12":{"start":{"line":85,"column":10},"end":{"line":86,"column":null}}},"fnMap":{"0":{"name":"FaqTabs","decl":{"start":{"line":54,"column":16},"end":{"line":54,"column":23}},"loc":{"start":{"line":54,"column":23},"end":{"line":94,"column":1}}},"1":{"name":"(anonymous_1)","decl":{"start":{"line":68,"column":19},"end":{"line":68,"column":22}},"loc":{"start":{"line":68,"column":25},"end":{"line":68,"column":50}}},"2":{"name":"(anonymous_2)","decl":{"start":{"line":77,"column":19},"end":{"line":77,"column":22}},"loc":{"start":{"line":77,"column":25},"end":{"line":77,"column":50}}},"3":{"name":"(anonymous_3)","decl":{"start":{"line":84,"column":19},"end":{"line":84,"column":20}},"loc":{"start":{"line":85,"column":10},"end":{"line":86,"column":null}}}},"branchMap":{"0":{"loc":{"start":{"line":59,"column":16},"end":{"line":59,"column":71}},"type":"cond-expr","locations":[{"start":{"line":59,"column":44},"end":{"line":59,"column":56}},{"start":{"line":59,"column":59},"end":{"line":59,"column":71}}]},"1":{"loc":{"start":{"line":66,"column":17},"end":{"line":66,"column":69}},"type":"cond-expr","locations":[{"start":{"line":66,"column":45},"end":{"line":66,"column":59}},{"start":{"line":66,"column":62},"end":{"line":66,"column":69}}]},"2":{"loc":{"start":{"line":75,"column":17},"end":{"line":75,"column":69}},"type":"cond-expr","locations":[{"start":{"line":75,"column":45},"end":{"line":75,"column":59}},{"start":{"line":75,"column":62},"end":{"line":75,"column":69}}]}},"s":{"0":0,"1":0,"2":0,"3":0,"4":0,"5":0,"6":0,"7":0,"8":0,"9":0,"10":0,"11":0,"12":0},"f":{"0":0,"1":0,"2":0,"3":0},"b":{"0":[0,0],"1":[0,0],"2":[0,0]}}
,"/home/user/Code/fitematch/fitematch-site/src/components/form/phone-input.tsx": {"path":"/home/user/Code/fitematch/fitematch-site/src/components/form/phone-input.tsx","statementMap":{"0":{"start":{"line":30,"column":0},"end":{"line":30,"column":16}},"1":{"start":{"line":3,"column":0},"end":{"line":3,"column":null}},"2":{"start":{"line":11,"column":0},"end":{"line":11,"column":56}},"3":{"start":{"line":12,"column":0},"end":{"line":12,"column":69}},"4":{"start":{"line":13,"column":0},"end":{"line":13,"column":null}},"5":{"start":{"line":40,"column":51},"end":{"line":40,"column":72}},"6":{"start":{"line":41,"column":38},"end":{"line":41,"column":53}},"7":{"start":{"line":42,"column":22},"end":{"line":42,"column":57}},"8":{"start":{"line":44,"column":26},"end":{"line":49,"column":47}},"9":{"start":{"line":45,"column":4},"end":{"line":48,"column":6}},"10":{"start":{"line":46,"column":34},"end":{"line":46,"column":67}},"11":{"start":{"line":51,"column":25},"end":{"line":54,"column":null}},"12":{"start":{"line":58,"column":25},"end":{"line":58,"column":43}},"13":{"start":{"line":60,"column":4},"end":{"line":60,"column":34}},"14":{"start":{"line":63,"column":2},"end":{"line":75,"column":9}},"15":{"start":{"line":65,"column":6},"end":{"line":67,"column":7}},"16":{"start":{"line":66,"column":8},"end":{"line":66,"column":29}},"17":{"start":{"line":70,"column":4},"end":{"line":70,"column":62}},"18":{"start":{"line":72,"column":4},"end":{"line":74,"column":6}},"19":{"start":{"line":73,"column":6},"end":{"line":73,"column":67}},"20":{"start":{"line":78,"column":24},"end":{"line":80,"column":null}},"21":{"start":{"line":83,"column":4},"end":{"line":83,"column":32}},"22":{"start":{"line":87,"column":4},"end":{"line":87,"column":34}},"23":{"start":{"line":88,"column":4},"end":{"line":88,"column":25}},"24":{"start":{"line":92,"column":4},"end":{"line":95,"column":5}},"25":{"start":{"line":93,"column":6},"end":{"line":93,"column":29}},"26":{"start":{"line":94,"column":6},"end":{"line":94,"column":26}},"27":{"start":{"line":97,"column":4},"end":{"line":99,"column":5}},"28":{"start":{"line":98,"column":6},"end":{"line":98,"column":27}},"29":{"start":{"line":102,"column":2},"end":{"line":191,"column":4}},"30":{"start":{"line":112,"column":29},"end":{"line":112,"column":65}},"31":{"start":{"line":112,"column":56},"end":{"line":112,"column":64}},"32":{"start":{"line":132,"column":37},"end":{"line":132,"column":82}},"33":{"start":{"line":134,"column":18},"end":{"line":150,"column":20}},"34":{"start":{"line":140,"column":37},"end":{"line":140,"column":74}},"35":{"start":{"line":164,"column":16},"end":{"line":165,"column":null}}},"fnMap":{"0":{"name":"PhoneInput","decl":{"start":{"line":30,"column":16},"end":{"line":30,"column":26}},"loc":{"start":{"line":39,"column":18},"end":{"line":192,"column":1}}},"1":{"name":"(anonymous_1)","decl":{"start":{"line":44,"column":34},"end":{"line":44,"column":37}},"loc":{"start":{"line":44,"column":39},"end":{"line":49,"column":3}}},"2":{"name":"(anonymous_2)","decl":{"start":{"line":46,"column":21},"end":{"line":46,"column":22}},"loc":{"start":{"line":46,"column":34},"end":{"line":46,"column":67}}},"3":{"name":"handleCountryChange","decl":{"start":{"line":57,"column":11},"end":{"line":57,"column":30}},"loc":{"start":{"line":57,"column":68},"end":{"line":61,"column":3}}},"4":{"name":"(anonymous_4)","decl":{"start":{"line":63,"column":12},"end":{"line":63,"column":15}},"loc":{"start":{"line":63,"column":17},"end":{"line":75,"column":3}}},"5":{"name":"handlePointerDown","decl":{"start":{"line":64,"column":13},"end":{"line":64,"column":30}},"loc":{"start":{"line":64,"column":48},"end":{"line":68,"column":5}}},"6":{"name":"(anonymous_6)","decl":{"start":{"line":72,"column":11},"end":{"line":72,"column":14}},"loc":{"start":{"line":72,"column":16},"end":{"line":74,"column":5}}},"7":{"name":"handleNumberChange","decl":{"start":{"line":77,"column":11},"end":{"line":77,"column":29}},"loc":{"start":{"line":77,"column":66},"end":{"line":84,"column":3}}},"8":{"name":"handleCountrySelect","decl":{"start":{"line":86,"column":11},"end":{"line":86,"column":30}},"loc":{"start":{"line":86,"column":51},"end":{"line":89,"column":3}}},"9":{"name":"handleTriggerKeyDown","decl":{"start":{"line":91,"column":11},"end":{"line":91,"column":31}},"loc":{"start":{"line":91,"column":71},"end":{"line":100,"column":3}}},"10":{"name":"(anonymous_10)","decl":{"start":{"line":112,"column":23},"end":{"line":112,"column":26}},"loc":{"start":{"line":112,"column":29},"end":{"line":112,"column":65}}},"11":{"name":"(anonymous_11)","decl":{"start":{"line":112,"column":43},"end":{"line":112,"column":44}},"loc":{"start":{"line":112,"column":56},"end":{"line":112,"column":64}}},"12":{"name":"(anonymous_12)","decl":{"start":{"line":131,"column":31},"end":{"line":131,"column":32}},"loc":{"start":{"line":131,"column":43},"end":{"line":151,"column":17}}},"13":{"name":"(anonymous_13)","decl":{"start":{"line":140,"column":31},"end":{"line":140,"column":34}},"loc":{"start":{"line":140,"column":37},"end":{"line":140,"column":74}}},"14":{"name":"(anonymous_14)","decl":{"start":{"line":163,"column":29},"end":{"line":163,"column":30}},"loc":{"start":{"line":164,"column":16},"end":{"line":165,"column":null}}}},"branchMap":{"0":{"loc":{"start":{"line":31,"column":2},"end":{"line":31,"column":22}},"type":"default-arg","locations":[{"start":{"line":31,"column":17},"end":{"line":31,"column":22}}]},"1":{"loc":{"start":{"line":32,"column":2},"end":{"line":32,"column":18}},"type":"default-arg","locations":[{"start":{"line":32,"column":16},"end":{"line":32,"column":18}}]},"2":{"loc":{"start":{"line":36,"column":2},"end":{"line":36,"column":18}},"type":"default-arg","locations":[{"start":{"line":36,"column":13},"end":{"line":36,"column":18}}]},"3":{"loc":{"start":{"line":37,"column":2},"end":{"line":37,"column":16}},"type":"default-arg","locations":[{"start":{"line":37,"column":14},"end":{"line":37,"column":16}}]},"4":{"loc":{"start":{"line":38,"column":2},"end":{"line":38,"column":34}},"type":"default-arg","locations":[{"start":{"line":38,"column":19},"end":{"line":38,"column":34}}]},"5":{"loc":{"start":{"line":46,"column":6},"end":{"line":47,"column":20}},"type":"binary-expr","locations":[{"start":{"line":46,"column":6},"end":{"line":46,"column":68}},{"start":{"line":47,"column":6},"end":{"line":47,"column":20}}]},"6":{"loc":{"start":{"line":65,"column":6},"end":{"line":67,"column":7}},"type":"if","locations":[{"start":{"line":65,"column":6},"end":{"line":67,"column":7}},{"start":{},"end":{}}]},"7":{"loc":{"start":{"line":65,"column":11},"end":{"line":65,"column":62}},"type":"cond-expr","locations":[{"start":{"line":65,"column":30},"end":{"line":65,"column":32}},{"start":{"line":65,"column":30},"end":{"line":65,"column":62}}]},"8":{"loc":{"start":{"line":65,"column":11},"end":{"line":65,"column":32}},"type":"binary-expr","locations":[{"start":{"line":65,"column":11},"end":{"line":65,"column":32}},{"start":{"line":65,"column":30},"end":{"line":65,"column":32}}]},"9":{"loc":{"start":{"line":92,"column":4},"end":{"line":95,"column":5}},"type":"if","locations":[{"start":{"line":92,"column":4},"end":{"line":95,"column":5}},{"start":{},"end":{}}]},"10":{"loc":{"start":{"line":92,"column":8},"end":{"line":92,"column":79}},"type":"binary-expr","locations":[{"start":{"line":92,"column":8},"end":{"line":92,"column":33}},{"start":{"line":92,"column":37},"end":{"line":92,"column":58}},{"start":{"line":92,"column":62},"end":{"line":92,"column":79}}]},"11":{"loc":{"start":{"line":97,"column":4},"end":{"line":99,"column":5}},"type":"if","locations":[{"start":{"line":97,"column":4},"end":{"line":99,"column":5}},{"start":{},"end":{}}]},"12":{"loc":{"start":{"line":114,"column":24},"end":{"line":114,"column":45}},"type":"binary-expr","locations":[{"start":{"line":114,"column":24},"end":{"line":114,"column":32}},{"start":{"line":114,"column":36},"end":{"line":114,"column":45}}]},"13":{"loc":{"start":{"line":125,"column":13},"end":{"line":153,"column":20}},"type":"cond-expr","locations":[{"start":{"line":126,"column":14},"end":{"line":151,"column":null}},{"start":{"line":153,"column":16},"end":{"line":153,"column":20}}]},"14":{"loc":{"start":{"line":125,"column":13},"end":{"line":125,"column":51}},"type":"binary-expr","locations":[{"start":{"line":125,"column":13},"end":{"line":125,"column":23}},{"start":{"line":125,"column":27},"end":{"line":125,"column":51}}]},"15":{"loc":{"start":{"line":125,"column":29},"end":{"line":125,"column":50}},"type":"binary-expr","locations":[{"start":{"line":125,"column":29},"end":{"line":125,"column":37}},{"start":{"line":125,"column":41},"end":{"line":125,"column":50}}]},"16":{"loc":{"start":{"line":146,"column":23},"end":{"line":148,"column":30}},"type":"cond-expr","locations":[{"start":{"line":147,"column":24},"end":{"line":147,"column":74}},{"start":{"line":148,"column":26},"end":{"line":148,"column":30}}]},"17":{"loc":{"start":{"line":158,"column":24},"end":{"line":158,"column":45}},"type":"binary-expr","locations":[{"start":{"line":158,"column":24},"end":{"line":158,"column":32}},{"start":{"line":158,"column":36},"end":{"line":158,"column":45}}]},"18":{"loc":{"start":{"line":189,"column":7},"end":{"line":189,"column":68}},"type":"binary-expr","locations":[{"start":{"line":189,"column":7},"end":{"line":189,"column":12}},{"start":{"line":189,"column":16},"end":{"line":189,"column":68}}]}},"s":{"0":2,"1":2,"2":2,"3":2,"4":2,"5":153,"6":153,"7":153,"8":153,"9":153,"10":219,"11":153,"12":2,"13":2,"14":153,"15":20,"16":17,"17":15,"18":15,"19":15,"20":33,"21":33,"22":1,"23":1,"24":2,"25":1,"26":1,"27":2,"28":1,"29":153,"30":2,"31":2,"32":6,"33":6,"34":1,"35":306},"f":{"0":153,"1":153,"2":219,"3":2,"4":15,"5":20,"6":15,"7":33,"8":1,"9":2,"10":2,"11":2,"12":6,"13":1,"14":306},"b":{"0":[0],"1":[0],"2":[152],"3":[153],"4":[13],"5":[153,0],"6":[17,3],"7":[0,20],"8":[20,20],"9":[1,1],"10":[2,2,1],"11":[1,1],"12":[153,152],"13":[3,150],"14":[153,3],"15":[3,3],"16":[3,3],"17":[153,152],"18":[153,28]}}
,"/home/user/Code/fitematch/fitematch-site/src/components/home/companies-section.tsx": {"path":"/home/user/Code/fitematch/fitematch-site/src/components/home/companies-section.tsx","statementMap":{"0":{"start":{"line":11,"column":0},"end":{"line":11,"column":16}},"1":{"start":{"line":3,"column":0},"end":{"line":3,"column":31}},"2":{"start":{"line":4,"column":0},"end":{"line":4,"column":44}},"3":{"start":{"line":5,"column":0},"end":{"line":5,"column":66}},"4":{"start":{"line":6,"column":0},"end":{"line":6,"column":61}},"5":{"start":{"line":7,"column":0},"end":{"line":7,"column":52}},"6":{"start":{"line":8,"column":0},"end":{"line":8,"column":46}},"7":{"start":{"line":9,"column":0},"end":{"line":9,"column":50}},"8":{"start":{"line":12,"column":42},"end":{"line":12,"column":62}},"9":{"start":{"line":14,"column":2},"end":{"line":16,"column":3}},"10":{"start":{"line":15,"column":4},"end":{"line":15,"column":16}},"11":{"start":{"line":18,"column":2},"end":{"line":65,"column":4}},"12":{"start":{"line":30,"column":16},"end":{"line":30,"column":38}},"13":{"start":{"line":39,"column":49},"end":{"line":59,"column":16}}},"fnMap":{"0":{"name":"CompaniesSection","decl":{"start":{"line":11,"column":16},"end":{"line":11,"column":32}},"loc":{"start":{"line":11,"column":32},"end":{"line":66,"column":1}}},"1":{"name":"(anonymous_2)","decl":{"start":{"line":29,"column":45},"end":{"line":29,"column":46}},"loc":{"start":{"line":30,"column":16},"end":{"line":30,"column":38}}},"2":{"name":"(anonymous_3)","decl":{"start":{"line":39,"column":29},"end":{"line":39,"column":30}},"loc":{"start":{"line":39,"column":48},"end":{"line":59,"column":16}}}},"branchMap":{"0":{"loc":{"start":{"line":14,"column":2},"end":{"line":16,"column":3}},"type":"if","locations":[{"start":{"line":14,"column":2},"end":{"line":16,"column":3}},{"start":{},"end":{}}]},"1":{"loc":{"start":{"line":14,"column":6},"end":{"line":14,"column":52}},"type":"binary-expr","locations":[{"start":{"line":14,"column":6},"end":{"line":14,"column":16}},{"start":{"line":14,"column":20},"end":{"line":14,"column":26}},{"start":{"line":14,"column":30},"end":{"line":14,"column":52}}]},"2":{"loc":{"start":{"line":27,"column":11},"end":{"line":32,"column":null}},"type":"binary-expr","locations":[{"start":{"line":27,"column":11},"end":{"line":27,"column":20}},{"start":{"line":28,"column":12},"end":{"line":31,"column":null}}]},"3":{"loc":{"start":{"line":35,"column":11},"end":{"line":35,"column":58}},"type":"binary-expr","locations":[{"start":{"line":35,"column":11},"end":{"line":35,"column":16}},{"start":{"line":35,"column":20},"end":{"line":35,"column":58}}]},"4":{"loc":{"start":{"line":37,"column":11},"end":{"line":60,"column":null}},"type":"binary-expr","locations":[{"start":{"line":37,"column":11},"end":{"line":37,"column":21}},{"start":{"line":37,"column":25},"end":{"line":37,"column":31}},{"start":{"line":37,"column":35},"end":{"line":37,"column":55}},{"start":{"line":38,"column":12},"end":{"line":59,"column":null}}]},"5":{"loc":{"start":{"line":44,"column":19},"end":{"line":56,"column":null}},"type":"cond-expr","locations":[{"start":{"line":45,"column":20},"end":{"line":51,"column":null}},{"start":{"line":54,"column":20},"end":{"line":55,"column":null}}]},"6":{"loc":{"start":{"line":44,"column":19},"end":{"line":44,"column":41}},"type":"cond-expr","locations":[{"start":{"line":44,"column":32},"end":{"line":44,"column":34}},{"start":{"line":44,"column":32},"end":{"line":44,"column":41}}]},"7":{"loc":{"start":{"line":44,"column":19},"end":{"line":44,"column":34}},"type":"binary-expr","locations":[{"start":{"line":44,"column":19},"end":{"line":44,"column":34}},{"start":{"line":44,"column":32},"end":{"line":44,"column":34}}]},"8":{"loc":{"start":{"line":41,"column":23},"end":{"line":41,"column":85}},"type":"binary-expr","locations":[{"start":{"line":41,"column":23},"end":{"line":41,"column":34}},{"start":{"line":41,"column":38},"end":{"line":41,"column":50}},{"start":{"line":41,"column":54},"end":{"line":41,"column":85}}]}},"s":{"0":0,"1":0,"2":0,"3":0,"4":0,"5":0,"6":0,"7":0,"8":0,"9":0,"10":0,"11":0,"12":0,"13":0},"f":{"0":0,"1":0,"2":0},"b":{"0":[0,0],"1":[0,0,0],"2":[0,0],"3":[0,0],"4":[0,0,0,0],"5":[0,0],"6":[0,0],"7":[0,0],"8":[0,0,0]}}
,"/home/user/Code/fitematch/fitematch-site/src/components/home/featured-jobs-section.tsx": {"path":"/home/user/Code/fitematch/fitematch-site/src/components/home/featured-jobs-section.tsx","statementMap":{"0":{"start":{"line":16,"column":0},"end":{"line":16,"column":16}},"1":{"start":{"line":3,"column":0},"end":{"line":3,"column":44}},"2":{"start":{"line":4,"column":0},"end":{"line":4,"column":29}},"3":{"start":{"line":5,"column":0},"end":{"line":5,"column":46}},"4":{"start":{"line":6,"column":0},"end":{"line":6,"column":53}},"5":{"start":{"line":7,"column":0},"end":{"line":7,"column":48}},"6":{"start":{"line":8,"column":0},"end":{"line":8,"column":44}},"7":{"start":{"line":9,"column":0},"end":{"line":9,"column":43}},"8":{"start":{"line":10,"column":0},"end":{"line":10,"column":66}},"9":{"start":{"line":11,"column":0},"end":{"line":11,"column":52}},"10":{"start":{"line":12,"column":0},"end":{"line":12,"column":61}},"11":{"start":{"line":13,"column":0},"end":{"line":13,"column":46}},"12":{"start":{"line":14,"column":0},"end":{"line":14,"column":53}},"13":{"start":{"line":17,"column":37},"end":{"line":17,"column":46}},"14":{"start":{"line":22,"column":6},"end":{"line":22,"column":26}},"15":{"start":{"line":23,"column":38},"end":{"line":23,"column":49}},"16":{"start":{"line":24,"column":48},"end":{"line":24,"column":63}},"17":{"start":{"line":26,"column":24},"end":{"line":27,"column":null}},"18":{"start":{"line":27,"column":31},"end":{"line":27,"column":53}},"19":{"start":{"line":29,"column":23},"end":{"line":35,"column":8}},"20":{"start":{"line":32,"column":25},"end":{"line":32,"column":59}},"21":{"start":{"line":34,"column":8},"end":{"line":34,"column":30}},"22":{"start":{"line":37,"column":2},"end":{"line":59,"column":20}},"23":{"start":{"line":38,"column":4},"end":{"line":40,"column":5}},"24":{"start":{"line":39,"column":6},"end":{"line":39,"column":13}},"25":{"start":{"line":44,"column":23},"end":{"line":51,"column":13}},"26":{"start":{"line":45,"column":6},"end":{"line":45,"column":31}},"27":{"start":{"line":47,"column":6},"end":{"line":50,"column":14}},"28":{"start":{"line":48,"column":8},"end":{"line":48,"column":64}},"29":{"start":{"line":48,"column":35},"end":{"line":48,"column":62}},"30":{"start":{"line":49,"column":8},"end":{"line":49,"column":34}},"31":{"start":{"line":53,"column":4},"end":{"line":58,"column":6}},"32":{"start":{"line":54,"column":6},"end":{"line":54,"column":39}},"33":{"start":{"line":55,"column":6},"end":{"line":57,"column":7}},"34":{"start":{"line":56,"column":8},"end":{"line":56,"column":49}},"35":{"start":{"line":61,"column":2},"end":{"line":63,"column":3}},"36":{"start":{"line":62,"column":4},"end":{"line":62,"column":16}},"37":{"start":{"line":65,"column":2},"end":{"line":110,"column":4}},"38":{"start":{"line":84,"column":14},"end":{"line":84,"column":36}},"39":{"start":{"line":100,"column":14},"end":{"line":101,"column":null}}},"fnMap":{"0":{"name":"FeaturedJobsSection","decl":{"start":{"line":16,"column":16},"end":{"line":16,"column":35}},"loc":{"start":{"line":16,"column":35},"end":{"line":111,"column":1}}},"1":{"name":"(anonymous_2)","decl":{"start":{"line":27,"column":18},"end":{"line":27,"column":19}},"loc":{"start":{"line":27,"column":31},"end":{"line":27,"column":53}}},"2":{"name":"(anonymous_3)","decl":{"start":{"line":31,"column":32},"end":{"line":31,"column":33}},"loc":{"start":{"line":31,"column":45},"end":{"line":35,"column":7}}},"3":{"name":"(anonymous_4)","decl":{"start":{"line":37,"column":12},"end":{"line":37,"column":15}},"loc":{"start":{"line":37,"column":17},"end":{"line":59,"column":3}}},"4":{"name":"(anonymous_5)","decl":{"start":{"line":44,"column":42},"end":{"line":44,"column":45}},"loc":{"start":{"line":44,"column":47},"end":{"line":51,"column":5}}},"5":{"name":"(anonymous_6)","decl":{"start":{"line":47,"column":46},"end":{"line":47,"column":49}},"loc":{"start":{"line":47,"column":51},"end":{"line":50,"column":7}}},"6":{"name":"(anonymous_7)","decl":{"start":{"line":48,"column":22},"end":{"line":48,"column":23}},"loc":{"start":{"line":48,"column":35},"end":{"line":48,"column":62}}},"7":{"name":"(anonymous_8)","decl":{"start":{"line":53,"column":11},"end":{"line":53,"column":14}},"loc":{"start":{"line":53,"column":16},"end":{"line":58,"column":5}}},"8":{"name":"(anonymous_9)","decl":{"start":{"line":83,"column":43},"end":{"line":83,"column":44}},"loc":{"start":{"line":84,"column":14},"end":{"line":84,"column":36}}},"9":{"name":"(anonymous_10)","decl":{"start":{"line":99,"column":30},"end":{"line":99,"column":31}},"loc":{"start":{"line":100,"column":14},"end":{"line":101,"column":null}}}},"branchMap":{"0":{"loc":{"start":{"line":29,"column":23},"end":{"line":35,"column":8}},"type":"cond-expr","locations":[{"start":{"line":30,"column":6},"end":{"line":30,"column":10}},{"start":{"line":31,"column":6},"end":{"line":35,"column":8}}]},"1":{"loc":{"start":{"line":38,"column":4},"end":{"line":40,"column":5}},"type":"if","locations":[{"start":{"line":38,"column":4},"end":{"line":40,"column":5}},{"start":{},"end":{}}]},"2":{"loc":{"start":{"line":55,"column":6},"end":{"line":57,"column":7}},"type":"if","locations":[{"start":{"line":55,"column":6},"end":{"line":57,"column":7}},{"start":{},"end":{}}]},"3":{"loc":{"start":{"line":61,"column":2},"end":{"line":63,"column":3}},"type":"if","locations":[{"start":{"line":61,"column":2},"end":{"line":63,"column":3}},{"start":{},"end":{}}]},"4":{"loc":{"start":{"line":61,"column":6},"end":{"line":61,"column":97}},"type":"binary-expr","locations":[{"start":{"line":61,"column":6},"end":{"line":61,"column":16}},{"start":{"line":61,"column":20},"end":{"line":61,"column":39}},{"start":{"line":61,"column":43},"end":{"line":61,"column":49}},{"start":{"line":61,"column":53},"end":{"line":61,"column":68}},{"start":{"line":61,"column":72},"end":{"line":61,"column":97}}]},"5":{"loc":{"start":{"line":81,"column":9},"end":{"line":86,"column":null}},"type":"binary-expr","locations":[{"start":{"line":81,"column":10},"end":{"line":81,"column":19}},{"start":{"line":81,"column":23},"end":{"line":81,"column":41}},{"start":{"line":82,"column":10},"end":{"line":85,"column":null}}]},"6":{"loc":{"start":{"line":89,"column":9},"end":{"line":89,"column":56}},"type":"binary-expr","locations":[{"start":{"line":89,"column":9},"end":{"line":89,"column":14}},{"start":{"line":89,"column":18},"end":{"line":89,"column":56}}]},"7":{"loc":{"start":{"line":91,"column":9},"end":{"line":91,"column":74}},"type":"binary-expr","locations":[{"start":{"line":91,"column":9},"end":{"line":91,"column":23}},{"start":{"line":91,"column":27},"end":{"line":91,"column":74}}]},"8":{"loc":{"start":{"line":93,"column":9},"end":{"line":106,"column":null}},"type":"binary-expr","locations":[{"start":{"line":93,"column":9},"end":{"line":93,"column":19}},{"start":{"line":93,"column":23},"end":{"line":93,"column":42}},{"start":{"line":93,"column":46},"end":{"line":93,"column":52}},{"start":{"line":93,"column":56},"end":{"line":93,"column":71}},{"start":{"line":93,"column":75},"end":{"line":93,"column":98}},{"start":{"line":94,"column":10},"end":{"line":105,"column":null}}]},"9":{"loc":{"start":{"line":96,"column":14},"end":{"line":96,"column":null}},"type":"cond-expr","locations":[{"start":{"line":96,"column":32},"end":{"line":96,"column":44}},{"start":{"line":96,"column":47},"end":{"line":96,"column":null}}]}},"s":{"0":0,"1":0,"2":0,"3":0,"4":0,"5":0,"6":0,"7":0,"8":0,"9":0,"10":0,"11":0,"12":0,"13":0,"14":0,"15":0,"16":0,"17":0,"18":0,"19":0,"20":0,"21":0,"22":0,"23":0,"24":0,"25":0,"26":0,"27":0,"28":0,"29":0,"30":0,"31":0,"32":0,"33":0,"34":0,"35":0,"36":0,"37":0,"38":0,"39":0},"f":{"0":0,"1":0,"2":0,"3":0,"4":0,"5":0,"6":0,"7":0,"8":0,"9":0},"b":{"0":[0,0],"1":[0,0],"2":[0,0],"3":[0,0],"4":[0,0,0,0,0],"5":[0,0,0],"6":[0,0],"7":[0,0],"8":[0,0,0,0,0,0],"9":[0,0]}}
,"/home/user/Code/fitematch/fitematch-site/src/components/home/features-section.tsx": {"path":"/home/user/Code/fitematch/fitematch-site/src/components/home/features-section.tsx","statementMap":{"0":{"start":{"line":79,"column":0},"end":{"line":79,"column":16}},"1":{"start":{"line":2,"column":0},"end":{"line":2,"column":null}},"2":{"start":{"line":10,"column":0},"end":{"line":10,"column":46}},"3":{"start":{"line":11,"column":0},"end":{"line":11,"column":49}},"4":{"start":{"line":12,"column":0},"end":{"line":12,"column":61}},"5":{"start":{"line":14,"column":17},"end":{"line":69,"column":2}},"6":{"start":{"line":77,"column":33},"end":{"line":77,"column":41}},"7":{"start":{"line":80,"column":2},"end":{"line":114,"column":4}},"8":{"start":{"line":89,"column":25},"end":{"line":89,"column":37}},"9":{"start":{"line":91,"column":12},"end":{"line":109,"column":14}}},"fnMap":{"0":{"name":"FeaturesSection","decl":{"start":{"line":79,"column":16},"end":{"line":79,"column":31}},"loc":{"start":{"line":79,"column":31},"end":{"line":115,"column":1}}},"1":{"name":"(anonymous_1)","decl":{"start":{"line":88,"column":29},"end":{"line":88,"column":30}},"loc":{"start":{"line":88,"column":41},"end":{"line":110,"column":11}}}},"branchMap":{},"s":{"0":0,"1":0,"2":0,"3":0,"4":0,"5":0,"6":0,"7":0,"8":0,"9":0},"f":{"0":0,"1":0},"b":{}}
,"/home/user/Code/fitematch/fitematch-site/src/components/home/hero-section.tsx": {"path":"/home/user/Code/fitematch/fitematch-site/src/components/home/hero-section.tsx","statementMap":{"0":{"start":{"line":10,"column":0},"end":{"line":10,"column":16}},"1":{"start":{"line":3,"column":0},"end":{"line":3,"column":29}},"2":{"start":{"line":4,"column":0},"end":{"line":4,"column":72}},"3":{"start":{"line":5,"column":0},"end":{"line":5,"column":48}},"4":{"start":{"line":6,"column":0},"end":{"line":6,"column":44}},"5":{"start":{"line":7,"column":0},"end":{"line":7,"column":42}},"6":{"start":{"line":8,"column":0},"end":{"line":8,"column":43}},"7":{"start":{"line":11,"column":30},"end":{"line":11,"column":39}},"8":{"start":{"line":13,"column":2},"end":{"line":109,"column":4}}},"fnMap":{"0":{"name":"HeroSection","decl":{"start":{"line":10,"column":16},"end":{"line":10,"column":27}},"loc":{"start":{"line":10,"column":27},"end":{"line":110,"column":1}}}},"branchMap":{"0":{"loc":{"start":{"line":27,"column":24},"end":{"line":27,"column":78}},"type":"cond-expr","locations":[{"start":{"line":27,"column":42},"end":{"line":27,"column":61}},{"start":{"line":27,"column":64},"end":{"line":27,"column":78}}]},"1":{"loc":{"start":{"line":30,"column":22},"end":{"line":30,"column":74}},"type":"cond-expr","locations":[{"start":{"line":30,"column":40},"end":{"line":30,"column":57}},{"start":{"line":30,"column":60},"end":{"line":30,"column":74}}]},"2":{"loc":{"start":{"line":32,"column":17},"end":{"line":32,"column":76}},"type":"cond-expr","locations":[{"start":{"line":32,"column":35},"end":{"line":32,"column":53}},{"start":{"line":32,"column":56},"end":{"line":32,"column":76}}]}},"s":{"0":0,"1":0,"2":0,"3":0,"4":0,"5":0,"6":0,"7":0,"8":0},"f":{"0":0},"b":{"0":[0,0],"1":[0,0],"2":[0,0]}}
,"/home/user/Code/fitematch/fitematch-site/src/components/jobs/apply-job-button.tsx": {"path":"/home/user/Code/fitematch/fitematch-site/src/components/jobs/apply-job-button.tsx","statementMap":{"0":{"start":{"line":19,"column":0},"end":{"line":19,"column":16}},"1":{"start":{"line":3,"column":0},"end":{"line":3,"column":33}},"2":{"start":{"line":4,"column":0},"end":{"line":4,"column":44}},"3":{"start":{"line":5,"column":0},"end":{"line":5,"column":46}},"4":{"start":{"line":6,"column":0},"end":{"line":6,"column":48}},"5":{"start":{"line":7,"column":0},"end":{"line":7,"column":43}},"6":{"start":{"line":8,"column":0},"end":{"line":8,"column":67}},"7":{"start":{"line":9,"column":0},"end":{"line":9,"column":62}},"8":{"start":{"line":10,"column":0},"end":{"line":10,"column":63}},"9":{"start":{"line":25,"column":17},"end":{"line":25,"column":28}},"10":{"start":{"line":26,"column":36},"end":{"line":26,"column":45}},"11":{"start":{"line":27,"column":37},"end":{"line":27,"column":54}},"12":{"start":{"line":28,"column":42},"end":{"line":28,"column":57}},"13":{"start":{"line":30,"column":22},"end":{"line":30,"column":69}},"14":{"start":{"line":31,"column":22},"end":{"line":31,"column":69}},"15":{"start":{"line":33,"column":19},"end":{"line":33,"column":71}},"16":{"start":{"line":36,"column":4},"end":{"line":39,"column":5}},"17":{"start":{"line":37,"column":6},"end":{"line":37,"column":65}},"18":{"start":{"line":38,"column":6},"end":{"line":38,"column":13}},"19":{"start":{"line":41,"column":4},"end":{"line":44,"column":5}},"20":{"start":{"line":42,"column":6},"end":{"line":42,"column":65}},"21":{"start":{"line":43,"column":6},"end":{"line":43,"column":13}},"22":{"start":{"line":46,"column":4},"end":{"line":49,"column":5}},"23":{"start":{"line":47,"column":6},"end":{"line":47,"column":66}},"24":{"start":{"line":48,"column":6},"end":{"line":48,"column":13}},"25":{"start":{"line":51,"column":4},"end":{"line":54,"column":5}},"26":{"start":{"line":52,"column":6},"end":{"line":52,"column":54}},"27":{"start":{"line":53,"column":6},"end":{"line":53,"column":13}},"28":{"start":{"line":56,"column":4},"end":{"line":71,"column":5}},"29":{"start":{"line":57,"column":6},"end":{"line":57,"column":28}},"30":{"start":
[...]
,"/home/user/Code/fitematch/fitematch-site/src/utils/file-url.ts": {"path":"/home/user/Code/fitematch/fitematch-site/src/utils/file-url.ts","statementMap":{"0":{"start":{"line":1,"column":0},"end":{"line":1,"column":16}},"1":{"start":{"line":2,"column":2},"end":{"line":4,"column":3}},"2":{"start":{"line":3,"column":4},"end":{"line":3,"column":14}},"3":{"start":{"line":6,"column":2},"end":{"line":8,"column":3}},"4":{"start":{"line":7,"column":4},"end":{"line":7,"column":15}},"5":{"start":{"line":11,"column":4},"end":{"line":11,"column":75}},"6":{"start":{"line":13,"column":2},"end":{"line":15,"column":3}},"7":{"start":{"line":14,"column":4},"end":{"line":14,"column":15}},"8":{"start":{"line":17,"column":2},"end":{"line":17,"column":72}}},"fnMap":{"0":{"name":"resolveFileUrl","decl":{"start":{"line":1,"column":16},"end":{"line":1,"column":30}},"loc":{"start":{"line":1,"column":43},"end":{"line":18,"column":1}}}},"branchMap":{"0":{"loc":{"start":{"line":2,"column":2},"end":{"line":4,"column":3}},"type":"if","locations":[{"start":{"line":2,"column":2},"end":{"line":4,"column":3}},{"start":{},"end":{}}]},"1":{"loc":{"start":{"line":6,"column":2},"end":{"line":8,"column":3}},"type":"if","locations":[{"start":{"line":6,"column":2},"end":{"line":8,"column":3}},{"start":{},"end":{}}]},"2":{"loc":{"start":{"line":6,"column":6},"end":{"line":6,"column":58}},"type":"binary-expr","locations":[{"start":{"line":6,"column":6},"end":{"line":6,"column":31}},{"start":{"line":6,"column":35},"end":{"line":6,"column":58}}]},"3":{"loc":{"start":{"line":11,"column":4},"end":{"line":11,"column":75}},"type":"binary-expr","locations":[{"start":{"line":11,"column":4},"end":{"line":11,"column":35}},{"start":{"line":11,"column":39},"end":{"line":11,"column":75}}]},"4":{"loc":{"start":{"line":13,"column":2},"end":{"line":15,"column":3}},"type":"if","locations":[{"start":{"line":13,"column":2},"end":{"line":15,"column":3}},{"start":{},"end":{}}]}},"s":{"0":8,"1":300,"2":50,"3":250,"4":179,"5":71,"6":71,"7":1,"8":70},"f":{"0":300},"b":{"0":[50,250],"1":[179,71],"2":[250,248],"3":[71,2],"4":[1,70]}}
,"/home/user/Code/fitematch/fitematch-site/src/utils/phone.utils.ts": {"path":"/home/user/Code/fitematch/fitematch-site/src/utils/phone.utils.ts","statementMap":{"0":{"start":{"line":1,"column":0},"end":{"line":1,"column":16}},"1":{"start":{"line":5,"column":0},"end":{"line":5,"column":16}},"2":{"start":{"line":16,"column":0},"end":{"line":16,"column":16}},"3":{"start":{"line":45,"column":0},"end":{"line":45,"column":16}},"4":{"start":{"line":2,"column":2},"end":{"line":2,"column":41}},"5":{"start":{"line":6,"column":22},"end":{"line":6,"column":39}},"6":{"start":{"line":7,"column":25},"end":{"line":7,"column":45}},"7":{"start":{"line":9,"column":2},"end":{"line":11,"column":3}},"8":{"start":{"line":10,"column":4},"end":{"line":10,"column":52}},"9":{"start":{"line":13,"column":2},"end":{"line":13,"column":21}},"10":{"start":{"line":17,"column":17},"end":{"line":17,"column":34}},"11":{"start":{"line":19,"column":2},"end":{"line":21,"column":3}},"12":{"start":{"line":20,"column":4},"end":{"line":20,"column":18}},"13":{"start":{"line":23,"column":19},"end":{"line":23,"column":20}},"14":{"start":{"line":24,"column":20},"end":{"line":24,"column":22}},"15":{"start":{"line":26,"column":2},"end":{"line":40,"column":3}},"16":{"start":{"line":27,"column":4},"end":{"line":30,"column":5}},"17":{"start":{"line":28,"column":6},"end":{"line":28,"column":26}},"18":{"start":{"line":29,"column":6},"end":{"line":29,"column":15}},"19":{"start":{"line":32,"column":18},"end":{"line":32,"column":36}},"20":{"start":{"line":34,"column":4},"end":{"line":36,"column":5}},"21":{"start":{"line":35,"column":6},"end":{"line":35,"column":12}},"22":{"start":{"line":38,"column":4},"end":{"line":38,"column":25}},"23":{"start":{"line":39,"column":4},"end":{"line":39,"column":20}},"24":{"start":{"line":42,"column":2},"end":{"line":42,"column":28}},"25":{"start":{"line":50,"column":23},"end":{"line":50,"column":51}},"26":{"start":{"line":52,"column":2},"end":{"line":54,"column":3}},"27":{"start":{"line":53,"column":4},"end":{"line":53,"column":20}},"28":{"start":{"line":56,"column":2},"end":{"line":56,"column":39}}},"fnMap":{"0":{"name":"onlyDigits","decl":{"start":{"line":1,"column":16},"end":{"line":1,"column":26}},"loc":{"start":{"line":1,"column":41},"end":{"line":3,"column":1}}},"1":{"name":"removeDialCodeFromPhone","decl":{"start":{"line":5,"column":16},"end":{"line":5,"column":39}},"loc":{"start":{"line":5,"column":71},"end":{"line":14,"column":1}}},"2":{"name":"applyPhoneMask","decl":{"start":{"line":16,"column":16},"end":{"line":16,"column":30}},"loc":{"start":{"line":16,"column":59},"end":{"line":43,"column":1}}},"3":{"name":"formatPhoneWithDialCode","decl":{"start":{"line":45,"column":16},"end":{"line":45,"column":39}},"loc":{"start":{"line":48,"column":15},"end":{"line":57,"column":1}}}},"branchMap":{"0":{"loc":{"start":{"line":2,"column":9},"end":{"line":2,"column":40}},"type":"binary-expr","locations":[{"start":{"line":2,"column":9},"end":{"line":2,"column":34}},{"start":{"line":2,"column":38},"end":{"line":2,"column":40}}]},"1":{"loc":{"start":{"line":2,"column":9},"end":{"line":2,"column":34}},"type":"cond-expr","locations":[{"start":{"line":2,"column":14},"end":{"line":2,"column":16}},{"start":{"line":2,"column":9},"end":{"line":2,"column":34}}]},"2":{"loc":{"start":{"line":2,"column":9},"end":{"line":2,"column":16}},"type":"binary-expr","locations":[{"start":{"line":2,"column":9},"end":{"line":2,"column":16}},{"start":{"line":2,"column":9},"end":{"line":2,"column":16}}]},"3":{"loc":{"start":{"line":9,"column":2},"end":{"line":11,"column":3}},"type":"if","locations":[{"start":{"line":9,"column":2},"end":{"line":11,"column":3}},{"start":{},"end":{}}]},"4":{"loc":{"start":{"line":19,"column":2},"end":{"line":21,"column":3}},"type":"if","locations":[{"start":{"line":19,"column":2},"end":{"line":21,"column":3}},{"start":{},"end":{}}]},"5":{"loc":{"start":{"line":19,"column":6},"end":{"line":19,"column":22}},"type":"binary-expr","locations":[{"start":{"line":19,"column":6},"end":{"line":19,"column":11}},{"start":{"line":19,"column":15},"end":{"line":19,"column":22}}]},"6":{"loc":{"start":{"line":27,"column":4},"end":{"line":30,"column":5}},"type":"if","locations":[{"start":{"line":27,"column":4},"end":{"line":30,"column":5}},{"start":{},"end":{}}]},"7":{"loc":{"start":{"line":34,"column":4},"end":{"line":36,"column":5}},"type":"if","locations":[{"start":{"line":34,"column":4},"end":{"line":36,"column":5}},{"start":{},"end":{}}]},"8":{"loc":{"start":{"line":52,"column":2},"end":{"line":54,"column":3}},"type":"if","locations":[{"start":{"line":52,"column":2},"end":{"line":54,"column":3}},{"start":{},"end":{}}]}},"s":{"0":3,"1":3,"2":3,"3":3,"4":235,"5":36,"6":36,"7":36,"8":35,"9":1,"10":160,"11":160,"12":90,"13":70,"14":70,"15":70,"16":824,"17":249,"18":249,"19":575,"20":575,"21":35,"22":540,"23":540,"24":70,"25":156,"26":156,"27":87,"28":69},"f":{"0":235,"1":36,"2":160,"3":156},"b":{"0":[235,91],"1":[1,234],"2":[235,235],"3":[35,1],"4":[90,70],"5":[160,158],"6":[249,575],"7":[35,540],"8":[87,69]}}
,"/home/user/Code/fitematch/fitematch-site/src/utils/seo.utils.ts": {"path":"/home/user/Code/fitematch/fitematch-site/src/utils/seo.utils.ts","statementMap":{"0":{"start":{"line":3,"column":0},"end":{"line":3,"column":16}},"1":{"start":{"line":7,"column":0},"end":{"line":7,"column":16}},"2":{"start":{"line":20,"column":0},"end":{"line":20,"column":16}},"3":{"start":{"line":38,"column":0},"end":{"line":38,"column":16}},"4":{"start":{"line":1,"column":0},"end":{"line":1,"column":46}},"5":{"start":{"line":4,"column":2},"end":{"line":4,"column":68}},"6":{"start":{"line":8,"column":21},"end":{"line":8,"column":33}},"7":{"start":{"line":10,"column":2},"end":{"line":12,"column":3}},"8":{"start":{"line":11,"column":4},"end":{"line":11,"column":22}},"9":{"start":{"line":14,"column":20},"end":{"line":14,"column":48}},"10":{"start":{"line":15,"column":23},"end":{"line":15,"column":49}},"11":{"start":{"line":17,"column":2},"end":{"line":17,"column":88}},"12":{"start":{"line":21,"column":2},"end":{"line":25,"column":3}},"13":{"start":{"line":22,"column":4},"end":{"line":24,"column":49}},"14":{"start":{"line":23,"column":21},"end":{"line":23,"column":46}},"15":{"start":{"line":24,"column":24},"end":{"line":24,"column":42}},"16":{"start":{"line":27,"column":2},"end":{"line":33,"column":3}},"17":{"start":{"line":28,"column":4},"end":{"line":32,"column":11}},"18":{"start":{"line":30,"column":37},"end":{"line":30,"column":76}},"19":{"start":{"line":31,"column":37},"end":{"line":31,"column":62}},"20":{"start":{"line":35,"column":2},"end":{"line":35,"column":15}},"21":{"start":{"line":39,"column":2},"end":{"line":41,"column":3}},"22":{"start":{"line":40,"column":4},"end":{"line":40,"column":21}},"23":{"start":{"line":43,"column":2},"end":{"line":43,"column":27}}},"fnMap":{"0":{"name":"stripHtml","decl":{"start":{"line":3,"column":16},"end":{"line":3,"column":25}},"loc":{"start":{"line":3,"column":39},"end":{"line":5,"column":1}}},"1":{"name":"truncateMetaDescription","decl":{"start":{"line":7,"column":16},"end":{"line":7,"column":39}},"loc":{"start":{"line":7,"column":64},"end":{"line":18,"column":1}}},"2":{"name":"removeUndefinedDeep","decl":{"start":{"line":20,"column":16},"end":{"line":20,"column":35}},"loc":{"start":{"line":20,"column":47},"end":{"line":36,"column":1}}},"3":{"name":"(anonymous_3)","decl":{"start":{"line":23,"column":11},"end":{"line":23,"column":12}},"loc":{"start":{"line":23,"column":21},"end":{"line":23,"column":46}}},"4":{"name":"(anonymous_4)","decl":{"start":{"line":24,"column":14},"end":{"line":24,"column":15}},"loc":{"start":{"line":24,"column":24},"end":{"line":24,"column":42}}},"5":{"name":"(anonymous_5)","decl":{"start":{"line":30,"column":13},"end":{"line":30,"column":14}},"loc":{"start":{"line":30,"column":37},"end":{"line":30,"column":76}}},"6":{"name":"(anonymous_6)","decl":{"start":{"line":31,"column":16},"end":{"line":31,"column":17}},"loc":{"start":{"line":31,"column":37},"end":{"line":31,"column":62}}},"7":{"name":"toAbsoluteUrl","decl":{"start":{"line":38,"column":16},"end":{"line":38,"column":29}},"loc":{"start":{"line":38,"column":43},"end":{"line":44,"column":1}}}},"branchMap":{"0":{"loc":{"start":{"line":7,"column":55},"end":{"line":7,"column":64}},"type":"default-arg","locations":[{"start":{"line":7,"column":61},"end":{"line":7,"column":64}}]},"1":{"loc":{"start":{"line":10,"column":2},"end":{"line":12,"column":3}},"type":"if","locations":[{"start":{"line":10,"column":2},"end":{"line":12,"column":3}},{"start":{},"end":{}}]},"2":{"loc":{"start":{"line":17,"column":13},"end":{"line":17,"column":76}},"type":"cond-expr","locations":[{"start":{"line":17,"column":32},"end":{"line":17,"column":64}},{"start":{"line":17,"column":67},"end":{"line":17,"column":76}}]},"3":{"loc":{"start":{"line":21,"column":2},"end":{"line":25,"column":3}},"type":"if","locations":[{"start":{"line":21,"column":2},"end":{"line":25,"column":3}},{"start":{},"end":{}}]},"4":{"loc":{"start":{"line":27,"column":2},"end":{"line":33,"column":3}},"type":"if","locations":[{"start":{"line":27,"column":2},"end":{"line":33,"column":3}},{"start":{},"end":{}}]},"5":{"loc":{"start":{"line":27,"column":6},"end":{"line":27,"column":40}},"type":"binary-expr","locations":[{"start":{"line":27,"column":6},"end":{"line":27,"column":11}},{"start":{"line":27,"column":15},"end":{"line":27,"column":40}}]},"6":{"loc":{"start":{"line":39,"column":2},"end":{"line":41,"column":3}},"type":"if","locations":[{"start":{"line":39,"column":2},"end":{"line":41,"column":3}},{"start":{},"end":{}}]}},"s":{"0":1,"1":1,"2":1,"3":1,"4":1,"5":2,"6":4,"7":4,"8":2,"9":2,"10":2,"11":2,"12":13,"13":1,"14":3,"15":3,"16":12,"17":3,"18":8,"19":8,"20":9,"21":3,"22":1,"23":2},"f":{"0":2,"1":4,"2":13,"3":3,"4":3,"5":8,"6":8,"7":3},"b":{"0":[0],"1":[2,2],"2":[1,1],"3":[1,12],"4":[3,9],"5":[12,8],"6":[1,2]}}
,"/home/user/Code/fitematch/fitematch-site/src/utils/session-device.ts": {"path":"/home/user/Code/fitematch/fitematch-site/src/utils/session-device.ts","statementMap":{"0":{"start":{"line":1,"column":0},"end":{"line":1,"column":16}},"1":{"start":{"line":2,"column":2},"end":{"line":4,"column":3}},"2":{"start":{"line":3,"column":4},"end":{"line":3,"column":38}},"3":{"start":{"line":6,"column":30},"end":{"line":6,"column":53}},"4":{"start":{"line":8,"column":2},"end":{"line":10,"column":3}},"5":{"start":{"line":9,"column":4},"end":{"line":9,"column":28}},"6":{"start":{"line":12,"column":2},"end":{"line":14,"column":3}},"7":{"start":{"line":13,"column":4},"end":{"line":13,"column":19}},"8":{"start":{"line":16,"column":2},"end":{"line":18,"column":3}},"9":{"start":{"line":17,"column":4},"end":{"line":17,"column":29}},"10":{"start":{"line":20,"column":2},"end":{"line":26,"column":3}},"11":{"start":{"line":25,"column":4},"end":{"line":25,"column":27}},"12":{"start":{"line":28,"column":2},"end":{"line":33,"column":3}},"13":{"start":{"line":32,"column":4},"end":{"line":32,"column":20}},"14":{"start":{"line":35,"column":2},"end":{"line":37,"column":3}},"15":{"start":{"line":36,"column":4},"end":{"line":36,"column":21}},"16":{"start":{"line":39,"column":2},"end":{"line":45,"column":3}},"17":{"start":{"line":44,"column":4},"end":{"line":44,"column":27}},"18":{"start":{"line":47,"column":2},"end":{"line":49,"column":3}},"19":{"start":{"line":48,"column":4},"end":{"line":48,"column":21}},"20":{"start":{"line":51,"column":2},"end":{"line":53,"column":3}},"21":{"start":{"line":52,"column":4},"end":{"line":52,"column":19}},"22":{"start":{"line":55,"column":2},"end":{"line":57,"column":3}},"23":{"start":{"line":56,"column":4},"end":{"line":56,"column":19}},"24":{"start":{"line":59,"column":2},"end":{"line":59,"column":19}}},"fnMap":{"0":{"name":"getFriendlySessionDevice","decl":{"start":{"line":1,"column":16},"end":{"line":1,"column":40}},"loc":{"start":{"line":1,"column":59},"end":{"line":60,"column":1}}}},"branchMap":{"0":{"loc":{"start":{"line":2,"column":2},"end":{"line":4,"column":3}},"type":"if","locations":[{"start":{"line":2,"column":2},"end":{"line":4,"column":3}},{"start":{},"end":{}}]},"1":{"loc":{"start":{"line":8,"column":2},"end":{"line":10,"column":3}},"type":"if","locations":[{"start":{"line":8,"column":2},"end":{"line":10,"column":3}},{"start":{},"end":{}}]},"2":{"loc":{"start":{"line":12,"column":2},"end":{"line":14,"column":3}},"type":"if","locations":[{"start":{"line":12,"column":2},"end":{"line":14,"column":3}},{"start":{},"end":{}}]},"3":{"loc":{"start":{"line":12,"column":6},"end":{"line":12,"column":83}},"type":"binary-expr","locations":[{"start":{"line":12,"column":6},"end":{"line":12,"column":42}},{"start":{"line":12,"column":46},"end":{"line":12,"column":83}}]},"4":{"loc":{"start":{"line":16,"column":2},"end":{"line":18,"column":3}},"type":"if","locations":[{"start":{"line":16,"column":2},"end":{"line":18,"column":3}},{"start":{},"end":{}}]},"5":{"loc":{"start":{"line":20,"column":2},"end":{"line":26,"column":3}},"type":"if","locations":[{"start":{"line":20,"column":2},"end":{"line":26,"column":3}},{"start":{},"end":{}}]},"6":{"loc":{"start":{"line":21,"column":4},"end":{"line":23,"column":41}},"type":"binary-expr","locations":[{"start":{"line":21,"column":4},"end":{"line":21,"column":43}},{"start":{"line":22,"column":4},"end":{"line":22,"column":41}},{"start":{"line":23,"column":4},"end":{"line":23,"column":41}}]},"7":{"loc":{"start":{"line":28,"column":2},"end":{"line":33,"column":3}},"type":"if","locations":[{"start":{"line":28,"column":2},"end":{"line":33,"column":3}},{"start":{},"end":{}}]},"8":{"loc":{"start":{"line":29,"column":4},"end":{"line":30,"column":44}},"type":"binary-expr","locations":[{"start":{"line":29,"column":4},"end":{"line":29,"column":43}},{"start":{"line":30,"column":4},"end":{"line":30,"column":44}}]},"9":{"loc":{"start":{"line":35,"column":2},"end":{"line":37,"column":3}},"type":"if","locations":[{"start":{"line":35,"column":2},"end":{"line":37,"column":3}},{"start":{},"end":{}}]},"10":{"loc":{"start":{"line":39,"column":2},"end":{"line":45,"column":3}},"type":"if","locations":[{"start":{"line":39,"column":2},"end":{"line":45,"column":3}},{"start":{},"end":{}}]},"11":{"loc":{"start":{"line":40,"column":4},"end":{"line":42,"column":39}},"type":"binary-expr","locations":[{"start":{"line":40,"column":4},"end":{"line":40,"column":42}},{"start":{"line":41,"column":4},"end":{"line":41,"column":40}},{"start":{"line":42,"column":4},"end":{"line":42,"column":39}}]},"12":{"loc":{"start":{"line":47,"column":2},"end":{"line":49,"column":3}},"type":"if","locations":[{"start":{"line":47,"column":2},"end":{"line":49,"column":3}},{"start":{},"end":{}}]},"13":{"loc":{"start":{"line":51,"column":2},"end":{"line":53,"column":3}},"type":"if","locations":[{"start":{"line":51,"column":2},"end":{"line":53,"column":3}},{"start":{},"end":{}}]},"14":{"loc":{"start":{"line":51,"column":6},"end":{"line":51,"column":89}},"type":"binary-expr","locations":[{"start":{"line":51,"column":6},"end":{"line":51,"column":44}},{"start":{"line":51,"column":48},"end":{"line":51,"column":89}}]},"15":{"loc":{"start":{"line":55,"column":2},"end":{"line":57,"column":3}},"type":"if","locations":[{"start":{"line":55,"column":2},"end":{"line":57,"column":3}},{"start":{},"end":{}}]}},"s":{"0":0,"1":0,"2":0,"3":0,"4":0,"5":0,"6":0,"7":0,"8":0,"9":0,"10":0,"11":0,"12":0,"13":0,"14":0,"15":0,"16":0,"17":0,"18":0,"19":0,"20":0,"21":0,"22":0,"23":0,"24":0},"f":{"0":0},"b":{"0":[0,0],"1":[0,0],"2":[0,0],"3":[0,0],"4":[0,0],"5":[0,0],"6":[0,0,0],"7":[0,0],"8":[0,0],"9":[0,0],"10":[0,0],"11":[0,0,0],"12":[0,0],"13":[0,0],"14":[0,0],"15":[0,0]}}
,"/home/user/Code/fitematch/fitematch-site/src/utils/slug.utils.ts": {"path":"/home/user/Code/fitematch/fitematch-site/src/utils/slug.utils.ts","statementMap":{"0":{"start":{"line":11,"column":0},"end":{"line":11,"column":16}},"1":{"start":{"line":2,"column":2},"end":{"line":8,"column":28}},"2":{"start":{"line":12,"column":2},"end":{"line":15,"column":15}},"3":{"start":{"line":13,"column":19},"end":{"line":13,"column":48}}},"fnMap":{"0":{"name":"normalizeSlugPart","decl":{"start":{"line":1,"column":9},"end":{"line":1,"column":26}},"loc":{"start":{"line":1,"column":40},"end":{"line":9,"column":1}}},"1":{"name":"buildJobSlug","decl":{"start":{"line":11,"column":16},"end":{"line":11,"column":28}},"loc":{"start":{"line":11,"column":68},"end":{"line":16,"column":1}}},"2":{"name":"(anonymous_2)","decl":{"start":{"line":13,"column":9},"end":{"line":13,"column":10}},"loc":{"start":{"line":13,"column":19},"end":{"line":13,"column":48}}}},"branchMap":{"0":{"loc":{"start":{"line":13,"column":37},"end":{"line":13,"column":47}},"type":"binary-expr","locations":[{"start":{"line":13,"column":37},"end":{"line":13,"column":41}},{"start":{"line":13,"column":45},"end":{"line":13,"column":47}}]}},"s":{"0":2,"1":707,"2":351,"3":707},"f":{"0":707,"1":351,"2":707},"b":{"0":[707,26]}}
}
