TN:
SF:src/app/manifest.ts
FN:4,manifest
FNF:1
FNH:0
FNDA:0,manifest
DA:2,0
DA:4,0
DA:5,0
LF:3
LH:0
BRF:0
BRH:0
end_of_record
TN:
SF:src/app/robots.ts
FN:4,robots
FNF:1
FNH:0
FNDA:0,robots
DA:2,0
DA:4,0
DA:5,0
LF:3
LH:0
BRF:0
BRH:0
end_of_record
TN:
SF:src/app/sitemap.ts
FN:6,toDate
FN:14,sitemap
FN:28,(anonymous_2)
FNF:3
FNH:0
FNDA:0,toDate
FNDA:0,sitemap
FNDA:0,(anonymous_2)
DA:2,0
DA:3,0
DA:4,0
DA:7,0
DA:8,0
DA:11,0
DA:14,0
DA:15,0
DA:23,0
DA:24,0
DA:26,0
DA:28,0
DA:37,0
LF:13
LH:0
BRDA:7,0,0,0
BRDA:7,0,1,0
BRDA:31,1,0,0
BRDA:31,1,1,0
BRF:4
BRH:0
end_of_record
TN:
SF:src/components/applications/application-card.tsx
FN:19,getApplicationStatusLabel
FN:28,ApplicationCard
FN:55,handleDelete
FN:115,(anonymous_4)
FN:134,(anonymous_5)
FN:177,(anonymous_6)
FN:185,(anonymous_7)
FNF:7
FNH:5
FNDA:11,getApplicationStatusLabel
FNDA:11,ApplicationCard
FNDA:2,handleDelete
FNDA:3,(anonymous_4)
FNDA:0,(anonymous_5)
FNDA:0,(anonymous_6)
FNDA:2,(anonymous_7)
DA:3,2
DA:4,2
DA:5,2
DA:6,2
DA:7,2
DA:8,2
DA:9,2
DA:10,2
DA:11,2
DA:12,2
DA:20,11
DA:28,2
DA:29,11
DA:30,11
DA:31,11
DA:32,11
DA:33,11
DA:40,11
DA:41,11
DA:42,11
DA:43,11
DA:44,11
DA:45,11
DA:56,2
DA:57,2
DA:59,2
DA:61,2
DA:62,2
DA:64,0
DA:66,2
DA:70,11
DA:115,3
DA:134,0
DA:177,0
DA:186,2
DA:187,2
LF:36
LH:33
BRDA:40,0,0,11
BRDA:40,0,1,0
BRDA:40,1,0,0
BRDA:40,1,1,11
BRDA:40,2,0,11
BRDA:40,2,1,11
BRDA:41,3,0,11
BRDA:41,3,1,0
BRDA:41,4,0,0
BRDA:41,4,1,11
BRDA:41,5,0,11
BRDA:41,5,1,11
BRDA:42,6,0,0
BRDA:42,6,1,11
BRDA:42,7,0,11
BRDA:42,7,1,11
BRDA:44,8,0,11
BRDA:44,8,1,0
BRDA:44,8,2,0
BRDA:45,9,0,11
BRDA:45,9,1,0
BRDA:62,10,0,0
BRDA:62,10,1,2
BRDA:62,11,0,2
BRDA:62,11,1,2
BRDA:76,12,0,8
BRDA:76,12,1,3
BRDA:107,13,0,11
BRDA:107,13,1,0
BRDA:124,14,0,11
BRDA:124,14,1,5
BRDA:147,15,0,3
BRDA:147,15,1,2
BRF:33
BRH:23
end_of_record
TN:
SF:src/components/applications/application-details.tsx
FN:13,ApplicationDetails
FNF:1
FNH:1
FNDA:4,ApplicationDetails
DA:4,1
DA:5,1
DA:6,1
DA:7,1
DA:13,1
DA:14,4
DA:16,4
DA:17,1
DA:20,3
DA:21,1
DA:24,2
DA:25,1
DA:28,1
LF:13
LH:13
BRDA:16,0,0,1
BRDA:16,0,1,3
BRDA:20,1,0,1
BRDA:20,1,1,2
BRDA:24,2,0,1
BRDA:24,2,1,1
BRF:6
BRH:6
end_of_record
TN:
SF:src/components/applications/application-list.tsx
FN:9,ApplicationList
FN:26,(anonymous_1)
FNF:2
FNH:2
FNDA:10,ApplicationList
FNDA:2,(anonymous_1)
DA:3,1
DA:4,1
DA:5,1
DA:6,1
DA:7,1
DA:9,1
DA:10,10
DA:12,10
DA:13,5
DA:16,5
DA:17,1
DA:20,4
DA:21,2
DA:24,2
DA:27,2
LF:15
LH:15
BRDA:12,0,0,5
BRDA:12,0,1,5
BRDA:16,1,0,1
BRDA:16,1,1,4
BRDA:20,2,0,2
BRDA:20,2,1,2
BRDA:28,3,0,2
BRDA:28,3,1,0
BRDA:28,4,0,0
BRDA:28,4,1,0
BRDA:28,4,2,0
BRF:11
BRH:7
end_of_record
TN:
SF:src/components/applications/cancel-application-button.tsx
FN:15,CancelApplicationButton
FN:22,handleCancel
FNF:2
FNH:2
FNDA:2,CancelApplicationButton
FNDA:2,handleCancel
DA:3,1
DA:4,1
DA:5,1
DA:6,1
DA:7,1
DA:8,1
DA:15,1
DA:19,2
DA:20,2
DA:23,2
DA:24,2
DA:25,1
DA:26,1
DA:27,1
DA:29,1
DA:33,2
LF:16
LH:16
BRDA:26,0,0,0
BRDA:26,0,1,1
BRDA:26,1,0,1
BRDA:26,1,1,1
BRF:4
BRH:3
end_of_record
TN:
SF:src/components/auth/activate-account-form.tsx
FN:14,ActivateAccountForm
FN:24,onSubmit
FNF:2
FNH:0
FNDA:0,ActivateAccountForm
FNDA:0,onSubmit
DA:3,0
DA:4,0
DA:5,0
DA:6,0
DA:7,0
DA:8,0
DA:9,0
DA:10,0
DA:12,0
DA:14,0
DA:15,0
DA:16,0
DA:22,0
DA:25,0
DA:26,0
DA:27,0
DA:28,0
DA:30,0
DA:34,0
LF:19
LH:0
BRDA:36,0,0,0
BRDA:36,0,1,0
BRDA:47,1,0,0
BRDA:47,1,1,0
BRDA:47,2,0,0
BRDA:47,2,1,0
BRDA:56,3,0,0
BRDA:56,3,1,0
BRDA:56,4,0,0
BRDA:56,4,1,0
BRF:10
BRH:0
end_of_record
TN:
SF:src/components/auth/activation-code-form.tsx
FN:14,ActivationCodeForm
FN:24,onSubmit
FNF:2
FNH:0
FNDA:0,ActivationCodeForm
FNDA:0,onSubmit
DA:3,0
DA:4,0
DA:5,0
DA:6,0
DA:7,0
DA:8,0
DA:9,0
DA:10,0
DA:12,0
DA:14,0
DA:15,0
DA:16,0
DA:22,0
DA:25,0
DA:26,0
DA:27,0
DA:28,0
DA:30,0
DA:34,0
LF:19
LH:0
BRDA:36,0,0,0
BRDA:36,0,1,0
BRDA:47,1,0,0
BRDA:47,1,1,0
BRDA:47,2,0,0
BRDA:47,2,1,0
BRF:6
BRH:0
end_of_record
TN:
SF:src/components/auth/auth-only-route.tsx
FN:13,AuthOnlyRoute
FN:17,(anonymous_1)
FNF:2
FNH:0
FNDA:0,AuthOnlyRoute
FNDA:0,(anonymous_1)
DA:3,0
DA:4,0
DA:5,0
DA:6,0
DA:7,0
DA:13,0
DA:14,0
DA:15,0
DA:17,0
DA:18,0
DA:19,0
DA:23,0
DA:24,0
DA:27,0
DA:28,0
DA:31,0
LF:16
LH:0
BRDA:18,0,0,0
BRDA:18,0,1,0
BRDA:18,1,0,0
BRDA:18,1,1,0
BRDA:23,2,0,0
BRDA:23,2,1,0
BRDA:27,3,0,0
BRDA:27,3,1,0
BRF:8
BRH:0
end_of_record
TN:
SF:src/components/auth/privacy-policy-modal.tsx
FN:11,PrivacyPolicyModal
FNF:1
FNH:0
FNDA:0,PrivacyPolicyModal
DA:1,0
DA:2,0
DA:3,0
DA:4,0
DA:11,0
DA:15,0
DA:16,0
DA:19,0
LF:8
LH:0
BRDA:15,0,0,0
BRDA:15,0,1,0
BRF:2
BRH:0
end_of_record
TN:
SF:src/components/auth/private-route.tsx
FN:13,PrivateRoute
FN:17,(anonymous_1)
FNF:2
FNH:0
FNDA:0,PrivateRoute
FNDA:0,(anonymous_1)
DA:3,0
DA:4,0
DA:5,0
DA:6,0
DA:7,0
DA:13,0
DA:14,0
DA:15,0
DA:17,0
DA:18,0
DA:19,0
DA:23,0
DA:24,0
DA:27,0
DA:28,0
DA:31,0
LF:16
LH:0
BRDA:18,0,0,0
BRDA:18,0,1,0
BRDA:18,1,0,0
BRDA:18,1,1,0
BRDA:23,2,0,0
BRDA:23,2,1,0
BRDA:27,3,0,0
BRDA:27,3,1,0
BRF:8
BRH:0
end_of_record
TN:
SF:src/components/auth/role-route.tsx
FN:16,RoleRoute
FN:27,(anonymous_1)
FNF:2
FNH:0
FNDA:0,RoleRoute
FNDA:0,(anonymous_1)
DA:3,0
DA:4,0
DA:5,0
DA:6,0
DA:8,0
DA:16,0
DA:21,0
DA:22,0
DA:25,0
DA:27,0
DA:28,0
DA:29,0
DA:30,0
DA:33,0
DA:34,0
DA:38,0
DA:39,0
DA:42,0
DA:43,0
DA:46,0
LF:20
LH:0
BRDA:19,0,0,0
BRDA:25,1,0,0
BRDA:25,1,1,0
BRDA:25,2,0,0
BRDA:25,2,1,0
BRDA:25,3,0,0
BRDA:25,3,1,0
BRDA:28,4,0,0
BRDA:28,4,1,0
BRDA:28,5,0,0
BRDA:28,5,1,0
BRDA:33,6,0,0
BRDA:33,6,1,0
BRDA:33,7,0,0
BRDA:33,7,1,0
BRDA:33,7,2,0
BRDA:38,8,0,0
BRDA:38,8,1,0
BRDA:42,9,0,0
BRDA:42,9,1,0
BRDA:42,10,0,0
BRDA:42,10,1,0
BRF:22
BRH:0
end_of_record
TN:
SF:src/components/auth/sign-in-form.tsx
FN:14,SignInForm
FN:25,onSubmit
FNF:2
FNH:0
FNDA:0,SignInForm
FNDA:0,onSubmit
DA:3,0
DA:4,0
DA:5,0
DA:6,0
DA:7,0
DA:8,0
DA:10,0
DA:11,0
DA:12,0
DA:14,0
DA:15,0
DA:16,0
DA:17,0
DA:23,0
DA:26,0
DA:27,0
DA:28,0
DA:29,0
DA:31,0
DA:35,0
LF:20
LH:0
BRDA:37,0,0,0
BRDA:37,0,1,0
BRDA:48,1,0,0
BRDA:48,1,1,0
BRDA:48,2,0,0
BRDA:48,2,1,0
BRDA:56,3,0,0
BRDA:56,3,1,0
BRDA:56,4,0,0
BRDA:56,4,1,0
BRF:10
BRH:0
end_of_record
TN:
SF:src/components/auth/sign-up-form.tsx
FN:32,SignUpForm
FN:50,onSubmit
FN:90,(anonymous_2)
FN:188,(anonymous_3)
FN:201,(anonymous_4)
FN:218,(anonymous_5)
FN:219,(anonymous_6)
FNF:7
FNH:0
FNDA:0,SignUpForm
FNDA:0,onSubmit
FNDA:0,(anonymous_2)
FNDA:0,(anonymous_3)
FNDA:0,(anonymous_4)
FNDA:0,(anonymous_5)
FNDA:0,(anonymous_6)
DA:3,0
DA:4,0
DA:5,0
DA:15,0
DA:16,0
DA:17,0
DA:18,0
DA:19,0
DA:21,0
DA:22,0
DA:23,0
DA:24,0
DA:25,0
DA:32,0
DA:33,0
DA:34,0
DA:35,0
DA:42,0
DA:51,0
DA:59,0
DA:60,0
DA:61,0
DA:63,0
DA:67,0
DA:72,0
DA:91,0
DA:92,0
DA:94,0
DA:188,0
DA:201,0
DA:218,0
DA:219,0
LF:32
LH:0
BRDA:92,0,0,0
BRDA:92,0,1,0
BRDA:98,1,0,0
BRDA:98,1,1,0
BRDA:112,2,0,0
BRDA:112,2,1,0
BRDA:121,3,0,0
BRDA:121,3,1,0
BRDA:130,4,0,0
BRDA:130,4,1,0
BRDA:133,5,0,0
BRDA:133,5,1,0
BRDA:147,6,0,0
BRDA:147,6,1,0
BRDA:147,7,0,0
BRDA:147,7,1,0
BRDA:151,8,0,0
BRDA:151,8,1,0
BRDA:162,9,0,0
BRDA:162,9,1,0
BRDA:162,10,0,0
BRDA:162,10,1,0
BRDA:170,11,0,0
BRDA:170,11,1,0
BRDA:170,12,0,0
BRDA:170,12,1,0
BRDA:177,13,0,0
BRDA:177,13,1,0
BRDA:177,14,0,0
BRDA:177,14,1,0
BRF:30
BRH:0
end_of_record
TN:
SF:src/components/auth/terms-of-use-modal.tsx
FN:11,TermsOfUseModal
FNF:1
FNH:0
FNDA:0,TermsOfUseModal
DA:1,0
DA:2,0
DA:3,0
DA:4,0
DA:11,0
DA:12,0
DA:13,0
DA:16,0
LF:8
LH:0
BRDA:12,0,0,0
BRDA:12,0,1,0
BRF:2
BRH:0
end_of_record
TN:
SF:src/components/companies/company-request-form.tsx
FN:11,CompanyRequestForm
FN:20,onSubmit
FNF:2
FNH:0
FNDA:0,CompanyRequestForm
FNDA:0,onSubmit
DA:3,0
DA:4,0
DA:5,0
DA:6,0
DA:7,0
DA:9,0
DA:11,0
DA:12,0
DA:18,0
DA:21,0
DA:22,0
DA:23,0
DA:25,0
DA:29,0
LF:14
LH:0
BRF:0
BRH:0
end_of_record
TN:
SF:src/components/faq/faq-item.tsx
FN:8,FaqItem
FNF:1
FNH:0
FNDA:0,FaqItem
DA:1,0
DA:8,0
DA:9,0
LF:3
LH:0
BRF:0
BRH:0
end_of_record
TN:
SF:src/components/faq/faq-tabs.tsx
FN:54,FaqTabs
FN:68,(anonymous_1)
FN:77,(anonymous_2)
FN:84,(anonymous_3)
FNF:4
FNH:0
FNDA:0,FaqTabs
FNDA:0,(anonymous_1)
FNDA:0,(anonymous_2)
FNDA:0,(anonymous_3)
DA:3,0
DA:4,0
DA:5,0
DA:6,0
DA:8,0
DA:31,0
DA:54,0
DA:55,0
DA:59,0
DA:61,0
DA:68,0
DA:77,0
DA:85,0
LF:13
LH:0
BRDA:59,0,0,0
BRDA:59,0,1,0
BRDA:66,1,0,0
BRDA:66,1,1,0
BRDA:75,2,0,0
BRDA:75,2,1,0
BRF:6
BRH:0
end_of_record
TN:
SF:src/components/form/phone-input.tsx
FN:30,PhoneInput
FN:44,(anonymous_1)
FN:46,(anonymous_2)
FN:57,handleCountryChange
FN:63,(anonymous_4)
FN:64,handlePointerDown
FN:72,(anonymous_6)
FN:77,handleNumberChange
FN:86,handleCountrySelect
FN:91,handleTriggerKeyDown
FN:112,(anonymous_10)
FN:112,(anonymous_11)
FN:131,(anonymous_12)
FN:140,(anonymous_13)
FN:163,(anonymous_14)
FNF:15
FNH:15
FNDA:153,PhoneInput
FNDA:153,(anonymous_1)
FNDA:219,(anonymous_2)
FNDA:2,handleCountryChange
FNDA:15,(anonymous_4)
FNDA:20,handlePointerDown
FNDA:15,(anonymous_6)
FNDA:33,handleNumberChange
FNDA:1,handleCountrySelect
FNDA:2,handleTriggerKeyDown
FNDA:2,(anonymous_10)
FNDA:2,(anonymous_11)
FNDA:6,(anonymous_12)
FNDA:1,(anonymous_13)
FNDA:306,(anonymous_14)
DA:3,2
DA:11,2
DA:12,2
DA:13,2
DA:30,2
DA:40,153
DA:41,153
DA:42,153
DA:44,153
DA:45,153
DA:46,219
DA:51,153
DA:58,2
DA:60,2
DA:63,153
DA:65,20
DA:66,17
DA:70,15
DA:72,15
DA:73,15
DA:78,33
DA:83,33
DA:87,1
DA:88,1
DA:92,2
DA:93,1
DA:94,1
DA:97,2
DA:98,1
DA:102,153
DA:112,2
DA:132,6
DA:134,6
DA:140,1
DA:164,306
LF:35
LH:35
BRDA:31,0,0,0
BRDA:32,1,0,0
BRDA:36,2,0,152
BRDA:37,3,0,153
BRDA:38,4,0,13
BRDA:46,5,0,153
BRDA:46,5,1,0
BRDA:65,6,0,17
BRDA:65,6,1,3
BRDA:65,7,0,0
BRDA:65,7,1,20
BRDA:65,8,0,20
BRDA:65,8,1,20
BRDA:92,9,0,1
BRDA:92,9,1,1
BRDA:92,10,0,2
BRDA:92,10,1,2
BRDA:92,10,2,1
BRDA:97,11,0,1
BRDA:97,11,1,1
BRDA:114,12,0,153
BRDA:114,12,1,152
BRDA:125,13,0,3
BRDA:125,13,1,150
BRDA:125,14,0,153
BRDA:125,14,1,3
BRDA:125,15,0,3
BRDA:125,15,1,3
BRDA:146,16,0,3
BRDA:146,16,1,3
BRDA:158,17,0,153
BRDA:158,17,1,152
BRDA:189,18,0,153
BRDA:189,18,1,28
BRF:34
BRH:30
end_of_record
TN:
SF:src/components/home/companies-section.tsx
FN:11,CompaniesSection
FN:29,(anonymous_2)
FN:39,(anonymous_3)
FNF:3
FNH:0
FNDA:0,CompaniesSection
FNDA:0,(anonymous_2)
FNDA:0,(anonymous_3)
DA:3,0
DA:4,0
DA:5,0
DA:6,0
DA:7,0
DA:8,0
DA:9,0
DA:11,0
DA:12,0
DA:14,0
DA:15,0
DA:18,0
DA:30,0
DA:39,0
LF:14
LH:0
BRDA:14,0,0,0
BRDA:14,0,1,0
BRDA:14,1,0,0
BRDA:14,1,1,0
BRDA:14,1,2,0
BRDA:27,2,0,0
BRDA:27,2,1,0
BRDA:35,3,0,0
BRDA:35,3,1,0
BRDA:37,4,0,0
BRDA:37,4,1,0
BRDA:37,4,2,0
BRDA:37,4,3,0
BRDA:44,5,0,0
BRDA:44,5,1,0
BRDA:44,6,0,0
BRDA:44,6,1,0
BRDA:44,7,0,0
BRDA:44,7,1,0
BRDA:41,8,0,0
BRDA:41,8,1,0
BRDA:41,8,2,0
BRF:22
BRH:0
end_of_record
TN:
SF:src/components/home/featured-jobs-section.tsx
FN:16,FeaturedJobsSection
FN:27,(anonymous_2)
FN:31,(anonymous_3)
FN:37,(anonymous_4)
FN:44,(anonymous_5)
FN:47,(anonymous_6)
FN:48,(anonymous_7)
FN:53,(anonymous_8)
FN:83,(anonymous_9)
FN:99,(anonymous_10)
FNF:10
FNH:0
FNDA:0,FeaturedJobsSection
FNDA:0,(anonymous_2)
FNDA:0,(anonymous_3)
FNDA:0,(anonymous_4)
FNDA:0,(anonymous_5)
FNDA:0,(anonymous_6)
FNDA:0,(anonymous_7)
FNDA:0,(anonymous_8)
FNDA:0,(anonymous_9)
FNDA:0,(anonymous_10)
DA:3,0
DA:4,0
DA:5,0
DA:6,0
DA:7,0
DA:8,0
DA:9,0
DA:10,0
DA:11,0
DA:12,0
DA:13,0
DA:14,0
DA:16,0
DA:17,0
DA:22,0
DA:23,0
DA:24,0
DA:26,0
DA:27,0
DA:29,0
DA:32,0
DA:34,0
DA:37,0
DA:38,0
DA:39,0
DA:44,0
DA:45,0
DA:47,0
DA:48,0
DA:49,0
DA:53,0
DA:54,0
DA:55,0
DA:56,0
DA:61,0
DA:62,0
DA:65,0
DA:84,0
DA:100,0
LF:39
LH:0
BRDA:29,0,0,0
BRDA:29,0,1,0
BRDA:38,1,0,0
BRDA:38,1,1,0
BRDA:55,2,0,0
BRDA:55,2,1,0
BRDA:61,3,0,0
BRDA:61,3,1,0
BRDA:61,4,0,0
BRDA:61,4,1,0
BRDA:61,4,2,0
BRDA:61,4,3,0
BRDA:61,4,4,0
BRDA:81,5,0,0
BRDA:81,5,1,0
BRDA:81,5,2,0
BRDA:89,6,0,0
BRDA:89,6,1,0
BRDA:91,7,0,0
BRDA:91,7,1,0
BRDA:93,8,0,0
BRDA:93,8,1,0
BRDA:93,8,2,0
BRDA:93,8,3,0
BRDA:93,8,4,0
BRDA:93,8,5,0
BRDA:96,9,0,0
BRDA:96,9,1,0
BRF:28
BRH:0
end_of_record
TN:
SF:src/components/home/features-section.tsx
FN:79,FeaturesSection
FN:88,(anonymous_1)
FNF:2
FNH:0
FNDA:0,FeaturesSection
FNDA:0,(anonymous_1)
DA:2,0
DA:10,0
DA:11,0
DA:12,0
DA:14,0
DA:77,0
DA:79,0
DA:80,0
DA:89,0
DA:91,0
LF:10
LH:0
BRF:0
BRH:0
end_of_record
TN:
SF:src/components/home/hero-section.tsx
FN:10,HeroSection
FNF:1
FNH:0
FNDA:0,HeroSection
DA:3,0
DA:4,0
DA:5,0
DA:6,0
DA:7,0
DA:8,0
DA:10,0
DA:11,0
DA:13,0
LF:9
LH:0
BRDA:27,0,0,0
BRDA:27,0,1,0
BRDA:30,1,0,0
BRDA:30,1,1,0
BRDA:32,2,0,0
BRDA:32,2,1,0
BRF:6
BRH:0
end_of_record
TN:
SF:src/components/jobs/apply-job-button.tsx
FN:19,ApplyJobButton
FN:35,handleApply
FNF:2
FNH:2
FNDA:9,ApplyJobButton
FNDA:2,handleApply
DA:3,1
DA:4,1
DA:5,1
DA:6,1
DA:7,1
DA:8,1
DA:9,1
DA:10,1
DA:19,1
DA:25,9
DA:26,9
DA:27,9
DA:28,9
DA:30,9
DA:31,9
DA:33,9
DA:36,2
DA:37,0
DA:38,0
DA:41,2
DA:42,0
DA:43,0
DA:46,2
DA:47,0
DA:48,0
DA:51,2
DA:52,0
DA:53,0
DA:56,2
DA:57,2
DA:59,2
DA:63,1
DA:64,1
DA:65,1
DA:66,1
DA:68,1
DA:70,2
DA:74,9
LF:38
LH:30
BRDA:21,0,0,8
BRDA:30,1,0,1
BRDA:30,1,1,8
BRDA:30,2,0,9
BRDA:30,2,1,8
BRDA:31,3,0,1
BRDA:31,3,1,8
BRDA:31,4,0,9
BRDA:31,4,1,8
BRDA:33,5,0,9
BRDA:33,5,1,8
BRDA:33,5,2,7
BRDA:36,6,0,0
BRDA:36,6,1,2
BRDA:41,7,0,0
BRDA:41,7,1,2
BRDA:46,8,0,0
BRDA:46,8,1,2
BRDA:51,9,0,0
BRDA:51,9,1,2
BRDA:64,10,0,0
BRDA:64,10,1,1
BRDA:64,11,0,1
BRDA:64,11,1,1
BRDA:65,12,0,0
BRDA:65,12,1,1
BRDA:65,13,0,1
BRDA:65,13,1,1
BRDA:76,14,0,9
BRDA:76,14,1,7
BRDA:76,14,2,7
BRDA:81,15,0,7
BRDA:81,15,1,6
BRDA:85,16,0,1
BRDA:85,16,1,6
BRF:35
BRH:29
end_of_record
TN:
SF:src/components/jobs/job-card.tsx
FN:28,JobDivider
FN:38,getLanguageLabel
FN:46,getLanguageLevelLabel
FN:56,getEducationLevelLabel
FN:71,JobCard
FN:170,(anonymous_6)
FN:240,(anonymous_7)
FNF:7
FNH:5
FNDA:0,JobDivider
FNDA:4,getLanguageLabel
FNDA:4,getLanguageLevelLabel
FNDA:4,getEducationLevelLabel
FNDA:4,JobCard
FNDA:4,(anonymous_6)
FNDA:0,(anonymous_7)
DA:1,1
DA:2,1
DA:3,1
DA:4,1
DA:5,1
DA:6,1
DA:13,1
DA:14,1
DA:15,1
DA:16,1
DA:29,0
DA:39,4
DA:47,4
DA:57,4
DA:71,1
DA:73,4
DA:74,4
DA:75,4
DA:77,4
DA:78,4
DA:83,4
DA:85,4
DA:171,4
DA:241,0
LF:24
LH:22
BRDA:71,0,0,4
BRDA:71,1,0,4
BRDA:71,2,0,4
BRDA:73,3,0,0
BRDA:73,3,1,4
BRDA:73,4,0,4
BRDA:73,4,1,4
BRDA:74,5,0,4
BRDA:74,5,1,0
BRDA:75,6,0,0
BRDA:75,6,1,4
BRDA:75,7,0,4
BRDA:75,7,1,4
BRDA:77,8,0,0
BRDA:77,8,1,4
BRDA:77,9,0,4
BRDA:77,9,1,4
BRDA:77,10,0,0
BRDA:77,10,1,4
BRDA:77,11,0,4
BRDA:77,11,1,4
BRDA:78,12,0,4
BRDA:78,12,1,0
BRDA:86,13,0,4
BRDA:86,13,1,0
BRDA:88,14,0,4
BRDA:88,14,1,3
BRDA:88,15,0,1
BRDA:88,15,1,3
BRDA:88,16,0,4
BRDA:88,16,1,4
BRDA:96,17,0,3
BRDA:96,17,1,0
BRDA:99,18,0,3
BRDA:99,18,1,3
BRDA:107,19,0,3
BRDA:107,19,1,3
BRDA:112,20,0,3
BRDA:112,20,1,3
BRDA:122,21,0,4
BRDA:122,21,1,0
BRDA:123,22,0,4
BRDA:123,22,1,0
BRDA:126,23,0,4
BRDA:126,23,1,0
BRDA:129,24,0,0
BRDA:129,24,1,4
BRDA:131,25,0,4
BRDA:131,25,1,4
BRDA:131,26,0,0
BRDA:131,26,1,4
BRDA:131,27,0,4
BRDA:131,27,1,4
BRDA:134,28,0,0
BRDA:134,28,1,4
BRDA:143,29,0,4
BRDA:143,29,1,0
BRDA:143,29,2,0
BRDA:143,29,3,0
BRDA:143,29,4,4
BRDA:144,30,0,0
BRDA:144,30,1,0
BRDA:144,31,0,0
BRDA:144,31,1,0
BRDA:145,32,0,0
BRDA:145,32,1,0
BRDA:145,33,0,0
BRDA:145,33,1,0
BRDA:146,34,0,0
BRDA:146,34,1,0
BRDA:146,35,0,0
BRDA:146,35,1,0
BRDA:146,36,0,0
BRDA:146,36,1,0
BRDA:146,37,0,0
BRDA:146,37,1,0
BRDA:149,38,0,4
BRDA:149,38,1,0
BRDA:157,39,0,4
BRDA:157,39,1,0
BRDA:157,39,2,4
BRDA:157,40,0,0
BRDA:157,40,1,4
BRDA:157,41,0,4
BRDA:157,41,1,4
BRDA:158,42,0,0
BRDA:158,42,1,0
BRDA:158,43,0,0
BRDA:158,43,1,0
BRDA:162,44,0,4
BRDA:162,44,1,0
BRDA:163,45,0,0
BRDA:163,45,1,4
BRDA:170,46,0,0
BRDA:170,46,1,4
BRDA:170,47,0,4
BRDA:170,47,1,4
BRDA:170,48,0,0
BRDA:170,48,1,4
BRDA:170,49,0,4
BRDA:170,49,1,4
BRDA:184,50,0,4
BRDA:184,50,1,4
BRDA:187,51,0,4
BRDA:187,51,1,0
BRDA:195,52,0,0
BRDA:195,52,1,4
BRDA:203,53,0,4
BRDA:203,53,1,0
BRDA:211,54,0,4
BRDA:211,54,1,0
BRDA:224,55,0,0
BRDA:224,55,1,0
BRDA:227,56,0,0
BRDA:227,56,1,0
BRDA:233,57,0,0
BRDA:233,57,1,0
BRDA:233,57,2,0
BRDA:233,58,0,0
BRDA:233,58,1,0
BRDA:233,59,0,0
BRDA:233,59,1,0
BRDA:233,60,0,0
BRDA:233,60,1,0
BRDA:233,61,0,0
BRDA:233,61,1,0
BRDA:236,62,0,0
BRDA:236,62,1,0
BRDA:237,63,0,0
BRDA:237,63,1,0
BRDA:240,64,0,0
BRDA:240,64,1,0
BRDA:240,65,0,0
BRDA:240,65,1,0
BRDA:240,66,0,0
BRDA:240,66,1,0
BRDA:240,67,0,0
BRDA:240,67,1,0
BRDA:254,68,0,0
BRDA:254,68,1,0
BRDA:257,69,0,0
BRDA:257,69,1,0
BRDA:264,70,0,0
BRDA:264,70,1,0
BRDA:264,70,2,0
BRDA:264,71,0,0
BRDA:264,71,1,0
BRDA:264,72,0,0
BRDA:264,72,1,0
BRDA:271,73,0,0
BRDA:271,73,1,0
BRDA:274,74,0,0
BRDA:274,74,1,0
BRDA:277,75,0,0
BRDA:277,75,1,0
BRDA:283,76,0,0
BRDA:283,76,1,0
BRDA:291,77,0,0
BRDA:291,77,1,0
BRDA:299,78,0,0
BRDA:299,78,1,0
BRDA:307,79,0,0
BRDA:307,79,1,0
BRDA:324,80,0,0
BRDA:324,80,1,4
BRDA:326,81,0,4
BRDA:326,81,1,0
BRF:167
BRH:65
end_of_record
TN:
SF:src/components/jobs/job-company-header.tsx
FN:13,JobCompanyHeader
FNF:1
FNH:1
FNDA:3,JobCompanyHeader
DA:1,1
DA:4,1
DA:5,1
DA:13,1
DA:18,3
DA:25,3
LF:6
LH:6
BRDA:16,0,0,3
BRDA:19,1,0,1
BRDA:19,1,1,2
BRDA:19,2,0,3
BRDA:19,2,1,3
BRDA:19,3,0,1
BRDA:19,3,1,2
BRDA:19,4,0,3
BRDA:19,4,1,3
BRDA:19,5,0,1
BRDA:19,5,1,2
BRDA:19,6,0,3
BRDA:19,6,1,3
BRDA:20,7,0,1
BRDA:20,7,1,2
BRDA:20,8,0,3
BRDA:20,8,1,3
BRDA:20,9,0,1
BRDA:20,9,1,2
BRDA:20,10,0,3
BRDA:20,10,1,3
BRDA:20,11,0,1
BRDA:20,11,1,2
BRDA:20,12,0,3
BRDA:20,12,1,3
BRDA:27,13,0,3
BRDA:27,13,1,1
BRDA:27,14,0,2
BRDA:27,14,1,1
BRDA:27,15,0,3
BRDA:27,15,1,3
BRDA:33,16,0,0
BRDA:33,16,1,1
BRDA:36,17,0,0
BRDA:36,17,1,1
BRDA:44,18,0,3
BRDA:44,18,1,2
BRDA:46,19,0,1
BRDA:46,19,1,1
BRDA:46,20,0,1
BRDA:46,20,1,1
BRDA:46,21,0,2
BRDA:46,21,1,2
BRDA:65,22,0,2
BRDA:65,22,1,2
BRF:45
BRH:43
end_of_record
TN:
SF:src/components/jobs/job-details-page-content.tsx
FN:30,JobDetailsPageContent
FN:39,(anonymous_2)
FN:53,(anonymous_3)
FN:54,(anonymous_4)
FNF:4
FNH:0
FNDA:0,JobDetailsPageContent
FNDA:0,(anonymous_2)
FNDA:0,(anonymous_3)
FNDA:0,(anonymous_4)
DA:3,0
DA:4,0
DA:5,0
DA:6,0
DA:7,0
DA:8,0
DA:9,0
DA:10,0
DA:11,0
DA:12,0
DA:13,0
DA:14,0
DA:15,0
DA:16,0
DA:17,0
DA:18,0
DA:19,0
DA:20,0
DA:21,0
DA:22,0
DA:23,0
DA:24,0
DA:30,0
DA:31,0
DA:33,0
DA:35,0
DA:39,0
DA:41,0
DA:46,0
DA:48,0
DA:53,0
DA:54,0
DA:57,0
DA:58,0
DA:61,0
DA:62,0
DA:65,0
DA:66,0
DA:69,0
DA:70,0
DA:73,0
LF:41
LH:0
BRDA:33,0,0,0
BRDA:33,0,1,0
BRDA:33,1,0,0
BRDA:33,1,1,0
BRDA:33,2,0,0
BRDA:33,2,1,0
BRDA:48,3,0,0
BRDA:48,3,1,0
BRDA:48,4,0,0
BRDA:48,4,1,0
BRDA:48,5,0,0
BRDA:48,5,1,0
BRDA:51,6,0,0
BRDA:51,6,1,0
BRDA:53,7,0,0
BRDA:53,7,1,0
BRDA:53,8,0,0
BRDA:53,8,1,0
BRDA:57,9,0,0
BRDA:57,9,1,0
BRDA:57,10,0,0
BRDA:57,10,1,0
BRDA:61,11,0,0
BRDA:61,11,1,0
BRDA:65,12,0,0
BRDA:65,12,1,0
BRDA:69,13,0,0
BRDA:69,13,1,0
BRDA:84,14,0,0
BRDA:84,14,1,0
BRDA:84,15,0,0
BRDA:84,15,1,0
BRDA:84,16,0,0
BRDA:84,16,1,0
BRDA:87,17,0,0
BRDA:87,17,1,0
BRDA:123,18,0,0
BRDA:123,18,1,0
BRDA:128,19,0,0
BRDA:128,19,1,0
BRDA:128,20,0,0
BRDA:128,20,1,0
BRDA:128,21,0,0
BRDA:128,21,1,0
BRDA:139,22,0,0
BRDA:139,22,1,0
BRDA:139,23,0,0
BRDA:139,23,1,0
BRDA:146,24,0,0
BRDA:146,24,1,0
BRDA:146,25,0,0
BRDA:146,25,1,0
BRDA:146,26,0,0
BRDA:146,26,1,0
BRDA:159,27,0,0
BRDA:159,27,1,0
BRDA:169,28,0,0
BRDA:169,28,1,0
BRDA:179,29,0,0
BRDA:179,29,1,0
BRDA:189,30,0,0
BRDA:189,30,1,0
BRDA:209,31,0,0
BRDA:209,31,1,0
BRF:64
BRH:0
end_of_record
TN:
SF:src/components/jobs/job-grid.tsx
FN:17,JobGrid
FN:35,normalizeSearchValue
FN:42,getLanguageLabel
FN:50,(anonymous_3)
FN:53,(anonymous_4)
FN:60,(anonymous_5)
FN:72,(anonymous_6)
FN:74,(anonymous_7)
FN:86,handlePageChange
FN:93,(anonymous_9)
FN:111,(anonymous_10)
FNF:11
FNH:11
FNDA:7,JobGrid
FNDA:40,normalizeSearchValue
FNDA:2,getLanguageLabel
FNDA:6,(anonymous_3)
FNDA:9,(anonymous_4)
FNDA:2,(anonymous_5)
FNDA:34,(anonymous_6)
FNDA:30,(anonymous_7)
FNDA:1,handlePageChange
FNDA:6,(anonymous_9)
FNDA:5,(anonymous_10)
DA:3,1
DA:4,1
DA:5,1
DA:6,1
DA:7,1
DA:8,1
DA:9,1
DA:10,1
DA:11,1
DA:17,1
DA:18,7
DA:19,7
DA:21,7
DA:24,7
DA:25,7
DA:27,7
DA:28,0
DA:29,0
DA:30,7
DA:31,3
DA:32,3
DA:36,40
DA:43,2
DA:50,7
DA:51,6
DA:53,6
DA:54,9
DA:55,3
DA:58,6
DA:59,6
DA:60,2
DA:63,6
DA:72,34
DA:74,30
DA:79,7
DA:80,7
DA:82,7
DA:83,7
DA:84,7
DA:87,1
DA:90,7
DA:91,1
DA:94,6
DA:100,6
DA:101,1
DA:104,5
DA:112,5
LF:47
LH:45
BRDA:27,0,0,0
BRDA:27,0,1,7
BRDA:30,1,0,3
BRDA:30,1,1,4
BRDA:54,2,0,3
BRDA:54,2,1,6
BRDA:58,3,0,0
BRDA:58,3,1,6
BRDA:58,4,0,6
BRDA:58,4,1,6
BRDA:58,5,0,0
BRDA:58,5,1,6
BRDA:58,6,0,6
BRDA:58,6,1,6
BRDA:59,7,0,6
BRDA:59,7,1,0
BRDA:59,8,0,0
BRDA:59,8,1,6
BRDA:59,9,0,6
BRDA:59,9,1,6
BRDA:66,10,0,0
BRDA:66,10,1,6
BRDA:66,11,0,6
BRDA:66,11,1,6
BRDA:67,12,0,0
BRDA:67,12,1,6
BRDA:67,13,0,6
BRDA:67,13,1,6
BRDA:68,14,0,0
BRDA:68,14,1,6
BRDA:68,15,0,6
BRDA:68,15,1,6
BRDA:80,16,0,4
BRDA:80,16,1,3
BRDA:90,17,0,1
BRDA:90,17,1,6
BRDA:100,18,0,1
BRDA:100,18,1,5
BRDA:106,19,0,1
BRDA:106,19,1,4
BRF:40
BRH:32
end_of_record
TN:
SF:src/components/jobs/job-location-map-test.tsx
FN:19,buildAddressQuery
FN:47,geocodeAddress
FN:72,calculateDistanceInKm
FN:73,(anonymous_13)
FN:91,JobLocationMapTest
FN:101,(anonymous_15)
FN:105,(anonymous_16)
FN:109,(anonymous_17)
FN:112,loadCoordinates
FN:144,(anonymous_19)
FN:149,(anonymous_20)
FN:152,renderMap
FN:157,(anonymous_22)
FN:223,(anonymous_23)
FN:228,(anonymous_24)
FN:229,(anonymous_25)
FNF:16
FNH:16
FNDA:16,buildAddressQuery
FNDA:5,geocodeAddress
FNDA:1,calculateDistanceInKm
FNDA:4,(anonymous_13)
FNDA:8,JobLocationMapTest
FNDA:4,(anonymous_15)
FNDA:4,(anonymous_16)
FNDA:4,(anonymous_17)
FNDA:4,loadCoordinates
FNDA:4,(anonymous_19)
FNDA:6,(anonymous_20)
FNDA:6,renderMap
FNDA:2,(anonymous_22)
FNDA:6,(anonymous_23)
FNDA:4,(anonymous_24)
FNDA:4,(anonymous_25)
DA:3,1
DA:4,1
DA:5,1
DA:6,1
DA:7,1
DA:8,1
DA:9,1
DA:11,1
DA:12,1
DA:29,16
DA:30,3
DA:33,13
DA:48,5
DA:49,0
DA:52,5
DA:56,5
DA:57,1
DA:60,4
DA:62,4
DA:63,1
DA:66,3
DA:73,4
DA:74,1
DA:75,1
DA:76,1
DA:78,1
DA:84,1
DA:91,1
DA:92,8
DA:93,8
DA:94,8
DA:95,8
DA:96,8
DA:97,8
DA:98,8
DA:100,8
DA:101,4
DA:104,8
DA:105,4
DA:109,8
DA:110,4
DA:113,4
DA:114,4
DA:115,4
DA:117,4
DA:119,3
DA:123,3
DA:124,0
DA:127,3
DA:128,3
DA:130,1
DA:131,0
DA:134,1
DA:136,4
DA:137,4
DA:142,4
DA:144,4
DA:145,4
DA:149,8
DA:150,6
DA:153,6
DA:154,4
DA:157,4
DA:159,2
DA:160,0
DA:163,2
DA:164,0
DA:165,0
DA:168,2
DA:174,2
DA:176,2
DA:180,2
DA:190,2
DA:196,2
DA:197,1
DA:207,1
DA:213,1
DA:217,1
DA:221,6
DA:223,6
DA:224,6
DA:228,8
DA:229,4
DA:230,4
DA:231,2
DA:232,2
DA:238,8
DA:242,8
DA:245,8
DA:255,8
DA:256,8
DA:260,8
LF:92
LH:86
BRDA:29,0,0,3
BRDA:29,0,1,13
BRDA:48,1,0,0
BRDA:48,1,1,5
BRDA:56,2,0,1
BRDA:56,2,1,4
BRDA:62,3,0,1
BRDA:62,3,1,3
BRDA:101,4,0,0
BRDA:101,4,1,4
BRDA:101,5,0,4
BRDA:101,5,1,4
BRDA:101,6,0,0
BRDA:101,6,1,4
BRDA:101,7,0,4
BRDA:101,7,1,4
BRDA:102,8,0,0
BRDA:102,8,1,8
BRDA:102,9,0,8
BRDA:102,9,1,8
BRDA:102,10,0,0
BRDA:102,10,1,8
BRDA:102,11,0,8
BRDA:102,11,1,8
BRDA:105,12,0,2
BRDA:105,12,1,2
BRDA:105,13,0,4
BRDA:105,13,1,4
BRDA:105,14,0,2
BRDA:105,14,1,2
BRDA:105,15,0,4
BRDA:105,15,1,4
BRDA:105,16,0,2
BRDA:105,16,1,2
BRDA:105,17,0,4
BRDA:105,17,1,2
BRDA:106,18,0,4
BRDA:106,18,1,4
BRDA:106,19,0,8
BRDA:106,19,1,8
BRDA:106,20,0,4
BRDA:106,20,1,4
BRDA:106,21,0,8
BRDA:106,21,1,8
BRDA:106,22,0,4
BRDA:106,22,1,4
BRDA:106,23,0,8
BRDA:106,23,1,4
BRDA:119,24,0,1
BRDA:119,24,1,2
BRDA:119,25,0,3
BRDA:119,25,1,2
BRDA:123,26,0,0
BRDA:123,26,1,3
BRDA:130,27,0,0
BRDA:130,27,1,1
BRDA:136,28,0,4
BRDA:136,28,1,0
BRDA:153,29,0,4
BRDA:153,29,1,2
BRDA:153,30,0,6
BRDA:153,30,1,2
BRDA:159,31,0,0
BRDA:159,31,1,2
BRDA:159,32,0,2
BRDA:159,32,1,2
BRDA:163,33,0,0
BRDA:163,33,1,2
BRDA:194,34,0,2
BRDA:194,34,1,0
BRDA:194,35,0,0
BRDA:194,35,1,2
BRDA:194,36,0,2
BRDA:194,36,1,2
BRDA:196,37,0,1
BRDA:196,37,1,1
BRDA:211,38,0,1
BRDA:211,38,1,0
BRDA:211,39,0,0
BRDA:211,39,1,1
BRDA:211,40,0,1
BRDA:211,40,1,1
BRDA:226,41,0,0
BRDA:226,41,1,8
BRDA:226,42,0,8
BRDA:226,42,1,8
BRDA:226,43,0,4
BRDA:226,43,1,4
BRDA:226,44,0,8
BRDA:226,44,1,4
BRDA:230,45,0,2
BRDA:230,45,1,2
BRDA:238,46,0,1
BRDA:238,46,1,7
BRDA:238,47,0,8
BRDA:238,47,1,2
BRDA:242,48,0,8
BRDA:242,48,1,4
BRDA:242,48,2,4
BRDA:243,49,0,0
BRDA:243,49,1,4
BRDA:243,50,0,4
BRDA:243,50,1,4
BRDA:246,51,0,0
BRDA:246,51,1,8
BRDA:246,52,0,8
BRDA:246,52,1,8
BRDA:246,53,0,0
BRDA:246,53,1,8
BRDA:246,54,0,8
BRDA:246,54,1,8
BRDA:246,55,0,0
BRDA:246,55,1,8
BRDA:246,56,0,8
BRDA:246,56,1,8
BRDA:247,57,0,0
BRDA:247,57,1,8
BRDA:247,58,0,8
BRDA:247,58,1,8
BRDA:247,59,0,0
BRDA:247,59,1,8
BRDA:247,60,0,8
BRDA:247,60,1,8
BRDA:247,61,0,0
BRDA:247,61,1,8
BRDA:247,62,0,8
BRDA:247,62,1,8
BRDA:248,63,0,0
BRDA:248,63,1,8
BRDA:248,64,0,8
BRDA:248,64,1,8
BRDA:248,65,0,0
BRDA:248,65,1,8
BRDA:248,66,0,8
BRDA:248,66,1,8
BRDA:248,67,0,0
BRDA:248,67,1,8
BRDA:248,68,0,8
BRDA:248,68,1,8
BRDA:249,69,0,0
BRDA:249,69,1,8
BRDA:249,70,0,8
BRDA:249,70,1,8
BRDA:249,71,0,0
BRDA:249,71,1,8
BRDA:249,72,0,8
BRDA:249,72,1,8
BRDA:249,73,0,0
BRDA:249,73,1,8
BRDA:249,74,0,8
BRDA:249,74,1,8
BRDA:250,75,0,0
BRDA:250,75,1,8
BRDA:250,76,0,8
BRDA:250,76,1,8
BRDA:250,77,0,0
BRDA:250,77,1,8
BRDA:250,78,0,8
BRDA:250,78,1,8
BRDA:250,79,0,0
BRDA:250,79,1,8
BRDA:250,80,0,8
BRDA:250,80,1,8
BRDA:251,81,0,0
BRDA:251,81,1,8
BRDA:251,82,0,8
BRDA:251,82,1,8
BRDA:251,83,0,0
BRDA:251,83,1,8
BRDA:251,84,0,8
BRDA:251,84,1,8
BRDA:251,85,0,0
BRDA:251,85,1,8
BRDA:251,86,0,8
BRDA:251,86,1,8
BRDA:255,87,0,0
BRDA:255,87,1,8
BRDA:255,88,0,8
BRDA:255,88,1,8
BRDA:255,89,0,0
BRDA:255,89,1,8
BRDA:255,90,0,8
BRDA:255,90,1,8
BRDA:256,91,0,8
BRDA:256,91,1,0
BRDA:267,92,0,8
BRDA:267,92,1,4
BRDA:273,93,0,8
BRDA:273,93,1,4
BRDA:273,93,2,1
BRDA:279,94,0,8
BRDA:279,94,1,4
BRDA:279,94,2,3
BRDA:279,94,3,1
BRDA:285,95,0,8
BRDA:285,95,1,4
BRDA:285,95,2,3
BRDA:285,95,3,2
BRDA:289,96,0,2
BRDA:289,96,1,2
BRDA:291,97,0,2
BRDA:291,97,1,0
BRDA:300,98,0,1
BRDA:300,98,1,1
BRDA:303,99,0,0
BRDA:303,99,1,1
BRDA:303,100,0,1
BRDA:303,100,1,1
BRDA:305,101,0,1
BRDA:305,101,1,0
BRF:210
BRH:170
end_of_record
TN:
SF:src/components/jobs/job-search-input.tsx
FN:10,JobSearchInput
FN:33,(anonymous_1)
FNF:2
FNH:2
FNDA:6,JobSearchInput
FNDA:11,(anonymous_1)
DA:3,2
DA:10,2
DA:11,6
DA:33,11
LF:4
LH:4
BRF:0
BRH:0
end_of_record
TN:
SF:src/components/jobs/jobs-page-content.tsx
FN:9,JobsPageContent
FNF:1
FNH:1
FNDA:5,JobsPageContent
DA:3,1
DA:4,1
DA:5,1
DA:6,1
DA:7,1
DA:9,1
DA:10,5
DA:12,5
LF:8
LH:8
BRF:0
BRH:0
end_of_record
TN:
SF:src/components/layout/footer.tsx
FN:13,Footer
FNF:1
FNH:0
FNDA:0,Footer
DA:1,0
DA:2,0
DA:8,0
DA:9,0
DA:10,0
DA:11,0
DA:13,0
DA:14,0
LF:8
LH:0
BRF:0
BRH:0
end_of_record
TN:
SF:src/components/layout/header.tsx
FN:20,Header
FN:30,closeMenu
FN:34,handleSignOut
FN:45,renderDesktopAuthActions
FN:63,(anonymous_5)
FN:96,renderMobileAuthActions
FN:115,(anonymous_7)
FN:251,(anonymous_8)
FN:251,(anonymous_9)
FNF:9
FNH:0
FNDA:0,Header
FNDA:0,closeMenu
FNDA:0,handleSignOut
FNDA:0,renderDesktopAuthActions
FNDA:0,(anonymous_5)
FNDA:0,renderMobileAuthActions
FNDA:0,(anonymous_7)
FNDA:0,(anonymous_8)
FNDA:0,(anonymous_9)
DA:3,0
DA:4,0
DA:5,0
DA:11,0
DA:12,0
DA:13,0
DA:14,0
DA:15,0
DA:16,0
DA:17,0
DA:18,0
DA:20,0
DA:21,0
DA:22,0
DA:23,0
DA:24,0
DA:25,0
DA:27,0
DA:28,0
DA:31,0
DA:35,0
DA:36,0
DA:38,0
DA:39,0
DA:41,0
DA:46,0
DA:47,0
DA:50,0
DA:51,0
DA:64,0
DA:75,0
DA:97,0
DA:98,0
DA:101,0
DA:102,0
DA:116,0
DA:117,0
DA:128,0
DA:151,0
DA:251,0
LF:40
LH:0
BRDA:27,0,0,0
BRDA:27,0,1,0
BRDA:27,1,0,0
BRDA:27,1,1,0
BRDA:28,2,0,0
BRDA:28,2,1,0
BRDA:28,3,0,0
BRDA:28,3,1,0
BRDA:46,4,0,0
BRDA:46,4,1,0
BRDA:50,5,0,0
BRDA:50,5,1,0
BRDA:97,6,0,0
BRDA:97,6,1,0
BRDA:101,7,0,0
BRDA:101,7,1,0
BRDA:167,8,0,0
BRDA:167,8,1,0
BRDA:175,9,0,0
BRDA:175,9,1,0
BRDA:179,10,0,0
BRDA:179,10,1,0
BRDA:188,11,0,0
BRDA:188,11,1,0
BRDA:192,12,0,0
BRDA:192,12,1,0
BRDA:201,13,0,0
BRDA:201,13,1,0
BRDA:205,14,0,0
BRDA:205,14,1,0
BRDA:214,15,0,0
BRDA:214,15,1,0
BRDA:218,16,0,0
BRDA:218,16,1,0
BRDA:230,17,0,0
BRDA:230,17,1,0
BRDA:253,18,0,0
BRDA:253,18,1,0
BRDA:256,19,0,0
BRDA:256,19,1,0
BRDA:266,20,0,0
BRDA:266,20,1,0
BRDA:276,21,0,0
BRDA:276,21,1,0
BRDA:283,22,0,0
BRDA:283,22,1,0
BRDA:287,23,0,0
BRDA:287,23,1,0
BRDA:295,24,0,0
BRDA:295,24,1,0
BRDA:299,25,0,0
BRDA:299,25,1,0
BRDA:309,26,0,0
BRDA:309,26,1,0
BRDA:313,27,0,0
BRDA:313,27,1,0
BRDA:323,28,0,0
BRDA:323,28,1,0
BRDA:327,29,0,0
BRDA:327,29,1,0
BRDA:338,30,0,0
BRDA:338,30,1,0
BRF:62
BRH:0
end_of_record
TN:
SF:src/components/layout/language-dropdown.tsx
FN:6,LanguageDropdown
FNF:1
FNH:0
FNDA:0,LanguageDropdown
DA:3,0
DA:4,0
DA:6,0
DA:7,0
LF:4
LH:0
BRDA:6,0,0,0
BRDA:8,1,0,0
BRDA:8,1,1,0
BRDA:10,2,0,0
BRDA:10,2,1,0
BRF:5
BRH:0
end_of_record
TN:
SF:src/components/legal/privacy-policy-content.tsx
FN:3,PrivacyPolicyContent
FNF:1
FNH:1
FNDA:1,PrivacyPolicyContent
DA:1,1
DA:3,1
DA:4,1
LF:3
LH:3
BRF:0
BRH:0
end_of_record
TN:
SF:src/components/legal/terms-of-use-content.tsx
FN:3,TermsOfUseContent
FNF:1
FNH:1
FNDA:1,TermsOfUseContent
DA:1,1
DA:3,1
DA:4,1
LF:3
LH:3
BRF:0
BRH:0
end_of_record
TN:
SF:src/components/profile/profile-form.tsx
FN:51,formatBirthday
FN:69,getEthnicityLabel
FN:80,getGenderIdentityLabel
FN:96,getSexualOrientationLabel
FN:113,getAvailabilityShiftLabel
FN:125,hasValue
FN:137,ProfileForm
FN:148,CandidateProfileForm
FN:158,(anonymous_8)
FN:223,(anonymous_9)
FN:251,submitCandidateUpdate
FN:296,updateNumericField
FN:313,handleZipCodeLookup
FN:346,updateEducationDraftYear
FN:347,(anonymous_14)
FN:353,resetEducationDraft
FN:364,updateExperienceDraftYear
FN:365,(anonymous_17)
FN:371,resetExperienceDraft
FN:381,handleOpenEducationModal
FN:386,handleOpenExperienceModal
FN:391,handleSaveEducation
FN:425,(anonymous_22)
FN:436,handleSaveExperience
FN:464,(anonymous_24)
FN:475,handleSaveBasic
FN:483,handleSavePhone
FN:504,handleSaveDocuments
FN:572,handleSaveAddress
FN:602,handleSaveMedia
FN:617,handleSaveEthnicity
FN:630,handleSaveDiversity
FN:653,handleSavePhysicalAttributes
FN:678,handleSaveUniform
FN:709,handleSaveAvailability
FN:722,handleDeleteEducation
FN:726,confirmDeleteEducation
FN:733,(anonymous_37)
FN:745,(anonymous_38)
FN:755,cancelDeleteEducation
FN:759,handleDeleteExperience
FN:763,confirmDeleteExperience
FN:771,(anonymous_42)
FN:783,(anonymous_43)
FN:793,cancelDeleteExperience
FN:803,(anonymous_45)
FN:803,(anonymous_46)
FN:851,(anonymous_47)
FN:851,(anonymous_48)
FN:863,(anonymous_49)
FN:869,(anonymous_50)
FN:918,(anonymous_51)
FN:918,(anonymous_52)
FN:930,(anonymous_53)
FN:934,(anonymous_54)
FN:1059,(anonymous_55)
FN:1059,(anonymous_56)
FN:1184,(anonymous_57)
FN:1184,(anonymous_58)
FN:1195,(anonymous_59)
FN:1228,(anonymous_60)
FN:1228,(anonymous_61)
FN:1238,(anonymous_62)
FN:1264,(anonymous_63)
FN:1264,(anonymous_64)
FN:1274,(anonymous_65)
FN:1284,(anonymous_66)
FN:1309,(anonymous_67)
FN:1309,(anonymous_68)
FN:1322,(anonymous_69)
FN:1353,(anonymous_70)
FN:1376,(anonymous_71)
FN:1407,(anonymous_72)
FN:1442,(anonymous_73)
FN:1442,(anonymous_74)
FN:1453,(anonymous_75)
FN:1461,(anonymous_76)
FN:1469,(anonymous_77)
FN:1477,(anonymous_78)
FN:1485,(anonymous_79)
FN:1496,(anonymous_80)
FN:1520,(anonymous_81)
FN:1538,(anonymous_82)
FN:1578,(anonymous_83)
FN:1578,(anonymous_84)
FN:1594,(anonymous_85)
FN:1646,(anonymous_86)
FN:1661,(anonymous_87)
FN:1661,(anonymous_88)
FN:1677,(anonymous_89)
FN:1729,(anonymous_90)
FN:1744,(anonymous_91)
FN:1744,(anonymous_92)
FN:1750,(anonymous_93)
FN:1785,(anonymous_94)
FN:1799,(anonymous_95)
FN:1800,(anonymous_96)
FN:1814,(anonymous_97)
FN:1815,(anonymous_98)
FN:1828,(anonymous_99)
FN:1829,(anonymous_100)
FN:1841,(anonymous_101)
FN:1842,(anonymous_102)
FN:1856,(anonymous_103)
FN:1866,(anonymous_104)
FN:1867,(anonymous_105)
FN:1875,(anonymous_106)
FN:1891,(anonymous_107)
FN:1901,(anonymous_108)
FN:1902,(anonymous_109)
FN:1910,(anonymous_110)
FN:1944,(anonymous_111)
FN:1958,(anonymous_112)
FN:1959,(anonymous_113)
FN:1975,(anonymous_114)
FN:1976,(anonymous_115)
FN:1988,(anonymous_116)
FN:1989,(anonymous_117)
FN:2003,(anonymous_118)
FN:2013,(anonymous_119)
FN:2014,(anonymous_120)
FN:2022,(anonymous_121)
FN:2038,(anonymous_122)
FN:2050,(anonymous_123)
FN:2051,(anonymous_124)
FN:2059,(anonymous_125)
FNF:126
FNH:0
FNDA:0,formatBirthday
FNDA:0,getEthnicityLabel
FNDA:0,getGenderIdentityLabel
FNDA:0,getSexualOrientationLabel
FNDA:0,getAvailabilityShiftLabel
FNDA:0,hasValue
FNDA:0,ProfileForm
FNDA:0,CandidateProfileForm
FNDA:0,(anonymous_8)
FNDA:0,(anonymous_9)
FNDA:0,submitCandidateUpdate
FNDA:0,updateNumericField
FNDA:0,handleZipCodeLookup
FNDA:0,updateEducationDraftYear
FNDA:0,(anonymous_14)
FNDA:0,resetEducationDraft
FNDA:0,updateExperienceDraftYear
FNDA:0,(anonymous_17)
FNDA:0,resetExperienceDraft
FNDA:0,handleOpenEducationModal
FNDA:0,handleOpenExperienceModal
FNDA:0,handleSaveEducation
FNDA:0,(anonymous_22)
FNDA:0,handleSaveExperience
FNDA:0,(anonymous_24)
FNDA:0,handleSaveBasic
FNDA:0,handleSavePhone
FNDA:0,handleSaveDocuments
FNDA:0,handleSaveAddress
FNDA:0,handleSaveMedia
FNDA:0,handleSaveEthnicity
FNDA:0,handleSaveDiversity
FNDA:0,handleSavePhysicalAttributes
FNDA:0,handleSaveUniform
FNDA:0,handleSaveAvailability
FNDA:0,handleDeleteEducation
FNDA:0,confirmDeleteEducation
FNDA:0,(anonymous_37)
FNDA:0,(anonymous_38)
FNDA:0,cancelDeleteEducation
FNDA:0,handleDeleteExperience
FNDA:0,confirmDeleteExperience
FNDA:0,(anonymous_42)
FNDA:0,(anonymous_43)
FNDA:0,cancelDeleteExperience
FNDA:0,(anonymous_45)
FNDA:0,(anonymous_46)
FNDA:0,(anonymous_47)
FNDA:0,(anonymous_48)
FNDA:0,(anonymous_49)
FNDA:0,(anonymous_50)
FNDA:0,(anonymous_51)
FNDA:0,(anonymous_52)
FNDA:0,(anonymous_53)
FNDA:0,(anonymous_54)
FNDA:0,(anonymous_55)
FNDA:0,(anonymous_56)
FNDA:0,(anonymous_57)
FNDA:0,(anonymous_58)
FNDA:0,(anonymous_59)
FNDA:0,(anonymous_60)
FNDA:0,(anonymous_61)
FNDA:0,(anonymous_62)
FNDA:0,(anonymous_63)
FNDA:0,(anonymous_64)
FNDA:0,(anonymous_65)
FNDA:0,(anonymous_66)
FNDA:0,(anonymous_67)
FNDA:0,(anonymous_68)
FNDA:0,(anonymous_69)
FNDA:0,(anonymous_70)
FNDA:0,(anonymous_71)
FNDA:0,(anonymous_72)
FNDA:0,(anonymous_73)
FNDA:0,(anonymous_74)
FNDA:0,(anonymous_75)
FNDA:0,(anonymous_76)
FNDA:0,(anonymous_77)
FNDA:0,(anonymous_78)
FNDA:0,(anonymous_79)
FNDA:0,(anonymous_80)
FNDA:0,(anonymous_81)
FNDA:0,(anonymous_82)
FNDA:0,(anonymous_83)
FNDA:0,(anonymous_84)
FNDA:0,(anonymous_85)
FNDA:0,(anonymous_86)
FNDA:0,(anonymous_87)
FNDA:0,(anonymous_88)
FNDA:0,(anonymous_89)
FNDA:0,(anonymous_90)
FNDA:0,(anonymous_91)
FNDA:0,(anonymous_92)
FNDA:0,(anonymous_93)
FNDA:0,(anonymous_94)
FNDA:0,(anonymous_95)
FNDA:0,(anonymous_96)
FNDA:0,(anonymous_97)
FNDA:0,(anonymous_98)
FNDA:0,(anonymous_99)
FNDA:0,(anonymous_100)
FNDA:0,(anonymous_101)
FNDA:0,(anonymous_102)
FNDA:0,(anonymous_103)
FNDA:0,(anonymous_104)
FNDA:0,(anonymous_105)
FNDA:0,(anonymous_106)
FNDA:0,(anonymous_107)
FNDA:0,(anonymous_108)
FNDA:0,(anonymous_109)
FNDA:0,(anonymous_110)
FNDA:0,(anonymous_111)
FNDA:0,(anonymous_112)
FNDA:0,(anonymous_113)
FNDA:0,(anonymous_114)
FNDA:0,(anonymous_115)
FNDA:0,(anonymous_116)
FNDA:0,(anonymous_117)
FNDA:0,(anonymous_118)
FNDA:0,(anonymous_119)
FNDA:0,(anonymous_120)
FNDA:0,(anonymous_121)
FNDA:0,(anonymous_122)
FNDA:0,(anonymous_123)
FNDA:0,(anonymous_124)
FNDA:0,(anonymous_125)
DA:3,0
DA:4,0
DA:5,0
DA:15,0
DA:16,0
DA:24,0
DA:25,0
DA:26,0
DA:27,0
DA:28,0
DA:29,0
DA:30,0
DA:31,0
DA:32,0
DA:33,0
DA:35,0
DA:36,0
DA:37,0
DA:47,0
DA:48,0
DA:49,0
DA:52,0
DA:53,0
DA:56,0
DA:57,0
DA:60,0
DA:62,0
DA:63,0
DA:66,0
DA:70,0
DA:81,0
DA:97,0
DA:114,0
DA:126,0
DA:127,0
DA:130,0
DA:131,0
DA:134,0
DA:137,0
DA:138,0
DA:140,0
DA:141,0
DA:144,0
DA:148,0
DA:149,0
DA:150,0
DA:156,0
DA:157,0
DA:158,0
DA:172,0
DA:173,0
DA:174,0
DA:175,0
DA:176,0
DA:177,0
DA:178,0
DA:179,0
DA:180,0
DA:181,0
DA:182,0
DA:183,0
DA:184,0
DA:185,0
DA:186,0
DA:187,0
DA:188,0
DA:196,0
DA:203,0
DA:205,0
DA:206,0
DA:215,0
DA:223,0
DA:224,0
DA:235,0
DA:243,0
DA:247,0
DA:248,0
DA:249,0
DA:256,0
DA:257,0
DA:258,0
DA:259,0
DA:261,0
DA:262,0
DA:266,0
DA:270,0
DA:274,0
DA:278,0
DA:282,0
DA:286,0
DA:290,0
DA:294,0
DA:306,0
DA:310,0
DA:314,0
DA:316,0
DA:317,0
DA:320,0
DA:324,0
DA:328,0
DA:336,0
DA:340,0
DA:347,0
DA:354,0
DA:365,0
DA:372,0
DA:382,0
DA:383,0
DA:387,0
DA:388,0
DA:392,0
DA:393,0
DA:394,0
DA:397,0
DA:398,0
DA:399,0
DA:402,0
DA:411,0
DA:416,0
DA:426,0
DA:427,0
DA:430,0
DA:431,0
DA:432,0
DA:437,0
DA:438,0
DA:439,0
DA:442,0
DA:450,0
DA:455,0
DA:465,0
DA:466,0
DA:469,0
DA:470,0
DA:471,0
DA:476,0
DA:484,0
DA:486,0
DA:505,0
DA:507,0
DA:508,0
DA:509,0
DA:510,0
DA:512,0
DA:560,0
DA:573,0
DA:574,0
DA:587,0
DA:603,0
DA:618,0
DA:631,0
DA:632,0
DA:641,0
DA:654,0
DA:655,0
DA:664,0
DA:679,0
DA:680,0
DA:681,0
DA:683,0
DA:684,0
DA:685,0
DA:688,0
DA:697,0
DA:710,0
DA:723,0
DA:727,0
DA:728,0
DA:731,0
DA:732,0
DA:733,0
DA:736,0
DA:746,0
DA:747,0
DA:750,0
DA:751,0
DA:756,0
DA:760,0
DA:764,0
DA:765,0
DA:769,0
DA:770,0
DA:771,0
DA:774,0
DA:784,0
DA:785,0
DA:788,0
DA:789,0
DA:794,0
DA:797,0
DA:803,0
DA:851,0
DA:864,0
DA:870,0
DA:918,0
DA:931,0
DA:932,0
DA:935,0
DA:936,0
DA:1059,0
DA:1184,0
DA:1196,0
DA:1198,0
DA:1204,0
DA:1228,0
DA:1238,0
DA:1264,0
DA:1274,0
DA:1284,0
DA:1309,0
DA:1323,0
DA:1354,0
DA:1377,0
DA:1408,0
DA:1442,0
DA:1453,0
DA:1461,0
DA:1469,0
DA:1477,0
DA:1485,0
DA:1497,0
DA:1521,0
DA:1522,0
DA:1525,0
DA:1539,0
DA:1578,0
DA:1595,0
DA:1646,0
DA:1661,0
DA:1678,0
DA:1729,0
DA:1744,0
DA:1751,0
DA:1785,0
DA:1800,0
DA:1815,0
DA:1829,0
DA:1842,0
DA:1856,0
DA:1867,0
DA:1875,0
DA:1891,0
DA:1902,0
DA:1910,0
DA:1944,0
DA:1959,0
DA:1976,0
DA:1989,0
DA:2003,0
DA:2014,0
DA:2022,0
DA:2038,0
DA:2051,0
DA:2059,0
LF:254
LH:0
BRDA:52,0,0,0
BRDA:52,0,1,0
BRDA:56,1,0,0
BRDA:56,1,1,0
BRDA:56,2,0,0
BRDA:56,2,1,0
BRDA:62,3,0,0
BRDA:62,3,1,0
BRDA:126,4,0,0
BRDA:126,4,1,0
BRDA:126,5,0,0
BRDA:126,5,1,0
BRDA:130,6,0,0
BRDA:130,6,1,0
BRDA:140,7,0,0
BRDA:140,7,1,0
BRDA:140,8,0,0
BRDA:140,8,1,0
BRDA:140,9,0,0
BRDA:140,9,1,0
BRDA:217,10,0,0
BRDA:217,10,1,0
BRDA:217,11,0,0
BRDA:217,11,1,0
BRDA:218,12,0,0
BRDA:218,12,1,0
BRDA:218,13,0,0
BRDA:218,13,1,0
BRDA:219,14,0,0
BRDA:219,14,1,0
BRDA:219,15,0,0
BRDA:219,15,1,0
BRDA:225,16,0,0
BRDA:225,16,1,0
BRDA:225,17,0,0
BRDA:225,17,1,0
BRDA:226,18,0,0
BRDA:226,18,1,0
BRDA:226,19,0,0
BRDA:226,19,1,0
BRDA:227,20,0,0
BRDA:227,20,1,0
BRDA:227,21,0,0
BRDA:227,21,1,0
BRDA:303,22,0,0
BRDA:304,23,0,0
BRDA:308,24,0,0
BRDA:308,24,1,0
BRDA:314,25,0,0
BRDA:314,25,1,0
BRDA:316,26,0,0
BRDA:316,26,1,0
BRDA:392,27,0,0
BRDA:392,27,1,0
BRDA:392,28,0,0
BRDA:392,28,1,0
BRDA:397,29,0,0
BRDA:397,29,1,0
BRDA:406,30,0,0
BRDA:406,30,1,0
BRDA:412,31,0,0
BRDA:412,31,1,0
BRDA:419,32,0,0
BRDA:419,32,1,0
BRDA:419,33,0,0
BRDA:419,33,1,0
BRDA:426,34,0,0
BRDA:426,34,1,0
BRDA:437,35,0,0
BRDA:437,35,1,0
BRDA:437,36,0,0
BRDA:437,36,1,0
BRDA:446,37,0,0
BRDA:446,37,1,0
BRDA:451,38,0,0
BRDA:451,38,1,0
BRDA:458,39,0,0
BRDA:458,39,1,0
BRDA:458,40,0,0
BRDA:458,40,1,0
BRDA:465,41,0,0
BRDA:465,41,1,0
BRDA:489,42,0,0
BRDA:489,42,1,0
BRDA:489,43,0,0
BRDA:489,43,1,0
BRDA:491,44,0,0
BRDA:491,44,1,0
BRDA:491,45,0,0
BRDA:491,45,1,0
BRDA:491,46,0,0
BRDA:491,46,1,0
BRDA:491,47,0,0
BRDA:491,47,1,0
BRDA:493,48,0,0
BRDA:493,48,1,0
BRDA:493,49,0,0
BRDA:493,49,1,0
BRDA:493,50,0,0
BRDA:493,50,1,0
BRDA:493,51,0,0
BRDA:493,51,1,0
BRDA:493,52,0,0
BRDA:493,52,1,0
BRDA:493,53,0,0
BRDA:493,53,1,0
BRDA:507,54,0,0
BRDA:507,54,1,0
BRDA:507,55,0,0
BRDA:507,55,1,0
BRDA:508,56,0,0
BRDA:508,56,1,0
BRDA:508,57,0,0
BRDA:508,57,1,0
BRDA:509,58,0,0
BRDA:509,58,1,0
BRDA:509,59,0,0
BRDA:509,59,1,0
BRDA:510,60,0,0
BRDA:510,60,1,0
BRDA:510,61,0,0
BRDA:510,61,1,0
BRDA:513,62,0,0
BRDA:513,62,1,0
BRDA:513,63,0,0
BRDA:513,63,1,0
BRDA:513,64,0,0
BRDA:513,64,1,0
BRDA:516,65,0,0
BRDA:516,65,1,0
BRDA:516,66,0,0
BRDA:516,66,1,0
BRDA:517,67,0,0
BRDA:517,67,1,0
BRDA:517,68,0,0
BRDA:517,68,1,0
BRDA:517,69,0,0
BRDA:517,69,1,0
BRDA:517,70,0,0
BRDA:517,70,1,0
BRDA:517,71,0,0
BRDA:517,71,1,0
BRDA:518,72,0,0
BRDA:518,72,1,0
BRDA:518,73,0,0
BRDA:518,73,1,0
BRDA:518,74,0,0
BRDA:518,74,1,0
BRDA:518,75,0,0
BRDA:518,75,1,0
BRDA:518,76,0,0
BRDA:518,76,1,0
BRDA:523,77,0,0
BRDA:523,77,1,0
BRDA:523,78,0,0
BRDA:523,78,1,0
BRDA:523,79,0,0
BRDA:523,79,1,0
BRDA:526,80,0,0
BRDA:526,80,1,0
BRDA:526,81,0,0
BRDA:526,81,1,0
BRDA:531,82,0,0
BRDA:531,82,1,0
BRDA:531,83,0,0
BRDA:531,83,1,0
BRDA:531,83,2,0
BRDA:531,84,0,0
BRDA:531,84,1,0
BRDA:531,85,0,0
BRDA:531,85,1,0
BRDA:531,86,0,0
BRDA:531,86,1,0
BRDA:531,87,0,0
BRDA:531,87,1,0
BRDA:531,88,0,0
BRDA:531,88,1,0
BRDA:531,89,0,0
BRDA:531,89,1,0
BRDA:534,90,0,0
BRDA:534,90,1,0
BRDA:534,91,0,0
BRDA:534,91,1,0
BRDA:534,92,0,0
BRDA:534,92,1,0
BRDA:534,93,0,0
BRDA:534,93,1,0
BRDA:534,94,0,0
BRDA:534,94,1,0
BRDA:535,95,0,0
BRDA:535,95,1,0
BRDA:535,96,0,0
BRDA:535,96,1,0
BRDA:535,97,0,0
BRDA:535,97,1,0
BRDA:536,98,0,0
BRDA:536,98,1,0
BRDA:536,99,0,0
BRDA:536,99,1,0
BRDA:538,100,0,0
BRDA:538,100,1,0
BRDA:538,101,0,0
BRDA:538,101,1,0
BRDA:543,102,0,0
BRDA:543,102,1,0
BRDA:543,103,0,0
BRDA:543,103,1,0
BRDA:543,103,2,0
BRDA:543,104,0,0
BRDA:543,104,1,0
BRDA:543,105,0,0
BRDA:543,105,1,0
BRDA:544,106,0,0
BRDA:544,106,1,0
BRDA:544,107,0,0
BRDA:544,107,1,0
BRDA:545,108,0,0
BRDA:545,108,1,0
BRDA:545,109,0,0
BRDA:545,109,1,0
BRDA:548,110,0,0
BRDA:548,110,1,0
BRDA:548,111,0,0
BRDA:548,111,1,0
BRDA:548,112,0,0
BRDA:548,112,1,0
BRDA:549,113,0,0
BRDA:549,113,1,0
BRDA:549,114,0,0
BRDA:549,114,1,0
BRDA:551,115,0,0
BRDA:551,115,1,0
BRDA:551,116,0,0
BRDA:551,116,1,0
BRDA:551,117,0,0
BRDA:551,117,1,0
BRDA:552,118,0,0
BRDA:552,118,1,0
BRDA:552,119,0,0
BRDA:552,119,1,0
BRDA:554,120,0,0
BRDA:554,120,1,0
BRDA:554,121,0,0
BRDA:554,121,1,0
BRDA:563,122,0,0
BRDA:563,122,1,0
BRDA:563,123,0,0
BRDA:563,123,1,0
BRDA:575,124,0,0
BRDA:575,124,1,0
BRDA:575,125,0,0
BRDA:575,125,1,0
BRDA:575,126,0,0
BRDA:575,126,1,0
BRDA:575,127,0,0
BRDA:575,127,1,0
BRDA:575,128,0,0
BRDA:575,128,1,0
BRDA:576,129,0,0
BRDA:576,129,1,0
BRDA:576,130,0,0
BRDA:576,130,1,0
BRDA:576,131,0,0
BRDA:576,131,1,0
BRDA:576,132,0,0
BRDA:576,132,1,0
BRDA:576,133,0,0
BRDA:576,133,1,0
BRDA:577,134,0,0
BRDA:577,134,1,0
BRDA:577,135,0,0
BRDA:577,135,1,0
BRDA:577,136,0,0
BRDA:577,136,1,0
BRDA:577,137,0,0
BRDA:577,137,1,0
BRDA:577,138,0,0
BRDA:577,138,1,0
BRDA:578,139,0,0
BRDA:578,139,1,0
BRDA:578,140,0,0
BRDA:578,140,1,0
BRDA:578,141,0,0
BRDA:578,141,1,0
BRDA:578,142,0,0
BRDA:578,142,1,0
BRDA:578,143,0,0
BRDA:578,143,1,0
BRDA:579,144,0,0
BRDA:579,144,1,0
BRDA:579,145,0,0
BRDA:579,145,1,0
BRDA:579,146,0,0
BRDA:579,146,1,0
BRDA:580,147,0,0
BRDA:580,147,1,0
BRDA:580,148,0,0
BRDA:580,148,1,0
BRDA:582,149,0,0
BRDA:582,149,1,0
BRDA:582,150,0,0
BRDA:582,150,1,0
BRDA:582,151,0,0
BRDA:582,151,1,0
BRDA:582,152,0,0
BRDA:582,152,1,0
BRDA:582,153,0,0
BRDA:582,153,1,0
BRDA:583,154,0,0
BRDA:583,154,1,0
BRDA:583,155,0,0
BRDA:583,155,1,0
BRDA:583,156,0,0
BRDA:583,156,1,0
BRDA:583,157,0,0
BRDA:583,157,1,0
BRDA:583,158,0,0
BRDA:583,158,1,0
BRDA:584,159,0,0
BRDA:584,159,1,0
BRDA:584,160,0,0
BRDA:584,160,1,0
BRDA:584,161,0,0
BRDA:584,161,1,0
BRDA:584,162,0,0
BRDA:584,162,1,0
BRDA:584,163,0,0
BRDA:584,163,1,0
BRDA:590,164,0,0
BRDA:590,164,1,0
BRDA:590,165,0,0
BRDA:590,165,1,0
BRDA:592,166,0,0
BRDA:592,166,1,0
BRDA:592,167,0,0
BRDA:592,167,1,0
BRDA:592,168,0,0
BRDA:592,168,1,0
BRDA:592,169,0,0
BRDA:592,169,1,0
BRDA:593,170,0,0
BRDA:593,170,1,0
BRDA:606,171,0,0
BRDA:606,171,1,0
BRDA:606,172,0,0
BRDA:606,172,1,0
BRDA:621,173,0,0
BRDA:621,173,1,0
BRDA:621,174,0,0
BRDA:621,174,1,0
BRDA:633,175,0,0
BRDA:633,175,1,0
BRDA:633,176,0,0
BRDA:633,176,1,0
BRDA:633,177,0,0
BRDA:633,177,1,0
BRDA:634,178,0,0
BRDA:634,178,1,0
BRDA:634,179,0,0
BRDA:634,179,1,0
BRDA:636,180,0,0
BRDA:636,180,1,0
BRDA:636,181,0,0
BRDA:636,181,1,0
BRDA:636,182,0,0
BRDA:636,182,1,0
BRDA:637,183,0,0
BRDA:637,183,1,0
BRDA:637,184,0,0
BRDA:637,184,1,0
BRDA:644,185,0,0
BRDA:644,185,1,0
BRDA:644,186,0,0
BRDA:644,186,1,0
BRDA:645,187,0,0
BRDA:645,187,1,0
BRDA:656,188,0,0
BRDA:656,188,1,0
BRDA:656,189,0,0
BRDA:656,189,1,0
BRDA:656,190,0,0
BRDA:656,190,1,0
BRDA:656,191,0,0
BRDA:656,191,1,0
BRDA:656,192,0,0
BRDA:656,192,1,0
BRDA:656,193,0,0
BRDA:656,193,1,0
BRDA:659,194,0,0
BRDA:659,194,1,0
BRDA:659,195,0,0
BRDA:659,195,1,0
BRDA:659,196,0,0
BRDA:659,196,1,0
BRDA:659,197,0,0
BRDA:659,197,1,0
BRDA:659,198,0,0
BRDA:659,198,1,0
BRDA:659,199,0,0
BRDA:659,199,1,0
BRDA:667,200,0,0
BRDA:667,200,1,0
BRDA:667,201,0,0
BRDA:667,201,1,0
BRDA:668,202,0,0
BRDA:668,202,1,0
BRDA:680,203,0,0
BRDA:680,203,1,0
BRDA:680,204,0,0
BRDA:680,204,1,0
BRDA:681,205,0,0
BRDA:681,205,1,0
BRDA:681,206,0,0
BRDA:681,206,1,0
BRDA:681,207,0,0
BRDA:681,207,1,0
BRDA:681,208,0,0
BRDA:681,208,1,0
BRDA:681,209,0,0
BRDA:681,209,1,0
BRDA:683,210,0,0
BRDA:683,210,1,0
BRDA:689,211,0,0
BRDA:689,211,1,0
BRDA:689,212,0,0
BRDA:689,212,1,0
BRDA:689,213,0,0
BRDA:689,213,1,0
BRDA:689,214,0,0
BRDA:689,214,1,0
BRDA:689,215,0,0
BRDA:689,215,1,0
BRDA:690,216,0,0
BRDA:690,216,1,0
BRDA:690,217,0,0
BRDA:690,217,1,0
BRDA:690,218,0,0
BRDA:690,218,1,0
BRDA:690,219,0,0
BRDA:690,219,1,0
BRDA:690,220,0,0
BRDA:690,220,1,0
BRDA:691,221,0,0
BRDA:691,221,1,0
BRDA:691,222,0,0
BRDA:691,222,1,0
BRDA:691,223,0,0
BRDA:691,223,1,0
BRDA:691,224,0,0
BRDA:691,224,1,0
BRDA:691,225,0,0
BRDA:691,225,1,0
BRDA:692,226,0,0
BRDA:692,226,1,0
BRDA:692,227,0,0
BRDA:692,227,1,0
BRDA:692,228,0,0
BRDA:692,228,1,0
BRDA:692,229,0,0
BRDA:692,229,1,0
BRDA:692,230,0,0
BRDA:692,230,1,0
BRDA:693,231,0,0
BRDA:693,231,1,0
BRDA:693,232,0,0
BRDA:693,232,1,0
BRDA:693,233,0,0
BRDA:693,233,1,0
BRDA:694,234,0,0
BRDA:694,234,1,0
BRDA:694,235,0,0
BRDA:694,235,1,0
BRDA:694,236,0,0
BRDA:694,236,1,0
BRDA:700,237,0,0
BRDA:700,237,1,0
BRDA:700,238,0,0
BRDA:700,238,1,0
BRDA:701,239,0,0
BRDA:701,239,1,0
BRDA:713,240,0,0
BRDA:713,240,1,0
BRDA:713,241,0,0
BRDA:713,241,1,0
BRDA:714,242,0,0
BRDA:714,242,1,0
BRDA:727,243,0,0
BRDA:727,243,1,0
BRDA:731,244,0,0
BRDA:731,244,1,0
BRDA:739,245,0,0
BRDA:739,245,1,0
BRDA:739,246,0,0
BRDA:739,246,1,0
BRDA:746,247,0,0
BRDA:746,247,1,0
BRDA:764,248,0,0
BRDA:764,248,1,0
BRDA:769,249,0,0
BRDA:769,249,1,0
BRDA:777,250,0,0
BRDA:777,250,1,0
BRDA:777,251,0,0
BRDA:777,251,1,0
BRDA:784,252,0,0
BRDA:784,252,1,0
BRDA:807,253,0,0
BRDA:807,253,1,0
BRDA:822,254,0,0
BRDA:822,254,1,0
BRDA:822,255,0,0
BRDA:822,255,1,0
BRDA:822,256,0,0
BRDA:822,256,1,0
BRDA:830,257,0,0
BRDA:830,257,1,0
BRDA:830,258,0,0
BRDA:830,258,1,0
BRDA:855,259,0,0
BRDA:855,259,1,0
BRDA:861,260,0,0
BRDA:861,260,1,0
BRDA:862,261,0,0
BRDA:862,261,1,0
BRDA:922,262,0,0
BRDA:922,262,1,0
BRDA:940,263,0,0
BRDA:940,263,1,0
BRDA:945,264,0,0
BRDA:945,264,1,0
BRDA:1063,265,0,0
BRDA:1063,265,1,0
BRDA:1188,266,0,0
BRDA:1188,266,1,0
BRDA:1232,267,0,0
BRDA:1232,267,1,0
BRDA:1268,268,0,0
BRDA:1268,268,1,0
BRDA:1313,269,0,0
BRDA:1313,269,1,0
BRDA:1446,270,0,0
BRDA:1446,270,1,0
BRDA:1510,271,0,0
BRDA:1510,271,1,0
BRDA:1521,272,0,0
BRDA:1521,272,1,0
BRDA:1521,273,0,0
BRDA:1521,273,1,0
BRDA:1521,273,2,0
BRDA:1529,274,0,0
BRDA:1529,274,1,0
BRDA:1553,275,0,0
BRDA:1553,275,1,0
BRDA:1553,276,0,0
BRDA:1553,276,1,0
BRDA:1553,277,0,0
BRDA:1553,277,1,0
BRDA:1553,278,0,0
BRDA:1553,278,1,0
BRDA:1553,279,0,0
BRDA:1553,279,1,0
BRDA:1553,280,0,0
BRDA:1553,280,1,0
BRDA:1553,281,0,0
BRDA:1553,281,1,0
BRDA:1582,282,0,0
BRDA:1582,282,1,0
BRDA:1608,283,0,0
BRDA:1608,283,1,0
BRDA:1637,284,0,0
BRDA:1637,284,1,0
BRDA:1637,285,0,0
BRDA:1637,285,1,0
BRDA:1665,286,0,0
BRDA:1665,286,1,0
BRDA:1691,287,0,0
BRDA:1691,287,1,0
BRDA:1720,288,0,0
BRDA:1720,288,1,0
BRDA:1720,289,0,0
BRDA:1720,289,1,0
BRDA:1748,290,0,0
BRDA:1748,290,1,0
BRDA:1775,291,0,0
BRDA:1775,291,1,0
BRDA:1869,292,0,0
BRDA:1869,292,1,0
BRDA:1886,293,0,0
BRDA:1886,293,1,0
BRDA:1904,294,0,0
BRDA:1904,294,1,0
BRDA:1934,295,0,0
BRDA:1934,295,1,0
BRDA:2016,296,0,0
BRDA:2016,296,1,0
BRDA:2049,297,0,0
BRDA:2049,297,1,0
BRDA:2053,298,0,0
BRDA:2053,298,1,0
BRDA:2084,299,0,0
BRDA:2084,299,1,0
BRDA:2084,299,2,0
BRDA:2114,300,0,0
BRDA:2114,300,1,0
BRDA:2144,301,0,0
BRDA:2144,301,1,0
BRDA:2146,302,0,0
BRDA:2146,302,1,0
BRDA:2175,303,0,0
BRDA:2175,303,1,0
BRDA:2175,303,2,0
BRDA:2207,304,0,0
BRDA:2207,304,1,0
BRDA:2237,305,0,0
BRDA:2237,305,1,0
BRDA:2239,306,0,0
BRDA:2239,306,1,0
BRF:617
BRH:0
end_of_record
TN:
SF:src/components/profile/profile-section-title.tsx
FN:21,ProfileSectionTitle
FNF:1
FNH:0
FNDA:0,ProfileSectionTitle
DA:4,0
DA:5,0
DA:6,0
DA:7,0
DA:21,0
DA:32,0
LF:6
LH:0
BRDA:24,0,0,0
BRDA:26,1,0,0
BRDA:27,2,0,0
BRDA:28,3,0,0
BRDA:29,4,0,0
BRDA:30,5,0,0
BRDA:38,6,0,0
BRDA:38,6,1,0
BRDA:42,7,0,0
BRDA:42,7,1,0
BRDA:46,8,0,0
BRDA:46,8,1,0
BRF:12
BRH:0
end_of_record
TN:
SF:src/components/profile/recruiter-profile-form.tsx
FN:15,formatBirthday
FN:33,RecruiterProfileForm
FN:70,(anonymous_2)
FN:75,(anonymous_3)
FN:84,(anonymous_4)
FN:114,handleSaveBasic
FN:126,handleSaveRecruiter
FN:240,(anonymous_7)
FN:246,(anonymous_8)
FNF:9
FNH:0
FNDA:0,formatBirthday
FNDA:0,RecruiterProfileForm
FNDA:0,(anonymous_2)
FNDA:0,(anonymous_3)
FNDA:0,(anonymous_4)
FNDA:0,handleSaveBasic
FNDA:0,handleSaveRecruiter
FNDA:0,(anonymous_7)
FNDA:0,(anonymous_8)
DA:3,0
DA:4,0
DA:5,0
DA:6,0
DA:7,0
DA:8,0
DA:9,0
DA:10,0
DA:11,0
DA:13,0
DA:16,0
DA:17,0
DA:20,0
DA:21,0
DA:24,0
DA:26,0
DA:27,0
DA:30,0
DA:33,0
DA:34,0
DA:35,0
DA:37,0
DA:39,0
DA:40,0
DA:49,0
DA:70,0
DA:71,0
DA:72,0
DA:75,0
DA:76,0
DA:84,0
DA:85,0
DA:105,0
DA:109,0
DA:115,0
DA:116,0
DA:120,0
DA:122,0
DA:127,0
DA:129,0
DA:130,0
DA:148,0
DA:150,0
DA:154,0
DA:241,0
DA:247,0
LF:46
LH:0
BRDA:16,0,0,0
BRDA:16,0,1,0
BRDA:20,1,0,0
BRDA:20,1,1,0
BRDA:20,2,0,0
BRDA:20,2,1,0
BRDA:26,3,0,0
BRDA:26,3,1,0
BRDA:51,4,0,0
BRDA:51,4,1,0
BRDA:51,5,0,0
BRDA:51,5,1,0
BRDA:51,6,0,0
BRDA:51,6,1,0
BRDA:53,7,0,0
BRDA:53,7,1,0
BRDA:53,8,0,0
BRDA:53,8,1,0
BRDA:53,9,0,0
BRDA:53,9,1,0
BRDA:53,10,0,0
BRDA:53,10,1,0
BRDA:53,11,0,0
BRDA:53,11,1,0
BRDA:54,12,0,0
BRDA:54,12,1,0
BRDA:54,13,0,0
BRDA:54,13,1,0
BRDA:54,14,0,0
BRDA:54,14,1,0
BRDA:54,15,0,0
BRDA:54,15,1,0
BRDA:54,16,0,0
BRDA:54,16,1,0
BRDA:58,17,0,0
BRDA:58,17,1,0
BRDA:58,18,0,0
BRDA:58,18,1,0
BRDA:58,19,0,0
BRDA:58,19,1,0
BRDA:58,20,0,0
BRDA:58,20,1,0
BRDA:58,21,0,0
BRDA:58,21,1,0
BRDA:58,22,0,0
BRDA:58,22,1,0
BRDA:58,23,0,0
BRDA:58,23,1,0
BRDA:58,24,0,0
BRDA:58,24,1,0
BRDA:58,25,0,0
BRDA:58,25,1,0
BRDA:59,26,0,0
BRDA:59,26,1,0
BRDA:59,27,0,0
BRDA:59,27,1,0
BRDA:59,28,0,0
BRDA:59,28,1,0
BRDA:59,29,0,0
BRDA:59,29,1,0
BRDA:59,30,0,0
BRDA:59,30,1,0
BRDA:59,31,0,0
BRDA:59,31,1,0
BRDA:59,32,0,0
BRDA:59,32,1,0
BRDA:59,33,0,0
BRDA:59,33,1,0
BRDA:59,34,0,0
BRDA:59,34,1,0
BRDA:61,35,0,0
BRDA:61,35,1,0
BRDA:61,36,0,0
BRDA:61,36,1,0
BRDA:61,37,0,0
BRDA:61,37,1,0
BRDA:61,38,0,0
BRDA:61,38,1,0
BRDA:61,39,0,0
BRDA:61,39,1,0
BRDA:61,40,0,0
BRDA:61,40,1,0
BRDA:61,41,0,0
BRDA:61,41,1,0
BRDA:61,42,0,0
BRDA:61,42,1,0
BRDA:61,43,0,0
BRDA:61,43,1,0
BRDA:63,44,0,0
BRDA:63,44,1,0
BRDA:63,45,0,0
BRDA:63,45,1,0
BRDA:63,46,0,0
BRDA:63,46,1,0
BRDA:63,47,0,0
BRDA:63,47,1,0
BRDA:63,48,0,0
BRDA:63,48,1,0
BRDA:63,49,0,0
BRDA:63,49,1,0
BRDA:63,50,0,0
BRDA:63,50,1,0
BRDA:63,51,0,0
BRDA:63,51,1,0
BRDA:63,52,0,0
BRDA:63,52,1,0
BRDA:71,53,0,0
BRDA:71,53,1,0
BRDA:71,54,0,0
BRDA:71,54,1,0
BRDA:71,55,0,0
BRDA:71,55,1,0
BRDA:71,56,0,0
BRDA:71,56,1,0
BRDA:71,57,0,0
BRDA:71,57,1,0
BRDA:71,58,0,0
BRDA:71,58,1,0
BRDA:71,59,0,0
BRDA:71,59,1,0
BRDA:71,60,0,0
BRDA:71,60,1,0
BRDA:71,61,0,0
BRDA:71,61,1,0
BRDA:71,62,0,0
BRDA:71,62,1,0
BRDA:80,63,0,0
BRDA:80,63,1,0
BRDA:80,64,0,0
BRDA:80,64,1,0
BRDA:80,65,0,0
BRDA:80,65,1,0
BRDA:80,66,0,0
BRDA:80,66,1,0
BRDA:81,67,0,0
BRDA:81,67,1,0
BRDA:81,68,0,0
BRDA:81,68,1,0
BRDA:81,69,0,0
BRDA:81,69,1,0
BRDA:81,70,0,0
BRDA:81,70,1,0
BRDA:86,71,0,0
BRDA:86,71,1,0
BRDA:86,72,0,0
BRDA:86,72,1,0
BRDA:86,73,0,0
BRDA:86,73,1,0
BRDA:88,74,0,0
BRDA:88,74,1,0
BRDA:88,75,0,0
BRDA:88,75,1,0
BRDA:88,76,0,0
BRDA:88,76,1,0
BRDA:88,77,0,0
BRDA:88,77,1,0
BRDA:88,78,0,0
BRDA:88,78,1,0
BRDA:89,79,0,0
BRDA:89,79,1,0
BRDA:89,80,0,0
BRDA:89,80,1,0
BRDA:89,81,0,0
BRDA:89,81,1,0
BRDA:89,82,0,0
BRDA:89,82,1,0
BRDA:89,83,0,0
BRDA:89,83,1,0
BRDA:93,84,0,0
BRDA:93,84,1,0
BRDA:93,85,0,0
BRDA:93,85,1,0
BRDA:93,86,0,0
BRDA:93,86,1,0
BRDA:93,87,0,0
BRDA:93,87,1,0
BRDA:93,88,0,0
BRDA:93,88,1,0
BRDA:93,89,0,0
BRDA:93,89,1,0
BRDA:93,90,0,0
BRDA:93,90,1,0
BRDA:93,91,0,0
BRDA:93,91,1,0
BRDA:93,92,0,0
BRDA:93,92,1,0
BRDA:94,93,0,0
BRDA:94,93,1,0
BRDA:94,94,0,0
BRDA:94,94,1,0
BRDA:94,95,0,0
BRDA:94,95,1,0
BRDA:94,96,0,0
BRDA:94,96,1,0
BRDA:94,97,0,0
BRDA:94,97,1,0
BRDA:94,98,0,0
BRDA:94,98,1,0
BRDA:94,99,0,0
BRDA:94,99,1,0
BRDA:94,100,0,0
BRDA:94,100,1,0
BRDA:94,101,0,0
BRDA:94,101,1,0
BRDA:96,102,0,0
BRDA:96,102,1,0
BRDA:96,103,0,0
BRDA:96,103,1,0
BRDA:96,104,0,0
BRDA:96,104,1,0
BRDA:96,105,0,0
BRDA:96,105,1,0
BRDA:96,106,0,0
BRDA:96,106,1,0
BRDA:96,107,0,0
BRDA:96,107,1,0
BRDA:96,108,0,0
BRDA:96,108,1,0
BRDA:96,109,0,0
BRDA:96,109,1,0
BRDA:96,110,0,0
BRDA:96,110,1,0
BRDA:98,111,0,0
BRDA:98,111,1,0
BRDA:98,112,0,0
BRDA:98,112,1,0
BRDA:98,113,0,0
BRDA:98,113,1,0
BRDA:98,114,0,0
BRDA:98,114,1,0
BRDA:98,115,0,0
BRDA:98,115,1,0
BRDA:98,116,0,0
BRDA:98,116,1,0
BRDA:98,117,0,0
BRDA:98,117,1,0
BRDA:98,118,0,0
BRDA:98,118,1,0
BRDA:98,119,0,0
BRDA:98,119,1,0
BRDA:132,120,0,0
BRDA:132,120,1,0
BRDA:132,121,0,0
BRDA:132,121,1,0
BRDA:133,122,0,0
BRDA:133,122,1,0
BRDA:133,123,0,0
BRDA:133,123,1,0
BRDA:134,124,0,0
BRDA:134,124,1,0
BRDA:134,125,0,0
BRDA:134,125,1,0
BRDA:136,126,0,0
BRDA:136,126,1,0
BRDA:136,127,0,0
BRDA:136,127,1,0
BRDA:136,128,0,0
BRDA:136,128,1,0
BRDA:136,129,0,0
BRDA:136,129,1,0
BRDA:138,130,0,0
BRDA:138,130,1,0
BRDA:138,131,0,0
BRDA:138,131,1,0
BRDA:138,132,0,0
BRDA:138,132,1,0
BRDA:138,133,0,0
BRDA:138,133,1,0
BRDA:138,134,0,0
BRDA:138,134,1,0
BRDA:138,135,0,0
BRDA:138,135,1,0
BRDA:139,136,0,0
BRDA:139,136,1,0
BRDA:139,137,0,0
BRDA:139,137,1,0
BRDA:139,138,0,0
BRDA:139,138,1,0
BRDA:139,139,0,0
BRDA:139,139,1,0
BRDA:139,140,0,0
BRDA:139,140,1,0
BRDA:139,141,0,0
BRDA:139,141,1,0
BRDA:140,142,0,0
BRDA:140,142,1,0
BRDA:140,143,0,0
BRDA:140,143,1,0
BRDA:140,144,0,0
BRDA:140,144,1,0
BRDA:140,145,0,0
BRDA:140,145,1,0
BRDA:140,146,0,0
BRDA:140,146,1,0
BRDA:140,147,0,0
BRDA:140,147,1,0
BRDA:141,148,0,0
BRDA:141,148,1,0
BRDA:141,149,0,0
BRDA:141,149,1,0
BRDA:141,150,0,0
BRDA:141,150,1,0
BRDA:141,151,0,0
BRDA:141,151,1,0
BRDA:141,152,0,0
BRDA:141,152,1,0
BRDA:141,153,0,0
BRDA:141,153,1,0
BRDA:142,154,0,0
BRDA:142,154,1,0
BRDA:142,155,0,0
BRDA:142,155,1,0
BRDA:142,156,0,0
BRDA:142,156,1,0
BRDA:142,157,0,0
BRDA:142,157,1,0
BRDA:142,158,0,0
BRDA:142,158,1,0
BRDA:142,159,0,0
BRDA:142,159,1,0
BRDA:181,160,0,0
BRDA:181,160,1,0
BRDA:181,161,0,0
BRDA:181,161,1,0
BRDA:181,162,0,0
BRDA:181,162,1,0
BRDA:190,163,0,0
BRDA:190,163,1,0
BRDA:190,164,0,0
BRDA:190,164,1,0
BRDA:238,165,0,0
BRDA:238,165,1,0
BRDA:239,166,0,0
BRDA:239,166,1,0
BRF:334
BRH:0
end_of_record
TN:
SF:src/components/recruiter/recruiter-page-header.tsx
FN:17,RecruiterPageHeader
FNF:1
FNH:1
FNDA:2,RecruiterPageHeader
DA:2,1
DA:3,1
DA:17,1
DA:23,2
LF:4
LH:4
BRDA:26,0,0,2
BRDA:26,0,1,1
BRDA:26,0,2,1
BRDA:32,1,0,2
BRDA:32,1,1,1
BRDA:39,2,0,2
BRDA:39,2,1,1
BRF:7
BRH:7
end_of_record
TN:
SF:src/components/recruiter/applications/recruiter-job-applications-list.tsx
FN:21,getApplicationStatusLabel
FN:30,formatAge
FN:66,RecruiterJobApplicationsList
FN:76,handleUpdateStatus
FN:92,handleOpenResumePreview
FN:121,(anonymous_5)
FN:151,(anonymous_6)
FN:165,(anonymous_7)
FN:172,(anonymous_8)
FN:189,(anonymous_9)
FN:206,(anonymous_10)
FN:239,(anonymous_11)
FNF:12
FNH:0
FNDA:0,getApplicationStatusLabel
FNDA:0,formatAge
FNDA:0,RecruiterJobApplicationsList
FNDA:0,handleUpdateStatus
FNDA:0,handleOpenResumePreview
FNDA:0,(anonymous_5)
FNDA:0,(anonymous_6)
FNDA:0,(anonymous_7)
FNDA:0,(anonymous_8)
FNDA:0,(anonymous_9)
FNDA:0,(anonymous_10)
FNDA:0,(anonymous_11)
DA:3,0
DA:4,0
DA:5,0
DA:6,0
DA:7,0
DA:8,0
DA:9,0
DA:10,0
DA:11,0
DA:12,0
DA:13,0
DA:14,0
DA:22,0
DA:31,0
DA:32,0
DA:35,0
DA:36,0
DA:38,0
DA:39,0
DA:42,0
DA:43,0
DA:49,0
DA:50,0
DA:53,0
DA:59,0
DA:60,0
DA:61,0
DA:63,0
DA:66,0
DA:71,0
DA:72,0
DA:73,0
DA:74,0
DA:80,0
DA:81,0
DA:85,0
DA:86,0
DA:88,0
DA:93,0
DA:94,0
DA:97,0
DA:98,0
DA:101,0
DA:102,0
DA:105,0
DA:106,0
DA:109,0
DA:110,0
DA:119,0
DA:121,0
DA:152,0
DA:166,0
DA:173,0
DA:189,0
DA:206,0
DA:239,0
LF:56
LH:0
BRDA:31,0,0,0
BRDA:31,0,1,0
BRDA:38,1,0,0
BRDA:38,1,1,0
BRDA:49,2,0,0
BRDA:49,2,1,0
BRDA:54,3,0,0
BRDA:54,3,1,0
BRDA:61,4,0,0
BRDA:61,4,1,0
BRDA:93,5,0,0
BRDA:93,5,1,0
BRDA:98,6,0,0
BRDA:98,6,1,0
BRDA:101,7,0,0
BRDA:101,7,1,0
BRDA:105,8,0,0
BRDA:105,8,1,0
BRDA:109,9,0,0
BRDA:109,9,1,0
BRDA:112,10,0,0
BRDA:112,10,1,0
BRDA:137,11,0,0
BRDA:137,11,1,0
BRDA:137,12,0,0
BRDA:137,12,1,0
BRDA:137,13,0,0
BRDA:137,13,1,0
BRDA:137,14,0,0
BRDA:137,14,1,0
BRDA:145,15,0,0
BRDA:145,15,1,0
BRDA:145,16,0,0
BRDA:145,16,1,0
BRDA:145,17,0,0
BRDA:145,17,1,0
BRDA:153,18,0,0
BRDA:153,18,1,0
BRDA:153,19,0,0
BRDA:153,19,1,0
BRDA:154,20,0,0
BRDA:154,20,1,0
BRDA:154,21,0,0
BRDA:154,21,1,0
BRDA:154,22,0,0
BRDA:154,22,1,0
BRDA:214,23,0,0
BRDA:214,23,1,0
BRDA:225,24,0,0
BRDA:225,24,1,0
BRF:50
BRH:0
end_of_record
TN:
SF:src/components/recruiter/company/logo-upload-cropper.tsx
FN:29,clamp
FN:33,formatFileSize
FN:45,LogoUploadCropper
FN:66,(anonymous_4)
FN:74,(anonymous_5)
FN:82,(anonymous_6)
FN:97,(anonymous_7)
FN:102,(anonymous_8)
FN:118,(anonymous_9)
FN:125,(anonymous_10)
FN:163,(anonymous_11)
FN:168,handlePointerMove
FN:178,handlePointerUp
FN:185,(anonymous_14)
FN:191,handleFileChange
FN:201,handleCloseModal
FN:211,handleConfirmCrop
FN:217,handleMouseDown
FN:249,(anonymous_19)
FN:311,(anonymous_20)
FNF:20
FNH:20
FNDA:26,clamp
FNDA:21,formatFileSize
FNDA:32,LogoUploadCropper
FNDA:3,(anonymous_4)
FNDA:15,(anonymous_5)
FNDA:5,(anonymous_6)
FNDA:5,(anonymous_7)
FNDA:18,(anonymous_8)
FNDA:18,(anonymous_9)
FNDA:7,(anonymous_10)
FNDA:10,(anonymous_11)
FNDA:1,handlePointerMove
FNDA:1,handlePointerUp
FNDA:1,(anonymous_14)
FNDA:6,handleFileChange
FNDA:2,handleCloseModal
FNDA:1,handleConfirmCrop
FNDA:1,handleMouseDown
FNDA:6,(anonymous_19)
FNDA:1,(anonymous_20)
DA:3,1
DA:4,1
DA:12,1
DA:13,1
DA:21,1
DA:22,1
DA:30,26
DA:34,21
DA:35,11
DA:38,10
DA:39,3
DA:42,7
DA:45,1
DA:50,32
DA:51,32
DA:52,32
DA:53,32
DA:54,32
DA:55,32
DA:56,32
DA:57,32
DA:58,32
DA:59,32
DA:66,32
DA:67,3
DA:68,3
DA:69,3
DA:70,3
DA:71,3
DA:74,32
DA:75,15
DA:76,10
DA:79,5
DA:80,5
DA:82,5
DA:83,5
DA:88,5
DA:89,5
DA:90,5
DA:91,5
DA:92,5
DA:95,5
DA:97,5
DA:98,5
DA:102,32
DA:103,18
DA:104,11
DA:107,7
DA:108,7
DA:109,7
DA:110,7
DA:112,7
DA:118,32
DA:119,18
DA:120,11
DA:123,7
DA:125,7
DA:126,7
DA:127,7
DA:128,7
DA:130,7
DA:132,7
DA:133,1
DA:134,1
DA:137,6
DA:138,6
DA:139,6
DA:140,6
DA:141,6
DA:142,6
DA:144,6
DA:145,6
DA:157,6
DA:160,7
DA:163,32
DA:164,10
DA:165,9
DA:169,1
DA:170,1
DA:172,1
DA:179,1
DA:182,1
DA:183,1
DA:185,1
DA:186,1
DA:187,1
DA:192,6
DA:193,1
DA:194,1
DA:195,1
DA:198,5
DA:202,2
DA:203,2
DA:204,2
DA:205,2
DA:208,2
DA:212,1
DA:213,1
DA:214,1
DA:218,1
DA:219,0
DA:222,1
DA:223,1
DA:229,1
DA:232,32
DA:249,6
DA:311,1
LF:107
LH:106
BRDA:34,0,0,11
BRDA:34,0,1,10
BRDA:38,1,0,3
BRDA:38,1,1,7
BRDA:46,2,0,32
BRDA:47,3,0,32
BRDA:75,4,0,10
BRDA:75,4,1,5
BRDA:103,5,0,11
BRDA:103,5,1,7
BRDA:119,6,0,11
BRDA:119,6,1,7
BRDA:119,7,0,18
BRDA:119,7,1,7
BRDA:132,8,0,1
BRDA:132,8,1,6
BRDA:164,9,0,9
BRDA:164,9,1,1
BRDA:192,10,0,1
BRDA:192,10,1,5
BRDA:202,11,0,2
BRDA:202,11,1,0
BRDA:213,12,0,1
BRDA:213,12,1,0
BRDA:213,13,0,0
BRDA:213,13,1,1
BRDA:213,14,0,1
BRDA:213,14,1,1
BRDA:218,15,0,0
BRDA:218,15,1,1
BRDA:240,16,0,32
BRDA:240,16,1,31
BRDA:249,17,0,5
BRDA:249,17,1,1
BRDA:249,18,0,6
BRDA:249,18,1,6
BRDA:249,19,0,0
BRDA:249,19,1,6
BRDA:249,20,0,6
BRDA:249,20,1,6
BRDA:256,21,0,21
BRDA:256,21,1,11
BRDA:258,22,0,21
BRDA:258,22,1,20
BRDA:268,23,0,32
BRDA:268,23,1,15
BRDA:279,24,0,32
BRDA:279,24,1,16
BRDA:281,25,0,3
BRDA:281,25,1,13
BRDA:292,26,0,16
BRDA:292,26,1,0
BRDA:293,27,0,16
BRDA:293,27,1,0
BRDA:303,28,0,32
BRDA:303,28,1,0
BRDA:307,29,0,16
BRDA:307,29,1,16
BRDA:308,30,0,16
BRDA:308,30,1,16
BRF:60
BRH:52
end_of_record
TN:
SF:src/components/recruiter/company/recruiter-company-form.tsx
FN:37,formatZipCode
FN:47,formatCnpj
FN:69,RecruiterCompanyForm
FN:119,(anonymous_3)
FN:142,(anonymous_4)
FN:143,loadCompany
FN:154,onSubmit
FN:207,onInvalidSubmit
FN:215,(anonymous_8)
FN:220,(anonymous_9)
FN:224,handleCnpjLookup
FN:243,handleZipCodeLookup
FN:303,(anonymous_12)
FN:332,(anonymous_13)
FN:342,(anonymous_14)
FN:368,(anonymous_15)
FN:382,(anonymous_16)
FN:407,(anonymous_17)
FN:416,(anonymous_18)
FN:423,(anonymous_19)
FN:481,(anonymous_20)
FN:491,(anonymous_21)
FN:517,(anonymous_22)
FN:532,(anonymous_23)
FN:558,(anonymous_24)
FN:573,(anonymous_25)
FN:587,(anonymous_26)
FN:613,mapCompanyToFormValues
FNF:28
FNH:28
FNDA:28,formatZipCode
FNDA:46,formatCnpj
FNDA:214,RecruiterCompanyForm
FNDA:11,(anonymous_3)
FNDA:9,(anonymous_4)
FNDA:9,loadCompany
FNDA:3,onSubmit
FNDA:1,onInvalidSubmit
FNDA:27,(anonymous_8)
FNDA:45,(anonymous_9)
FNDA:3,handleCnpjLookup
FNDA:3,handleZipCodeLookup
FNDA:2,(anonymous_12)
FNDA:42,(anonymous_13)
FNDA:3,(anonymous_14)
FNDA:5,(anonymous_15)
FNDA:5,(anonymous_16)
FNDA:23,(anonymous_17)
FNDA:2,(anonymous_18)
FNDA:20,(anonymous_19)
FNDA:24,(anonymous_20)
FNDA:3,(anonymous_21)
FNDA:5,(anonymous_22)
FNDA:3,(anonymous_23)
FNDA:5,(anonymous_24)
FNDA:5,(anonymous_25)
FNDA:6,(anonymous_26)
FNDA:4,mapCompanyToFormValues
DA:3,1
DA:4,1
DA:5,1
DA:6,1
DA:7,1
DA:8,1
DA:9,1
DA:10,1
DA:11,1
DA:12,1
DA:13,1
DA:14,1
DA:16,1
DA:38,28
DA:40,28
DA:41,15
DA:44,13
DA:48,46
DA:50,46
DA:51,6
DA:54,40
DA:55,9
DA:58,31
DA:59,9
DA:62,22
DA:63,12
DA:66,10
DA:69,1
DA:70,214
DA:71,214
DA:72,214
DA:78,214
DA:84,214
DA:85,214
DA:87,214
DA:96,214
DA:105,214
DA:109,214
DA:113,214
DA:118,214
DA:120,11
DA:121,11
DA:123,4
DA:124,4
DA:126,7
DA:127,6
DA:129,6
DA:130,5
DA:134,2
DA:135,2
DA:142,214
DA:144,9
DA:145,9
DA:147,9
DA:151,9
DA:155,3
DA:187,3
DA:188,3
DA:191,2
DA:193,2
DA:194,1
DA:196,1
DA:199,1
DA:208,1
DA:209,1
DA:213,214
DA:216,27
DA:218,214
DA:221,45
DA:225,3
DA:227,3
DA:228,1
DA:231,2
DA:236,2
DA:244,3
DA:246,3
DA:247,1
DA:250,2
DA:255,2
DA:260,2
DA:265,2
DA:272,214
DA:273,18
DA:280,196
DA:304,2
DA:306,2
DA:312,2
DA:333,42
DA:334,42
DA:336,42
DA:343,3
DA:344,3
DA:369,5
DA:383,5
DA:408,23
DA:417,2
DA:424,20
DA:482,24
DA:483,24
DA:485,24
DA:492,3
DA:493,3
DA:518,5
DA:533,3
DA:559,5
DA:574,5
DA:588,6
DA:614,4
LF:108
LH:108
BRDA:40,0,0,15
BRDA:40,0,1,13
BRDA:50,1,0,6
BRDA:50,1,1,40
BRDA:54,2,0,9
BRDA:54,2,1,31
BRDA:58,3,0,9
BRDA:58,3,1,22
BRDA:62,4,0,12
BRDA:62,4,1,10
BRDA:126,5,0,6
BRDA:126,5,1,1
BRDA:126,6,0,7
BRDA:126,6,1,7
BRDA:129,7,0,5
BRDA:129,7,1,1
BRDA:129,8,0,1
BRDA:129,8,1,5
BRDA:129,9,0,6
BRDA:129,9,1,6
BRDA:134,10,0,2
BRDA:134,10,1,0
BRDA:134,11,0,2
BRDA:134,11,1,2
BRDA:134,11,2,1
BRDA:134,12,0,1
BRDA:134,12,1,0
BRDA:134,13,0,1
BRDA:134,13,1,1
BRDA:188,14,0,1
BRDA:188,14,1,2
BRDA:193,15,0,1
BRDA:193,15,1,1
BRDA:200,16,0,0
BRDA:200,16,1,1
BRDA:208,17,0,1
BRDA:208,17,1,0
BRDA:216,18,0,27
BRDA:216,18,1,21
BRDA:221,19,0,45
BRDA:221,19,1,39
BRDA:225,20,0,3
BRDA:225,20,1,0
BRDA:227,21,0,1
BRDA:227,21,1,2
BRDA:244,22,0,3
BRDA:244,22,1,0
BRDA:246,23,0,1
BRDA:246,23,1,2
BRDA:272,24,0,18
BRDA:272,24,1,196
BRDA:330,25,0,120
BRDA:330,25,1,76
BRDA:330,26,0,196
BRDA:330,26,1,196
BRDA:351,27,0,196
BRDA:351,27,1,3
BRDA:355,28,0,196
BRDA:355,28,1,1
BRDA:365,29,0,195
BRDA:365,29,1,1
BRDA:365,30,0,196
BRDA:365,30,1,196
BRDA:369,31,0,5
BRDA:369,31,1,0
BRDA:379,32,0,195
BRDA:379,32,1,1
BRDA:379,33,0,196
BRDA:379,33,1,196
BRDA:383,34,0,5
BRDA:383,34,1,0
BRDA:408,35,0,23
BRDA:408,35,1,14
BRDA:414,36,0,196
BRDA:414,36,1,0
BRDA:415,37,0,196
BRDA:415,37,1,116
BRDA:430,38,0,169
BRDA:430,38,1,27
BRDA:430,39,0,196
BRDA:430,39,1,196
BRDA:443,40,0,195
BRDA:443,40,1,1
BRDA:443,41,0,196
BRDA:443,41,1,196
BRDA:479,42,0,156
BRDA:479,42,1,40
BRDA:479,43,0,196
BRDA:479,43,1,196
BRDA:500,44,0,196
BRDA:500,44,1,3
BRDA:504,45,0,196
BRDA:504,45,1,1
BRDA:514,46,0,195
BRDA:514,46,1,1
BRDA:514,47,0,196
BRDA:514,47,1,196
BRDA:518,48,0,5
BRDA:518,48,1,0
BRDA:529,49,0,195
BRDA:529,49,1,1
BRDA:529,50,0,196
BRDA:529,50,1,196
BRDA:533,51,0,3
BRDA:533,51,1,0
BRDA:555,52,0,195
BRDA:555,52,1,1
BRDA:555,53,0,196
BRDA:555,53,1,196
BRDA:559,54,0,5
BRDA:559,54,1,0
BRDA:570,55,0,195
BRDA:570,55,1,1
BRDA:570,56,0,196
BRDA:570,56,1,196
BRDA:574,57,0,5
BRDA:574,57,1,0
BRDA:584,58,0,196
BRDA:584,58,1,0
BRDA:584,59,0,196
BRDA:584,59,1,196
BRDA:588,60,0,6
BRDA:588,60,1,0
BRDA:606,61,0,4
BRDA:606,61,1,192
BRDA:615,62,0,4
BRDA:615,62,1,0
BRDA:616,63,0,4
BRDA:616,63,1,0
BRDA:617,64,0,4
BRDA:617,64,1,0
BRDA:617,65,0,0
BRDA:617,65,1,4
BRDA:617,66,0,4
BRDA:617,66,1,4
BRDA:618,67,0,4
BRDA:618,67,1,0
BRDA:618,68,0,0
BRDA:618,68,1,4
BRDA:618,69,0,4
BRDA:618,69,1,4
BRDA:619,70,0,4
BRDA:619,70,1,0
BRDA:619,71,0,0
BRDA:619,71,1,4
BRDA:619,72,0,4
BRDA:619,72,1,4
BRDA:619,73,0,0
BRDA:619,73,1,4
BRDA:619,74,0,4
BRDA:619,74,1,4
BRDA:620,75,0,4
BRDA:620,75,1,0
BRDA:620,76,0,0
BRDA:620,76,1,4
BRDA:620,77,0,4
BRDA:620,77,1,4
BRDA:620,78,0,0
BRDA:620,78,1,4
BRDA:620,79,0,4
BRDA:620,79,1,4
BRDA:621,80,0,4
BRDA:621,80,1,0
BRDA:621,81,0,0
BRDA:621,81,1,4
BRDA:621,82,0,4
BRDA:621,82,1,4
BRDA:621,83,0,0
BRDA:621,83,1,4
BRDA:621,84,0,4
BRDA:621,84,1,4
BRDA:622,85,0,4
BRDA:622,85,1,0
BRDA:622,86,0,0
BRDA:622,86,1,4
BRDA:622,87,0,4
BRDA:622,87,1,4
BRDA:622,88,0,0
BRDA:622,88,1,4
BRDA:622,89,0,4
BRDA:622,89,1,4
BRDA:623,90,0,4
BRDA:623,90,1,4
BRDA:623,91,0,0
BRDA:623,91,1,4
BRDA:623,92,0,4
BRDA:623,92,1,4
BRDA:623,93,0,0
BRDA:623,93,1,4
BRDA:623,94,0,4
BRDA:623,94,1,4
BRDA:624,95,0,4
BRDA:624,95,1,2
BRDA:624,96,0,0
BRDA:624,96,1,4
BRDA:624,97,0,4
BRDA:624,97,1,4
BRDA:624,98,0,0
BRDA:624,98,1,4
BRDA:624,99,0,4
BRDA:624,99,1,4
BRDA:625,100,0,4
BRDA:625,100,1,0
BRDA:625,101,0,0
BRDA:625,101,1,4
BRDA:625,102,0,4
BRDA:625,102,1,4
BRDA:625,103,0,0
BRDA:625,103,1,4
BRDA:625,104,0,4
BRDA:625,104,1,4
BRDA:626,105,0,4
BRDA:626,105,1,0
BRDA:626,106,0,0
BRDA:626,106,1,4
BRDA:626,107,0,4
BRDA:626,107,1,4
BRDA:626,108,0,0
BRDA:626,108,1,4
BRDA:626,109,0,4
BRDA:626,109,1,4
BRDA:627,110,0,4
BRDA:627,110,1,0
BRDA:627,111,0,0
BRDA:627,111,1,4
BRDA:627,112,0,4
BRDA:627,112,1,4
BRDA:627,113,0,0
BRDA:627,113,1,4
BRDA:627,114,0,4
BRDA:627,114,1,4
BRDA:628,115,0,4
BRDA:628,115,1,0
BRDA:628,116,0,0
BRDA:628,116,1,4
BRDA:628,117,0,4
BRDA:628,117,1,4
BRDA:628,118,0,0
BRDA:628,118,1,4
BRDA:628,119,0,4
BRDA:628,119,1,4
BRDA:629,120,0,4
BRDA:629,120,1,0
BRDA:629,121,0,0
BRDA:629,121,1,4
BRDA:629,122,0,4
BRDA:629,122,1,4
BRDA:630,123,0,4
BRDA:630,123,1,0
BRDA:630,124,0,0
BRDA:630,124,1,4
BRDA:630,125,0,4
BRDA:630,125,1,4
BRF:253
BRH:200
end_of_record
TN:
SF:src/components/recruiter/jobs/recruiter-job-form.tsx
FN:37,(anonymous_0)
FN:108,getLanguageLabel
FN:110,(anonymous_2)
FN:114,getLanguageLevelLabel
FN:116,(anonymous_4)
FN:120,formatCurrencyInput
FN:131,parseCurrencyInput
FN:141,NumberStepper
FN:160,(anonymous_8)
FN:170,(anonymous_9)
FN:178,(anonymous_10)
FN:190,BenefitCheckbox
FN:209,(anonymous_12)
FN:235,RecruiterJobForm
FN:325,(anonymous_14)
FN:330,loadCompanyDetails
FN:347,(anonymous_16)
FN:370,(anonymous_17)
FN:377,(anonymous_18)
FN:387,(anonymous_19)
FN:396,(anonymous_20)
FN:399,(anonymous_21)
FN:407,onSubmit
FN:503,onInvalidSubmit
FN:513,handleDeleteJob
FN:536,handleOpenLanguageModal
FN:544,handleSaveLanguage
FN:550,(anonymous_27)
FN:561,handleRemoveLanguage
FN:562,(anonymous_29)
FN:562,(anonymous_30)
FN:597,(anonymous_31)
FN:622,(anonymous_32)
FN:732,(anonymous_33)
FN:762,(anonymous_34)
FN:798,(anonymous_35)
FN:825,(anonymous_36)
FN:862,(anonymous_37)
FN:881,(anonymous_38)
FN:918,(anonymous_39)
FN:941,(anonymous_40)
FN:954,(anonymous_41)
FN:967,(anonymous_42)
FN:980,(anonymous_43)
FN:1000,(anonymous_44)
FN:1031,(anonymous_45)
FN:1045,(anonymous_46)
FN:1046,(anonymous_47)
FN:1054,(anonymous_48)
FN:1071,(anonymous_49)
FN:1072,(anonymous_50)
FN:1080,(anonymous_51)
FN:1117,(anonymous_52)
FN:1145,(anonymous_53)
FN:1154,(anonymous_54)
FN:1166,(anonymous_55)
FN:1181,buildDefaultValues
FNF:57
FNH:38
FNDA:1,(anonymous_0)
FNDA:60,getLanguageLabel
FNDA:120,(anonymous_2)
FNDA:60,getLanguageLevelLabel
FNDA:60,(anonymous_4)
FNDA:115,formatCurrencyInput
FNDA:6,parseCurrencyInput
FNDA:345,NumberStepper
FNDA:0,(anonymous_8)
FNDA:0,(anonymous_9)
FNDA:3,(anonymous_10)
FNDA:460,BenefitCheckbox
FNDA:0,(anonymous_12)
FNDA:124,RecruiterJobForm
FNDA:6,(anonymous_14)
FNDA:3,loadCompanyDetails
FNDA:52,(anonymous_16)
FNDA:48,(anonymous_17)
FNDA:2,(anonymous_18)
FNDA:0,(anonymous_19)
FNDA:2,(anonymous_20)
FNDA:3,(anonymous_21)
FNDA:2,onSubmit
FNDA:1,onInvalidSubmit
FNDA:0,handleDeleteJob
FNDA:1,handleOpenLanguageModal
FNDA:1,handleSaveLanguage
FNDA:1,(anonymous_27)
FNDA:0,handleRemoveLanguage
FNDA:0,(anonymous_29)
FNDA:0,(anonymous_30)
FNDA:920,(anonymous_31)
FNDA:1,(anonymous_32)
FNDA:1,(anonymous_33)
FNDA:1150,(anonymous_34)
FNDA:1,(anonymous_35)
FNDA:1,(anonymous_36)
FNDA:60,(anonymous_37)
FNDA:0,(anonymous_38)
FNDA:6,(anonymous_39)
FNDA:0,(anonymous_40)
FNDA:0,(anonymous_41)
FNDA:0,(anonymous_42)
FNDA:0,(anonymous_43)
FNDA:0,(anonymous_44)
FNDA:0,(anonymous_45)
FNDA:1,(anonymous_46)
FNDA:1,(anonymous_47)
FNDA:9,(anonymous_48)
FNDA:1,(anonymous_49)
FNDA:1,(anonymous_50)
FNDA:15,(anonymous_51)
FNDA:0,(anonymous_52)
FNDA:0,(anonymous_53)
FNDA:0,(anonymous_54)
FNDA:0,(anonymous_55)
FNDA:126,buildDefaultValues
DA:3,1
DA:4,1
DA:5,1
DA:6,1
DA:7,1
DA:8,1
DA:9,1
DA:10,1
DA:11,1
DA:12,1
DA:13,1
DA:14,1
DA:15,1
DA:16,1
DA:17,1
DA:18,1
DA:19,1
DA:20,1
DA:21,1
DA:22,1
DA:29,1
DA:37,1
DA:38,1
DA:39,1
DA:40,1
DA:41,1
DA:42,1
DA:43,1
DA:44,1
DA:45,1
DA:70,1
DA:81,1
DA:94,1
DA:100,1
DA:109,60
DA:110,120
DA:115,60
DA:116,60
DA:121,115
DA:122,56
DA:125,59
DA:132,6
DA:134,6
DA:135,0
DA:138,6
DA:154,345
DA:160,0
DA:171,0
DA:172,0
DA:178,3
DA:203,460
DA:209,0
DA:235,1
DA:240,124
DA:241,124
DA:242,124
DA:243,124
DA:246,124
DA:247,124
DA:248,124
DA:249,124
DA:250,124
DA:251,124
DA:252,124
DA:256,124
DA:257,124
DA:261,124
DA:263,124
DA:264,124
DA:265,124
DA:267,124
DA:280,124
DA:283,124
DA:287,124
DA:291,124
DA:295,124
DA:299,124
DA:303,124
DA:307,124
DA:311,124
DA:315,124
DA:319,124
DA:323,124
DA:325,124
DA:326,6
DA:327,3
DA:331,3
DA:332,3
DA:333,3
DA:334,3
DA:336,0
DA:338,3
DA:342,3
DA:345,124
DA:347,124
DA:348,52
DA:349,0
DA:351,52
DA:355,124
DA:364,124
DA:368,124
DA:370,124
DA:371,48
DA:376,124
DA:378,2
DA:379,2
DA:380,2
DA:381,2
DA:382,2
DA:387,124
DA:388,0
DA:389,0
DA:390,0
DA:391,0
DA:392,0
DA:395,124
DA:397,2
DA:398,2
DA:399,3
DA:402,2
DA:408,2
DA:409,0
DA:410,0
DA:413,2
DA:414,0
DA:415,0
DA:416,0
DA:419,2
DA:455,2
DA:456,2
DA:457,1
DA:458,1
DA:459,1
DA:461,1
DA:462,1
DA:464,1
DA:466,1
DA:467,1
DA:468,1
DA:472,1
DA:473,1
DA:476,1
DA:477,1
DA:478,1
DA:480,1
DA:481,1
DA:484,1
DA:487,0
DA:488,0
DA:492,0
DA:495,0
DA:504,1
DA:505,1
DA:506,1
DA:509,1
DA:514,0
DA:515,0
DA:518,0
DA:519,0
DA:520,0
DA:521,0
DA:523,0
DA:524,0
DA:525,0
DA:526,0
DA:529,0
DA:530,0
DA:532,0
DA:537,1
DA:541,1
DA:545,1
DA:546,0
DA:547,0
DA:550,1
DA:557,1
DA:558,1
DA:562,0
DA:565,124
DA:598,920
DA:623,1
DA:625,1
DA:631,1
DA:733,1
DA:763,1150
DA:799,1
DA:826,1
DA:863,60
DA:881,0
DA:919,6
DA:942,0
DA:955,0
DA:968,0
DA:981,0
DA:1001,0
DA:1002,0
DA:1031,0
DA:1046,1
DA:1055,9
DA:1072,1
DA:1081,15
DA:1118,0
DA:1119,0
DA:1145,0
DA:1155,0
DA:1156,0
DA:1167,0
DA:1182,126
LF:207
LH:156
BRDA:37,0,0,1
BRDA:37,0,1,1
BRDA:110,1,0,60
BRDA:110,1,1,0
BRDA:110,2,0,0
BRDA:110,2,1,60
BRDA:110,3,0,60
BRDA:110,3,1,60
BRDA:116,4,0,60
BRDA:116,4,1,0
BRDA:116,5,0,0
BRDA:116,5,1,60
BRDA:116,6,0,60
BRDA:116,6,1,60
BRDA:121,7,0,56
BRDA:121,7,1,59
BRDA:121,8,0,115
BRDA:121,8,1,61
BRDA:134,9,0,0
BRDA:134,9,1,6
BRDA:145,10,0,0
BRDA:160,11,0,0
BRDA:160,11,1,0
BRDA:160,12,0,0
BRDA:160,12,1,0
BRDA:169,13,0,251
BRDA:169,13,1,94
BRDA:169,14,0,345
BRDA:169,14,1,345
BRDA:172,15,0,0
BRDA:172,15,1,0
BRDA:178,16,0,1
BRDA:178,16,1,2
BRDA:178,17,0,3
BRDA:178,17,1,3
BRDA:185,18,0,345
BRDA:185,18,1,2
BRDA:213,19,0,0
BRDA:213,19,1,460
BRDA:224,20,0,0
BRDA:224,20,1,460
BRDA:225,21,0,0
BRDA:225,21,1,460
BRDA:244,22,0,49
BRDA:244,22,1,75
BRDA:244,23,0,124
BRDA:244,23,1,75
BRDA:258,24,0,124
BRDA:258,24,1,75
BRDA:258,25,0,75
BRDA:258,25,1,49
BRDA:258,26,0,124
BRDA:258,26,1,124
BRDA:258,27,0,75
BRDA:258,27,1,49
BRDA:258,28,0,124
BRDA:258,28,1,124
BRDA:264,29,0,6
BRDA:264,29,1,118
BRDA:264,30,0,124
BRDA:264,30,1,124
BRDA:264,31,0,6
BRDA:264,31,1,118
BRDA:264,32,0,124
BRDA:264,32,1,118
BRDA:265,33,0,124
BRDA:265,33,1,6
BRDA:265,34,0,6
BRDA:265,34,1,118
BRDA:265,35,0,124
BRDA:265,35,1,124
BRDA:265,36,0,6
BRDA:265,36,1,118
BRDA:265,37,0,124
BRDA:265,37,1,118
BRDA:267,38,0,124
BRDA:267,38,1,6
BRDA:267,38,2,6
BRDA:267,39,0,6
BRDA:267,39,1,118
BRDA:267,40,0,124
BRDA:267,40,1,124
BRDA:267,41,0,6
BRDA:267,41,1,118
BRDA:267,42,0,124
BRDA:267,42,1,118
BRDA:268,43,0,6
BRDA:268,43,1,0
BRDA:268,44,0,6
BRDA:268,44,1,6
BRDA:268,45,0,6
BRDA:268,45,1,0
BRDA:268,46,0,6
BRDA:268,46,1,6
BRDA:268,47,0,6
BRDA:268,47,1,0
BRDA:268,48,0,6
BRDA:268,48,1,0
BRDA:326,49,0,3
BRDA:326,49,1,3
BRDA:345,50,0,124
BRDA:345,50,1,118
BRDA:345,51,0,3
BRDA:345,51,1,115
BRDA:345,52,0,118
BRDA:345,52,1,115
BRDA:348,53,0,0
BRDA:348,53,1,52
BRDA:348,54,0,52
BRDA:348,54,1,0
BRDA:348,55,0,49
BRDA:348,55,1,3
BRDA:348,56,0,52
BRDA:348,56,1,52
BRDA:352,57,0,121
BRDA:352,57,1,3
BRDA:352,58,0,124
BRDA:352,58,1,124
BRDA:355,59,0,13
BRDA:355,59,1,111
BRDA:355,60,0,0
BRDA:355,60,1,124
BRDA:355,61,0,124
BRDA:355,61,1,124
BRDA:357,62,0,0
BRDA:357,62,1,111
BRDA:357,63,0,111
BRDA:357,63,1,47
BRDA:357,63,2,47
BRDA:357,64,0,64
BRDA:357,64,1,47
BRDA:357,65,0,111
BRDA:357,65,1,111
BRDA:360,66,0,111
BRDA:360,66,1,3
BRDA:360,67,0,3
BRDA:360,67,1,108
BRDA:360,68,0,111
BRDA:360,68,1,108
BRDA:361,69,0,3
BRDA:361,69,1,108
BRDA:361,70,0,111
BRDA:361,70,1,111
BRDA:361,71,0,3
BRDA:361,71,1,108
BRDA:361,72,0,111
BRDA:361,72,1,111
BRDA:361,73,0,3
BRDA:361,73,1,108
BRDA:361,74,0,111
BRDA:361,74,1,108
BRDA:362,75,0,111
BRDA:362,75,1,0
BRDA:362,75,2,0
BRDA:362,76,0,0
BRDA:362,76,1,0
BRDA:362,77,0,0
BRDA:362,77,1,0
BRDA:365,78,0,124
BRDA:365,78,1,9
BRDA:365,79,0,9
BRDA:365,79,1,115
BRDA:365,80,0,124
BRDA:365,80,1,115
BRDA:366,81,0,9
BRDA:366,81,1,115
BRDA:366,82,0,124
BRDA:366,82,1,124
BRDA:366,83,0,9
BRDA:366,83,1,115
BRDA:366,84,0,124
BRDA:366,84,1,124
BRDA:366,85,0,9
BRDA:366,85,1,115
BRDA:366,86,0,124
BRDA:366,86,1,115
BRDA:368,87,0,111
BRDA:368,87,1,13
BRDA:368,88,0,0
BRDA:368,88,1,124
BRDA:368,89,0,124
BRDA:368,89,1,124
BRDA:379,90,0,2
BRDA:379,90,1,0
BRDA:379,91,0,0
BRDA:379,91,1,2
BRDA:379,92,0,2
BRDA:379,92,1,2
BRDA:398,93,0,2
BRDA:398,93,1,0
BRDA:402,94,0,2
BRDA:402,94,1,0
BRDA:408,95,0,0
BRDA:408,95,1,2
BRDA:413,96,0,0
BRDA:413,96,1,2
BRDA:427,97,0,2
BRDA:427,97,1,0
BRDA:429,98,0,2
BRDA:429,98,1,0
BRDA:429,99,0,2
BRDA:429,99,1,2
BRDA:434,100,0,2
BRDA:434,100,1,0
BRDA:434,101,0,2
BRDA:434,101,1,2
BRDA:438,102,0,2
BRDA:438,102,1,0
BRDA:442,103,0,2
BRDA:442,103,1,0
BRDA:442,104,0,2
BRDA:442,104,1,2
BRDA:456,105,0,1
BRDA:456,105,1,1
BRDA:458,106,0,1
BRDA:458,106,1,0
BRDA:461,107,0,1
BRDA:461,107,1,0
BRDA:464,108,0,1
BRDA:464,108,1,0
BRDA:466,109,0,1
BRDA:466,109,1,0
BRDA:476,110,0,1
BRDA:476,110,1,0
BRDA:476,111,0,1
BRDA:476,111,1,1
BRDA:480,112,0,1
BRDA:480,112,1,0
BRDA:487,113,0,0
BRDA:487,113,1,0
BRDA:487,114,0,0
BRDA:487,114,1,0
BRDA:496,115,0,0
BRDA:496,115,1,0
BRDA:504,116,0,1
BRDA:504,116,1,0
BRDA:504,117,0,1
BRDA:504,117,1,0
BRDA:505,118,0,1
BRDA:505,118,1,0
BRDA:514,119,0,0
BRDA:514,119,1,0
BRDA:523,120,0,0
BRDA:523,120,1,0
BRDA:545,121,0,0
BRDA:545,121,1,1
BRDA:545,122,0,1
BRDA:545,122,1,1
BRDA:571,123,0,9
BRDA:571,123,1,115
BRDA:571,124,0,124
BRDA:571,124,1,9
BRDA:607,125,0,115
BRDA:607,125,1,0
BRDA:640,126,0,115
BRDA:640,126,1,1
BRDA:658,127,0,115
BRDA:658,127,1,1
BRDA:668,128,0,3
BRDA:668,128,1,112
BRDA:670,129,0,115
BRDA:670,129,1,0
BRDA:672,130,0,3
BRDA:672,130,1,112
BRDA:675,131,0,108
BRDA:675,131,1,7
BRDA:676,132,0,1
BRDA:676,132,1,107
BRDA:691,133,0,115
BRDA:691,133,1,3
BRDA:707,134,0,115
BRDA:707,134,1,1
BRDA:739,135,0,115
BRDA:739,135,1,0
BRDA:739,136,0,115
BRDA:739,136,1,115
BRDA:772,137,0,115
BRDA:772,137,1,1
BRDA:805,138,0,114
BRDA:805,138,1,1
BRDA:805,139,0,115
BRDA:805,139,1,115
BRDA:832,140,0,114
BRDA:832,140,1,1
BRDA:832,141,0,115
BRDA:832,141,1,115
BRDA:860,142,0,115
BRDA:860,142,1,60
BRDA:891,143,0,115
BRDA:891,143,1,1
BRDA:926,144,0,115
BRDA:926,144,1,1
BRDA:995,145,0,115
BRDA:995,145,1,47
BRDA:1012,146,0,115
BRDA:1012,146,1,112
BRDA:1014,147,0,68
BRDA:1014,147,1,47
BRDA:1021,148,0,124
BRDA:1021,148,1,3
BRDA:1107,149,0,124
BRDA:1107,149,1,0
BRDA:1130,150,0,0
BRDA:1130,150,1,0
BRDA:1130,150,2,0
BRDA:1130,151,0,0
BRDA:1130,151,1,0
BRDA:1130,152,0,0
BRDA:1130,152,1,0
BRDA:1165,153,0,0
BRDA:1165,153,1,0
BRDA:1184,154,0,126
BRDA:1184,154,1,75
BRDA:1184,155,0,75
BRDA:1184,155,1,51
BRDA:1184,156,0,126
BRDA:1184,156,1,126
BRDA:1185,157,0,126
BRDA:1185,157,1,75
BRDA:1185,158,0,75
BRDA:1185,158,1,51
BRDA:1185,159,0,126
BRDA:1185,159,1,126
BRDA:1186,160,0,126
BRDA:1186,160,1,75
BRDA:1186,161,0,75
BRDA:1186,161,1,51
BRDA:1186,162,0,126
BRDA:1186,162,1,126
BRDA:1187,163,0,126
BRDA:1187,163,1,75
BRDA:1187,164,0,75
BRDA:1187,164,1,51
BRDA:1187,165,0,126
BRDA:1187,165,1,126
BRDA:1188,166,0,126
BRDA:1188,166,1,75
BRDA:1188,167,0,75
BRDA:1188,167,1,51
BRDA:1188,168,0,126
BRDA:1188,168,1,126
BRDA:1189,169,0,126
BRDA:1189,169,1,75
BRDA:1189,170,0,75
BRDA:1189,170,1,51
BRDA:1189,171,0,126
BRDA:1189,171,1,126
BRDA:1189,172,0,75
BRDA:1189,172,1,51
BRDA:1189,173,0,126
BRDA:1189,173,1,126
BRDA:1190,174,0,75
BRDA:1190,174,1,51
BRDA:1190,175,0,126
BRDA:1190,175,1,126
BRDA:1190,176,0,75
BRDA:1190,176,1,51
BRDA:1190,177,0,126
BRDA:1190,177,1,126
BRDA:1191,178,0,75
BRDA:1191,178,1,51
BRDA:1191,179,0,126
BRDA:1191,179,1,126
BRDA:1191,180,0,75
BRDA:1191,180,1,51
BRDA:1191,181,0,126
BRDA:1191,181,1,126
BRDA:1192,182,0,75
BRDA:1192,182,1,51
BRDA:1192,183,0,126
BRDA:1192,183,1,126
BRDA:1192,184,0,75
BRDA:1192,184,1,51
BRDA:1192,185,0,126
BRDA:1192,185,1,126
BRDA:1193,186,0,75
BRDA:1193,186,1,51
BRDA:1193,187,0,126
BRDA:1193,187,1,126
BRDA:1193,188,0,75
BRDA:1193,188,1,51
BRDA:1193,189,0,126
BRDA:1193,189,1,126
BRDA:1194,190,0,75
BRDA:1194,190,1,51
BRDA:1194,191,0,126
BRDA:1194,191,1,126
BRDA:1194,192,0,75
BRDA:1194,192,1,51
BRDA:1194,193,0,126
BRDA:1194,193,1,126
BRDA:1195,194,0,75
BRDA:1195,194,1,51
BRDA:1195,195,0,126
BRDA:1195,195,1,126
BRDA:1195,196,0,75
BRDA:1195,196,1,51
BRDA:1195,197,0,126
BRDA:1195,197,1,126
BRDA:1196,198,0,75
BRDA:1196,198,1,51
BRDA:1196,199,0,126
BRDA:1196,199,1,126
BRDA:1196,200,0,75
BRDA:1196,200,1,51
BRDA:1196,201,0,126
BRDA:1196,201,1,126
BRDA:1197,202,0,126
BRDA:1197,202,1,75
BRDA:1197,203,0,75
BRDA:1197,203,1,51
BRDA:1197,204,0,126
BRDA:1197,204,1,126
BRDA:1197,205,0,75
BRDA:1197,205,1,51
BRDA:1197,206,0,126
BRDA:1197,206,1,126
BRF:417
BRH:343
end_of_record
TN:
SF:src/components/recruiter/jobs/recruiter-jobs-list.tsx
FN:13,RecruiterJobsList
FN:18,handleDelete
FN:47,(anonymous_3)
FN:93,(anonymous_4)
FN:118,(anonymous_5)
FN:170,(anonymous_6)
FN:178,(anonymous_7)
FNF:7
FNH:5
FNDA:9,RecruiterJobsList
FNDA:1,handleDelete
FNDA:3,(anonymous_3)
FNDA:1,(anonymous_4)
FNDA:0,(anonymous_5)
FNDA:0,(anonymous_6)
FNDA:1,(anonymous_7)
DA:3,1
DA:4,1
DA:5,1
DA:6,1
DA:7,1
DA:8,1
DA:9,1
DA:10,1
DA:13,1
DA:14,9
DA:15,9
DA:16,9
DA:19,1
DA:20,1
DA:21,1
DA:22,1
DA:23,1
DA:25,0
DA:29,9
DA:30,4
DA:33,5
DA:34,1
DA:37,4
DA:38,1
DA:45,3
DA:48,3
DA:50,3
DA:94,1
DA:95,1
DA:118,0
DA:170,0
DA:179,1
DA:181,1
DA:182,1
LF:34
LH:31
BRDA:29,0,0,4
BRDA:29,0,1,5
BRDA:33,1,0,1
BRDA:33,1,1,4
BRDA:37,2,0,1
BRDA:37,2,1,3
BRDA:48,3,0,3
BRDA:48,3,1,0
BRDA:73,4,0,3
BRDA:73,4,1,3
BRDA:81,5,0,3
BRDA:81,5,1,3
BRDA:94,6,0,1
BRDA:94,6,1,0
BRDA:52,7,0,3
BRDA:52,7,1,0
BRDA:52,7,2,0
BRDA:108,8,0,3
BRDA:108,8,1,1
BRDA:143,9,0,1
BRDA:143,9,1,0
BRDA:179,10,0,1
BRDA:179,10,1,0
BRDA:181,11,0,1
BRDA:181,11,1,0
BRF:25
BRH:18
end_of_record
TN:
SF:src/components/seo/job-posting-json-ld.tsx
FN:33,mapEmploymentType
FN:67,JobPostingJsonLd
FNF:2
FNH:0
FNDA:0,mapEmploymentType
FNDA:0,JobPostingJsonLd
DA:1,0
DA:2,0
DA:3,0
DA:34,0
DA:36,0
DA:37,0
DA:40,0
DA:41,0
DA:44,0
DA:45,0
DA:48,0
DA:49,0
DA:52,0
DA:53,0
DA:56,0
DA:61,0
DA:64,0
DA:67,0
DA:68,0
DA:69,0
DA:70,0
DA:71,0
DA:75,0
DA:104,0
LF:24
LH:0
BRDA:34,0,0,0
BRDA:34,0,1,0
BRDA:34,1,0,0
BRDA:34,1,1,0
BRDA:36,2,0,0
BRDA:36,2,1,0
BRDA:40,3,0,0
BRDA:40,3,1,0
BRDA:40,4,0,0
BRDA:40,4,1,0
BRDA:44,5,0,0
BRDA:44,5,1,0
BRDA:48,6,0,0
BRDA:48,6,1,0
BRDA:52,7,0,0
BRDA:52,7,1,0
BRDA:56,8,0,0
BRDA:56,8,1,0
BRDA:57,9,0,0
BRDA:57,9,1,0
BRDA:57,9,2,0
BRDA:69,10,0,0
BRDA:69,10,1,0
BRDA:69,11,0,0
BRDA:69,11,1,0
BRDA:69,12,0,0
BRDA:69,12,1,0
BRDA:69,13,0,0
BRDA:69,13,1,0
BRDA:70,14,0,0
BRDA:70,14,1,0
BRDA:70,15,0,0
BRDA:70,15,1,0
BRDA:70,16,0,0
BRDA:70,16,1,0
BRDA:70,17,0,0
BRDA:70,17,1,0
BRDA:71,18,0,0
BRDA:71,18,1,0
BRDA:71,19,0,0
BRDA:71,19,1,0
BRDA:71,20,0,0
BRDA:71,20,1,0
BRDA:71,21,0,0
BRDA:71,21,1,0
BRDA:71,22,0,0
BRDA:71,22,1,0
BRDA:84,23,0,0
BRDA:84,23,1,0
BRDA:84,24,0,0
BRDA:84,24,1,0
BRDA:84,25,0,0
BRDA:84,25,1,0
BRDA:85,26,0,0
BRDA:85,26,1,0
BRDA:85,27,0,0
BRDA:85,27,1,0
BRDA:85,28,0,0
BRDA:85,28,1,0
BRDA:85,29,0,0
BRDA:85,29,1,0
BRDA:86,30,0,0
BRDA:86,30,1,0
BRDA:89,31,0,0
BRDA:89,31,1,0
BRDA:89,32,0,0
BRDA:89,32,1,0
BRDA:94,33,0,0
BRDA:94,33,1,0
BRDA:98,34,0,0
BRDA:98,34,1,0
BRF:71
BRH:0
end_of_record
TN:
SF:src/components/seo/organization-json-ld.tsx
FN:6,getOrganizationLogoUrl
FN:21,OrganizationJsonLd
FNF:2
FNH:0
FNDA:0,getOrganizationLogoUrl
FNDA:0,OrganizationJsonLd
DA:1,0
DA:2,0
DA:3,0
DA:4,0
DA:7,0
DA:8,0
DA:10,0
[...]
FNDA:4,(anonymous_2)
FNDA:4,(anonymous_3)
DA:3,1
DA:4,1
DA:7,1
DA:8,8
DA:9,8
DA:10,8
DA:12,8
DA:13,5
DA:14,5
DA:16,5
DA:18,4
DA:19,4
DA:21,1
DA:23,5
DA:27,8
DA:28,4
DA:29,4
DA:33,8
LF:18
LH:18
BRF:0
BRH:0
end_of_record
TN:
SF:src/hooks/use-recruiter-jobs.ts
FN:13,loadRecruiterJobs
FN:30,useRecruiterJobs
FN:35,fetchJobs
FN:43,(anonymous_3)
FN:44,(anonymous_4)
FNF:5
FNH:5
FNDA:5,loadRecruiterJobs
FNDA:9,useRecruiterJobs
FNDA:1,fetchJobs
FNDA:4,(anonymous_3)
FNDA:4,(anonymous_4)
DA:3,1
DA:4,1
DA:14,5
DA:16,5
DA:17,5
DA:19,5
DA:21,4
DA:22,4
DA:24,1
DA:26,5
DA:30,1
DA:31,9
DA:32,9
DA:33,9
DA:36,1
DA:43,9
DA:44,4
DA:45,4
DA:53,9
LF:19
LH:19
BRF:0
BRH:0
end_of_record
TN:
SF:src/services/address/address.service.ts
FN:4,normalizeZipCode
FN:11,(anonymous_1)
FNF:2
FNH:2
FNDA:6,normalizeZipCode
FNDA:3,(anonymous_1)
DA:1,1
DA:5,6
DA:8,1
DA:12,3
DA:14,3
DA:15,0
DA:18,3
DA:22,3
DA:23,1
DA:26,2
DA:28,2
DA:29,0
DA:32,2
LF:13
LH:11
BRDA:14,0,0,0
BRDA:14,0,1,3
BRDA:22,1,0,1
BRDA:22,1,1,2
BRDA:28,2,0,0
BRDA:28,2,1,2
BRF:6
BRH:4
end_of_record
TN:
SF:src/services/apply/apply.service.ts
FN:16,(anonymous_0)
FN:25,(anonymous_1)
FN:31,(anonymous_2)
FN:39,(anonymous_3)
FN:47,(anonymous_4)
FN:62,(anonymous_5)
FNF:6
FNH:4
FNDA:1,(anonymous_0)
FNDA:16,(anonymous_1)
FNDA:0,(anonymous_2)
FNDA:4,(anonymous_3)
FNDA:0,(anonymous_4)
FNDA:5,(anonymous_5)
DA:1,6
DA:2,6
DA:13,6
DA:15,6
DA:17,1
DA:22,1
DA:26,16
DA:28,14
DA:32,0
DA:36,0
DA:40,4
DA:44,3
DA:51,0
DA:59,0
DA:63,5
LF:15
LH:11
BRF:0
BRH:0
end_of_record
TN:
SF:src/services/apply/apply.utils.ts
FN:14,normalizeIdentifier
FN:26,normalizeApply
FN:35,normalizeApplyList
FNF:3
FNH:3
FNDA:66,normalizeIdentifier
FNDA:22,normalizeApply
FNDA:17,normalizeApplyList
DA:15,66
DA:16,59
DA:19,7
DA:20,4
DA:23,3
DA:26,7
DA:27,22
DA:35,7
DA:38,17
LF:9
LH:9
BRDA:15,0,0,59
BRDA:15,0,1,7
BRDA:19,1,0,4
BRDA:19,1,1,3
BRDA:19,2,0,7
BRDA:19,2,1,4
BRDA:20,3,0,4
BRDA:20,3,1,2
BRDA:20,3,2,0
BRDA:29,4,0,22
BRDA:29,4,1,3
BRDA:38,5,0,17
BRDA:38,5,1,2
BRF:13
BRH:12
end_of_record
TN:
SF:src/services/auth/auth.service.ts
FN:25,(anonymous_0)
FN:33,(anonymous_1)
FN:45,(anonymous_2)
FN:49,(anonymous_3)
FN:56,(anonymous_4)
FN:69,(anonymous_5)
FN:82,(anonymous_6)
FN:99,(anonymous_7)
FN:123,(anonymous_8)
FN:127,(anonymous_9)
FNF:10
FNH:10
FNDA:1,(anonymous_0)
FNDA:4,(anonymous_1)
FNDA:17,(anonymous_2)
FNDA:2,(anonymous_3)
FNDA:1,(anonymous_4)
FNDA:1,(anonymous_5)
FNDA:1,(anonymous_6)
FNDA:4,(anonymous_7)
FNDA:5,(anonymous_8)
FNDA:2,(anonymous_9)
DA:1,9
DA:2,9
DA:3,9
DA:4,9
DA:24,9
DA:26,1
DA:34,4
DA:40,2
DA:42,2
DA:46,17
DA:50,2
DA:59,1
DA:72,1
DA:83,1
DA:85,1
DA:94,1
DA:96,1
DA:100,4
DA:104,4
DA:105,4
DA:111,2
DA:112,1
DA:117,1
DA:119,4
DA:124,5
DA:128,2
LF:26
LH:26
BRDA:111,0,0,1
BRDA:111,0,1,1
BRDA:111,1,0,2
BRDA:111,1,1,2
BRF:4
BRH:4
end_of_record
TN:
SF:src/services/company/company.service.ts
FN:15,(anonymous_0)
FN:22,(anonymous_1)
FN:26,(anonymous_2)
FN:35,(anonymous_3)
FN:44,(anonymous_4)
FNF:5
FNH:5
FNDA:1,(anonymous_0)
FNDA:16,(anonymous_1)
FNDA:3,(anonymous_2)
FNDA:2,(anonymous_3)
FNDA:6,(anonymous_4)
DA:1,4
DA:2,4
DA:14,4
DA:16,1
DA:23,16
DA:29,3
DA:38,2
DA:45,6
LF:8
LH:8
BRF:0
BRH:0
end_of_record
TN:
SF:src/services/health/health.service.ts
FN:6,(anonymous_0)
FNF:1
FNH:0
FNDA:0,(anonymous_0)
DA:1,0
DA:2,0
DA:5,0
DA:7,0
LF:4
LH:0
BRF:0
BRH:0
end_of_record
TN:
SF:src/services/http/api-client.ts
FN:5,getApiBaseUrl
FN:18,buildApiUrl
FN:33,refreshAccessToken
FN:60,parseResponseBody
FN:74,apiClient
FN:115,(anonymous_6)
FNF:6
FNH:6
FNDA:138,getApiBaseUrl
FNDA:138,buildApiUrl
FNDA:3,refreshAccessToken
FNDA:134,parseResponseBody
FNDA:136,apiClient
FNDA:1,(anonymous_6)
DA:1,19
DA:2,19
DA:3,19
DA:7,138
DA:9,138
DA:10,1
DA:15,137
DA:19,138
DA:34,3
DA:36,3
DA:37,1
DA:40,2
DA:48,2
DA:49,1
DA:50,1
DA:53,1
DA:55,1
DA:57,1
DA:61,134
DA:62,9
DA:65,125
DA:67,125
DA:68,1
DA:71,124
DA:74,19
DA:83,136
DA:84,136
DA:86,136
DA:87,136
DA:89,136
DA:90,129
DA:93,136
DA:94,55
DA:97,136
DA:102,135
DA:103,3
DA:105,3
DA:106,1
DA:113,134
DA:114,27
DA:115,1
DA:118,27
DA:125,107
LF:43
LH:43
BRDA:7,0,0,138
BRDA:7,0,1,2
BRDA:9,1,0,1
BRDA:9,1,1,137
BRDA:36,2,0,1
BRDA:36,2,1,2
BRDA:48,3,0,1
BRDA:48,3,1,1
BRDA:61,4,0,9
BRDA:61,4,1,125
BRDA:67,5,0,1
BRDA:67,5,1,124
BRDA:76,6,0,73
BRDA:79,7,0,109
BRDA:80,8,0,129
BRDA:81,9,0,134
BRDA:89,10,0,129
BRDA:89,10,1,7
BRDA:89,11,0,136
BRDA:89,11,1,129
BRDA:93,12,0,55
BRDA:93,12,1,81
BRDA:93,13,0,136
BRDA:93,13,1,109
BRDA:93,13,2,56
BRDA:102,14,0,3
BRDA:102,14,1,132
BRDA:102,15,0,135
BRDA:102,15,1,7
BRDA:102,15,2,4
BRDA:105,16,0,1
BRDA:105,16,1,2
BRDA:113,17,0,27
BRDA:113,17,1,107
BRDA:119,18,0,27
BRDA:119,18,1,1
BRDA:119,19,0,1
BRDA:119,19,1,26
BRDA:119,20,0,27
BRDA:119,20,1,26
BRF:40
BRH:40
end_of_record
TN:
SF:src/services/http/api-error.ts
FN:5,(anonymous_0)
FNF:1
FNH:1
FNDA:29,(anonymous_0)
DA:1,19
DA:6,29
DA:8,29
DA:9,29
DA:10,29
LF:5
LH:5
BRF:0
BRH:0
end_of_record
TN:
SF:src/services/http/token-storage.ts
FN:4,(anonymous_0)
FN:9,(anonymous_1)
FN:15,(anonymous_2)
FN:21,(anonymous_3)
FNF:4
FNH:4
FNDA:4,(anonymous_0)
FNDA:180,(anonymous_1)
FNDA:8,(anonymous_2)
FNDA:7,(anonymous_3)
DA:1,19
DA:3,19
DA:5,4
DA:6,4
DA:10,180
DA:12,169
DA:16,8
DA:18,8
DA:22,7
DA:23,7
LF:10
LH:10
BRDA:10,0,0,11
BRDA:10,0,1,169
BRDA:16,1,0,0
BRDA:16,1,1,8
BRF:4
BRH:3
end_of_record
TN:
SF:src/services/job/job.service.ts
FN:19,(anonymous_0)
FN:25,(anonymous_1)
FN:29,(anonymous_2)
FN:35,(anonymous_3)
FN:42,(anonymous_4)
FN:49,(anonymous_5)
FN:56,(anonymous_6)
FN:66,(anonymous_7)
FNF:8
FNH:8
FNDA:6,(anonymous_0)
FNDA:8,(anonymous_1)
FNDA:1,(anonymous_2)
FNDA:1,(anonymous_3)
FNDA:2,(anonymous_4)
FNDA:1,(anonymous_5)
FNDA:2,(anonymous_6)
FNDA:2,(anonymous_7)
DA:1,4
DA:2,4
DA:18,4
DA:20,6
DA:26,8
DA:30,1
DA:36,1
DA:43,2
DA:50,1
DA:60,2
DA:67,2
LF:11
LH:11
BRF:0
BRH:0
end_of_record
TN:
SF:src/services/upload/upload.service.ts
FN:8,uploadFile
FN:21,(anonymous_1)
FN:25,(anonymous_2)
FN:29,(anonymous_3)
FNF:4
FNH:4
FNDA:6,uploadFile
FNDA:3,(anonymous_1)
FNDA:2,(anonymous_2)
FNDA:1,(anonymous_3)
DA:1,3
DA:2,3
DA:9,6
DA:11,6
DA:13,6
DA:20,3
DA:22,3
DA:26,2
DA:30,1
LF:9
LH:9
BRF:0
BRH:0
end_of_record
TN:
SF:src/tests/mocks/msw-lite.ts
FN:11,(anonymous_0)
FN:31,(anonymous_1)
FN:39,(anonymous_2)
FN:51,(anonymous_3)
FN:58,(anonymous_4)
FN:63,(anonymous_5)
FN:73,(anonymous_6)
FN:84,(anonymous_7)
FN:88,(anonymous_8)
FN:92,(anonymous_9)
FN:96,(anonymous_10)
FN:118,createHandler
FN:131,(anonymous_12)
FN:133,(anonymous_13)
FN:135,(anonymous_14)
FN:137,(anonymous_15)
FN:141,matchPath
FN:175,setupServer
FN:180,(anonymous_18)
FN:181,(anonymous_19)
FN:183,(anonymous_20)
FN:203,(anonymous_21)
FN:206,(anonymous_22)
FN:209,(anonymous_23)
FNF:24
FNH:23
FNDA:127,(anonymous_0)
FNDA:18,(anonymous_1)
FNDA:6,(anonymous_2)
FNDA:127,(anonymous_3)
FNDA:119,(anonymous_4)
FNDA:0,(anonymous_5)
FNDA:127,(anonymous_6)
FNDA:127,(anonymous_7)
FNDA:113,(anonymous_8)
FNDA:4,(anonymous_9)
FNDA:119,(anonymous_10)
FNDA:1028,createHandler
FNDA:420,(anonymous_12)
FNDA:366,(anonymous_13)
FNDA:162,(anonymous_14)
FNDA:80,(anonymous_15)
FNDA:679,matchPath
FNDA:40,setupServer
FNDA:45,(anonymous_18)
FNDA:127,(anonymous_19)
FNDA:1216,(anonymous_20)
FNDA:246,(anonymous_21)
FNDA:19,(anonymous_22)
FNDA:45,(anonymous_23)
DA:12,127
DA:13,127
DA:14,127
DA:15,127
DA:16,127
DA:18,127
DA:19,6
DA:22,127
DA:25,0
DA:26,0
DA:27,0
DA:28,0
DA:32,18
DA:33,18
DA:36,0
DA:40,6
DA:41,6
DA:44,0
DA:49,127
DA:52,127
DA:53,8
DA:56,119
DA:58,119
DA:59,119
DA:64,0
DA:68,40
DA:74,127
DA:75,127
DA:76,127
DA:85,127
DA:89,113
DA:93,4
DA:97,119
DA:123,1028
DA:130,40
DA:132,420
DA:134,366
DA:136,162
DA:138,80
DA:142,679
DA:143,679
DA:145,679
DA:146,26
DA:149,653
DA:150,653
DA:152,653
DA:153,150
DA:156,503
DA:158,503
DA:159,797
DA:160,797
DA:162,797
DA:163,46
DA:164,46
DA:167,751
DA:168,249
DA:172,254
DA:175,40
DA:176,40
DA:177,40
DA:179,40
DA:181,45
DA:182,127
DA:183,127
DA:184,1216
DA:185,664
DA:188,552
DA:191,127
DA:192,0
DA:195,127
DA:197,127
DA:204,246
DA:207,19
DA:210,45
LF:74
LH:66
BRDA:12,0,0,127
BRDA:12,0,1,0
BRDA:12,1,0,127
BRDA:12,1,1,0
BRDA:14,2,0,127
BRDA:14,2,1,85
BRDA:14,3,0,6
BRDA:14,3,1,121
BRDA:14,4,0,127
BRDA:14,4,1,127
BRDA:15,5,0,6
BRDA:15,5,1,121
BRDA:15,6,0,127
BRDA:15,6,1,127
BRDA:16,7,0,6
BRDA:16,7,1,121
BRDA:16,8,0,127
BRDA:16,8,1,127
BRDA:18,9,0,6
BRDA:18,9,1,121
BRDA:18,10,0,127
BRDA:18,10,1,6
BRDA:32,11,0,18
BRDA:32,11,1,0
BRDA:40,12,0,6
BRDA:40,12,1,0
BRDA:52,13,0,8
BRDA:52,13,1,119
BRDA:64,14,0,0
BRDA:64,14,1,0
BRDA:64,15,0,0
BRDA:64,15,1,0
BRDA:74,16,0,41
BRDA:74,16,1,86
BRDA:74,17,0,127
BRDA:74,17,1,127
BRDA:74,18,0,0
BRDA:74,18,1,127
BRDA:74,19,0,127
BRDA:74,19,1,127
BRDA:75,20,0,0
BRDA:75,20,1,127
BRDA:75,21,0,127
BRDA:75,21,1,127
BRDA:77,22,0,119
BRDA:77,22,1,8
BRDA:79,23,0,8
BRDA:79,23,1,0
BRDA:85,24,0,127
BRDA:85,24,1,127
BRDA:101,25,0,119
BRDA:101,25,1,119
BRDA:101,26,0,86
BRDA:101,26,1,33
BRDA:101,27,0,119
BRDA:101,27,1,119
BRDA:145,28,0,26
BRDA:145,28,1,653
BRDA:152,29,0,150
BRDA:152,29,1,503
BRDA:162,30,0,46
BRDA:162,30,1,751
BRDA:167,31,0,249
BRDA:167,31,1,502
BRDA:184,32,0,664
BRDA:184,32,1,552
BRDA:191,33,0,0
BRDA:191,33,1,127
BRDA:195,34,0,127
BRDA:195,34,1,0
BRF:70
BRH:57
end_of_record
TN:
SF:src/tests/mocks/server.ts
FNF:0
FNH:0
DA:1,40
DA:2,40
DA:4,40
LF:3
LH:3
BRF:0
BRH:0
end_of_record
TN:
SF:src/tests/mocks/handlers/apply.handlers.ts
FN:5,(anonymous_0)
FN:15,(anonymous_1)
FN:17,(anonymous_2)
FN:28,(anonymous_3)
FN:48,(anonymous_4)
FN:50,(anonymous_5)
FNF:6
FNH:6
FNDA:16,(anonymous_0)
FNDA:4,(anonymous_1)
FNDA:4,(anonymous_2)
FNDA:1,(anonymous_3)
FNDA:5,(anonymous_4)
FNDA:5,(anonymous_5)
DA:1,40
DA:2,40
DA:4,40
DA:6,16
DA:7,2
DA:13,14
DA:16,4
DA:17,4
DA:19,4
DA:20,1
DA:26,3
DA:29,1
DA:30,0
DA:36,1
DA:37,1
DA:44,1
DA:46,1
DA:49,5
DA:50,5
DA:52,5
DA:53,1
DA:59,4
DA:61,4
LF:23
LH:22
BRDA:6,0,0,2
BRDA:6,0,1,14
BRDA:19,1,0,1
BRDA:19,1,1,3
BRDA:29,2,0,0
BRDA:29,2,1,1
BRDA:52,3,0,1
BRDA:52,3,1,4
BRF:8
BRH:7
end_of_record
TN:
SF:src/tests/mocks/handlers/auth.handlers.ts
FN:5,(anonymous_0)
FN:24,(anonymous_1)
FN:34,(anonymous_2)
FN:44,(anonymous_3)
FN:47,(anonymous_4)
FN:52,(anonymous_5)
FNF:6
FNH:6
FNDA:4,(anonymous_0)
FNDA:17,(anonymous_1)
FNDA:5,(anonymous_2)
FNDA:2,(anonymous_3)
FNDA:2,(anonymous_4)
FNDA:4,(anonymous_5)
DA:1,40
DA:2,40
DA:4,40
DA:6,4
DA:7,2
DA:13,2
DA:15,2
DA:25,17
DA:26,2
DA:32,15
DA:35,5
DA:36,1
DA:42,4
DA:45,2
DA:46,2
DA:47,2
DA:50,2
DA:53,4
LF:18
LH:18
BRDA:6,0,0,2
BRDA:6,0,1,2
BRDA:25,1,0,2
BRDA:25,1,1,15
BRDA:25,2,0,17
BRDA:25,2,1,15
BRDA:35,3,0,1
BRDA:35,3,1,4
BRF:8
BRH:8
end_of_record
TN:
SF:src/tests/mocks/handlers/company.handlers.ts
FN:5,(anonymous_0)
FN:15,(anonymous_1)
FN:28,(anonymous_2)
FN:38,(anonymous_3)
FNF:4
FNH:4
FNDA:16,(anonymous_0)
FNDA:2,(anonymous_1)
FNDA:2,(anonymous_2)
FNDA:6,(anonymous_3)
DA:1,40
DA:2,40
DA:4,40
DA:6,16
DA:7,8
DA:13,8
DA:16,2
DA:17,2
DA:26,2
DA:29,2
DA:30,2
DA:36,2
DA:39,6
DA:40,1
DA:46,5
LF:15
LH:15
BRDA:6,0,0,8
BRDA:6,0,1,8
BRDA:6,1,0,16
BRDA:6,1,1,8
BRDA:39,2,0,1
BRDA:39,2,1,5
BRF:6
BRH:6
end_of_record
TN:
SF:src/tests/mocks/handlers/index.ts
FN:22,(anonymous_0)
FN:10,(anonymous_1)
FNF:2
FNH:1
FNDA:58,(anonymous_0)
FNDA:0,(anonymous_1)
DA:1,40
DA:2,40
DA:3,40
DA:4,40
DA:5,40
DA:6,40
DA:7,40
DA:9,40
DA:11,0
DA:22,98
LF:10
LH:9
BRF:0
BRH:0
end_of_record
TN:
SF:src/tests/mocks/handlers/job.handlers.ts
FN:5,(anonymous_0)
FN:15,(anonymous_1)
FN:25,(anonymous_2)
FN:27,(anonymous_3)
FN:35,(anonymous_4)
FN:52,(anonymous_5)
FN:68,(anonymous_6)
FN:71,(anonymous_7)
FN:85,(anonymous_8)
FN:93,(anonymous_9)
FN:96,(anonymous_10)
FN:110,(anonymous_11)
FN:112,(anonymous_12)
FNF:13
FNH:13
FNDA:6,(anonymous_0)
FNDA:8,(anonymous_1)
FNDA:1,(anonymous_2)
FNDA:1,(anonymous_3)
FNDA:2,(anonymous_4)
FNDA:1,(anonymous_5)
FNDA:2,(anonymous_6)
FNDA:2,(anonymous_7)
FNDA:2,(anonymous_8)
FNDA:1,(anonymous_9)
FNDA:1,(anonymous_10)
FNDA:2,(anonymous_11)
FNDA:2,(anonymous_12)
DA:1,40
DA:2,40
DA:4,40
DA:6,6
DA:7,1
DA:13,5
DA:16,8
DA:17,1
DA:23,7
DA:26,1
DA:27,1
DA:29,1
DA:30,0
DA:33,1
DA:36,2
DA:37,2
DA:47,2
DA:48,2
DA:50,2
DA:53,1
DA:54,1
DA:64,1
DA:66,1
DA:69,2
DA:70,2
DA:71,2
DA:73,2
DA:74,0
DA:77,2
DA:83,2
DA:85,2
DA:87,2
DA:88,2
DA:91,2
DA:94,1
DA:95,1
DA:96,1
DA:98,1
DA:99,0
DA:102,1
DA:108,1
DA:111,2
DA:112,2
DA:114,2
DA:115,0
DA:118,2
DA:120,2
LF:47
LH:43
BRDA:6,0,0,1
BRDA:6,0,1,5
BRDA:16,1,0,1
BRDA:16,1,1,7
BRDA:29,2,0,0
BRDA:29,2,1,1
BRDA:73,3,0,0
BRDA:73,3,1,2
BRDA:87,4,0,2
BRDA:87,4,1,0
BRDA:98,5,0,0
BRDA:98,5,1,1
BRDA:114,6,0,0
BRDA:114,6,1,2
BRF:14
BRH:9
end_of_record
TN:
SF:src/tests/mocks/handlers/state.ts
FN:206,(anonymous_0)
FN:12,apiUrl
FN:146,resetMockDb
FNF:3
FNH:3
FNDA:1007,(anonymous_0)
FNDA:1008,apiUrl
FNDA:132,resetMockDb
DA:1,40
DA:2,40
DA:3,40
DA:4,40
DA:5,40
DA:7,40
DA:12,40
DA:13,1008
DA:16,40
DA:27,40
DA:60,40
DA:77,40
DA:144,40
DA:146,40
DA:147,132
DA:169,132
DA:177,132
DA:178,132
DA:184,132
DA:192,132
DA:199,132
DA:204,40
DA:206,1047
LF:23
LH:23
BRDA:8,0,0,40
BRDA:8,0,1,0
BRDA:8,0,2,0
BRDA:177,1,0,132
BRDA:177,1,1,0
BRF:5
BRH:2
end_of_record
TN:
SF:src/tests/mocks/handlers/upload.handlers.ts
FN:11,handleUpload
FN:28,(anonymous_1)
FN:31,(anonymous_2)
FN:34,(anonymous_3)
FNF:4
FNH:4
FNDA:6,handleUpload
FNDA:3,(anonymous_1)
FNDA:2,(anonymous_2)
FNDA:1,(anonymous_3)
DA:1,40
DA:2,40
DA:12,6
DA:13,6
DA:15,6
DA:22,6
DA:27,40
DA:29,3
DA:32,2
DA:35,1
LF:10
LH:10
BRDA:17,0,0,6
BRDA:17,0,1,0
BRDA:18,1,0,6
BRDA:18,1,1,0
BRF:4
BRH:2
end_of_record
TN:
SF:src/tests/utils/render-hook-with-providers.tsx
FN:6,Providers
FN:14,renderHookWithProviders
FNF:2
FNH:2
FNDA:11,Providers
FNDA:11,renderHookWithProviders
DA:2,1
DA:3,1
DA:4,1
DA:7,11
DA:14,1
DA:18,11
LF:6
LH:6
BRF:0
BRH:0
end_of_record
TN:
SF:src/tests/utils/render-with-providers.tsx
FN:10,Providers
FN:18,renderWithProviders
FNF:2
FNH:2
FNDA:30,Providers
FNDA:30,renderWithProviders
DA:2,6
DA:3,6
DA:4,6
DA:11,30
DA:18,6
DA:22,30
LF:6
LH:6
BRF:0
BRH:0
end_of_record
TN:
SF:src/types/entities/apply.entity.ts
FN:1,(anonymous_0)
FNF:1
FNH:1
FNDA:40,(anonymous_0)
DA:1,40
DA:2,40
DA:3,40
DA:4,40
DA:5,40
LF:5
LH:5
BRDA:1,0,0,40
BRDA:1,0,1,40
BRF:2
BRH:2
end_of_record
TN:
SF:src/types/entities/company.entity.ts
FN:33,(anonymous_0)
FNF:1
FNH:1
FNDA:40,(anonymous_0)
DA:33,40
DA:34,40
DA:35,40
DA:36,40
DA:37,40
LF:5
LH:5
BRDA:33,0,0,40
BRDA:33,0,1,40
BRF:2
BRH:2
end_of_record
TN:
SF:src/types/entities/job.entity.ts
FN:3,(anonymous_0)
FN:9,(anonymous_1)
FN:17,(anonymous_2)
FN:30,(anonymous_3)
FN:61,(anonymous_4)
FN:116,(anonymous_5)
FNF:6
FNH:6
FNDA:40,(anonymous_0)
FNDA:40,(anonymous_1)
FNDA:40,(anonymous_2)
FNDA:40,(anonymous_3)
FNDA:40,(anonymous_4)
FNDA:40,(anonymous_5)
DA:3,40
DA:4,40
DA:5,40
DA:6,40
DA:9,40
DA:10,40
DA:11,40
DA:12,40
DA:13,40
DA:14,40
DA:17,40
DA:18,40
DA:19,40
DA:20,40
DA:21,40
DA:22,40
DA:23,40
DA:24,40
DA:25,40
DA:26,40
DA:27,40
DA:30,40
DA:31,40
DA:32,40
DA:33,40
DA:34,40
DA:35,40
DA:36,40
DA:37,40
DA:38,40
DA:39,40
DA:40,40
DA:41,40
DA:42,40
DA:43,40
DA:44,40
DA:45,40
DA:46,40
DA:47,40
DA:48,40
DA:49,40
DA:50,40
DA:51,40
DA:52,40
DA:53,40
DA:54,40
DA:55,40
DA:56,40
DA:57,40
DA:58,40
DA:61,40
DA:62,40
DA:63,40
DA:64,40
DA:65,40
DA:66,40
DA:67,40
DA:68,40
DA:69,40
DA:70,40
DA:71,40
DA:72,40
DA:73,40
DA:74,40
DA:75,40
DA:76,40
DA:77,40
DA:78,40
DA:79,40
DA:80,40
DA:81,40
DA:116,40
DA:117,40
DA:118,40
DA:119,40
DA:120,40
DA:121,40
LF:77
LH:77
BRDA:3,0,0,40
BRDA:3,0,1,40
BRDA:9,1,0,40
BRDA:9,1,1,40
BRDA:17,2,0,40
BRDA:17,2,1,40
BRDA:30,3,0,40
BRDA:30,3,1,40
BRDA:61,4,0,40
BRDA:61,4,1,40
BRDA:116,5,0,40
BRDA:116,5,1,40
BRF:12
BRH:12
end_of_record
TN:
SF:src/types/entities/user.entity.ts
FN:71,(anonymous_0)
FN:85,(anonymous_1)
FN:110,(anonymous_2)
FN:119,(anonymous_3)
FN:134,(anonymous_4)
FN:163,(anonymous_5)
FN:172,(anonymous_6)
FN:205,(anonymous_7)
FN:210,(anonymous_8)
FN:216,(anonymous_9)
FNF:10
FNH:10
FNDA:40,(anonymous_0)
FNDA:40,(anonymous_1)
FNDA:40,(anonymous_2)
FNDA:40,(anonymous_3)
FNDA:40,(anonymous_4)
FNDA:40,(anonymous_5)
FNDA:40,(anonymous_6)
FNDA:40,(anonymous_7)
FNDA:40,(anonymous_8)
FNDA:40,(anonymous_9)
DA:71,40
DA:72,40
DA:73,40
DA:74,40
DA:75,40
DA:76,40
DA:77,40
DA:78,40
DA:79,40
DA:80,40
DA:81,40
DA:82,40
DA:85,40
DA:86,40
DA:87,40
DA:88,40
DA:89,40
DA:90,40
DA:91,40
DA:92,40
DA:93,40
DA:94,40
DA:95,40
DA:96,40
DA:97,40
DA:110,40
DA:111,40
DA:112,40
DA:113,40
DA:114,40
DA:115,40
DA:116,40
DA:119,40
DA:120,40
DA:121,40
DA:122,40
DA:134,40
DA:135,40
DA:136,40
DA:137,40
DA:138,40
DA:139,40
DA:140,40
DA:141,40
DA:142,40
DA:143,40
DA:163,40
DA:164,40
DA:165,40
DA:166,40
DA:167,40
DA:168,40
DA:169,40
DA:172,40
DA:173,40
DA:174,40
DA:175,40
DA:176,40
DA:177,40
DA:178,40
DA:179,40
DA:205,40
DA:206,40
DA:207,40
DA:210,40
DA:211,40
DA:212,40
DA:213,40
DA:216,40
DA:217,40
DA:218,40
DA:219,40
DA:220,40
LF:73
LH:73
BRDA:71,0,0,40
BRDA:71,0,1,40
BRDA:85,1,0,40
BRDA:85,1,1,40
BRDA:110,2,0,40
BRDA:110,2,1,40
BRDA:119,3,0,40
BRDA:119,3,1,40
BRDA:134,4,0,40
BRDA:134,4,1,40
BRDA:163,5,0,40
BRDA:163,5,1,40
BRDA:172,6,0,40
BRDA:172,6,1,40
BRDA:205,7,0,40
BRDA:205,7,1,40
BRDA:210,8,0,40
BRDA:210,8,1,40
BRDA:216,9,0,40
BRDA:216,9,1,40
BRF:20
BRH:20
end_of_record
TN:
SF:src/utils/file-url.ts
FN:1,resolveFileUrl
FNF:1
FNH:1
FNDA:300,resolveFileUrl
DA:1,8
DA:2,300
DA:3,50
DA:6,250
DA:7,179
DA:11,71
DA:13,71
DA:14,1
DA:17,70
LF:9
LH:9
BRDA:2,0,0,50
BRDA:2,0,1,250
BRDA:6,1,0,179
BRDA:6,1,1,71
BRDA:6,2,0,250
BRDA:6,2,1,248
BRDA:11,3,0,71
BRDA:11,3,1,2
BRDA:13,4,0,1
BRDA:13,4,1,70
BRF:10
BRH:10
end_of_record
TN:
SF:src/utils/phone.utils.ts
FN:1,onlyDigits
FN:5,removeDialCodeFromPhone
FN:16,applyPhoneMask
FN:45,formatPhoneWithDialCode
FNF:4
FNH:4
FNDA:235,onlyDigits
FNDA:36,removeDialCodeFromPhone
FNDA:160,applyPhoneMask
FNDA:156,formatPhoneWithDialCode
DA:1,3
DA:2,235
DA:5,3
DA:6,36
DA:7,36
DA:9,36
DA:10,35
DA:13,1
DA:16,3
DA:17,160
DA:19,160
DA:20,90
DA:23,70
DA:24,70
DA:26,70
DA:27,824
DA:28,249
DA:29,249
DA:32,575
DA:34,575
DA:35,35
DA:38,540
DA:39,540
DA:42,70
DA:45,3
DA:50,156
DA:52,156
DA:53,87
DA:56,69
LF:29
LH:29
BRDA:2,0,0,235
BRDA:2,0,1,91
BRDA:2,1,0,1
BRDA:2,1,1,234
BRDA:2,2,0,235
BRDA:2,2,1,235
BRDA:9,3,0,35
BRDA:9,3,1,1
BRDA:19,4,0,90
BRDA:19,4,1,70
BRDA:19,5,0,160
BRDA:19,5,1,158
BRDA:27,6,0,249
BRDA:27,6,1,575
BRDA:34,7,0,35
BRDA:34,7,1,540
BRDA:52,8,0,87
BRDA:52,8,1,69
BRF:18
BRH:18
end_of_record
TN:
SF:src/utils/seo.utils.ts
FN:3,stripHtml
FN:7,truncateMetaDescription
FN:20,removeUndefinedDeep
FN:23,(anonymous_3)
FN:24,(anonymous_4)
FN:30,(anonymous_5)
FN:31,(anonymous_6)
FN:38,toAbsoluteUrl
FNF:8
FNH:8
FNDA:2,stripHtml
FNDA:4,truncateMetaDescription
FNDA:13,removeUndefinedDeep
FNDA:3,(anonymous_3)
FNDA:3,(anonymous_4)
FNDA:8,(anonymous_5)
FNDA:8,(anonymous_6)
FNDA:3,toAbsoluteUrl
DA:1,1
DA:3,1
DA:4,2
DA:7,1
DA:8,4
DA:10,4
DA:11,2
DA:14,2
DA:15,2
DA:17,2
DA:20,1
DA:21,13
DA:22,1
DA:23,3
DA:24,3
DA:27,12
DA:28,3
DA:30,8
DA:31,8
DA:35,9
DA:38,1
DA:39,3
DA:40,1
DA:43,2
LF:24
LH:24
BRDA:7,0,0,0
BRDA:10,1,0,2
BRDA:10,1,1,2
BRDA:17,2,0,1
BRDA:17,2,1,1
BRDA:21,3,0,1
BRDA:21,3,1,12
BRDA:27,4,0,3
BRDA:27,4,1,9
BRDA:27,5,0,12
BRDA:27,5,1,8
BRDA:39,6,0,1
BRDA:39,6,1,2
BRF:13
BRH:12
end_of_record
TN:
SF:src/utils/session-device.ts
FN:1,getFriendlySessionDevice
FNF:1
FNH:0
FNDA:0,getFriendlySessionDevice
DA:1,0
DA:2,0
DA:3,0
DA:6,0
DA:8,0
DA:9,0
DA:12,0
DA:13,0
DA:16,0
DA:17,0
DA:20,0
DA:25,0
DA:28,0
DA:32,0
DA:35,0
DA:36,0
DA:39,0
DA:44,0
DA:47,0
DA:48,0
DA:51,0
DA:52,0
DA:55,0
DA:56,0
DA:59,0
LF:25
LH:0
BRDA:2,0,0,0
BRDA:2,0,1,0
BRDA:8,1,0,0
BRDA:8,1,1,0
BRDA:12,2,0,0
BRDA:12,2,1,0
BRDA:12,3,0,0
BRDA:12,3,1,0
BRDA:16,4,0,0
BRDA:16,4,1,0
BRDA:20,5,0,0
BRDA:20,5,1,0
BRDA:21,6,0,0
BRDA:21,6,1,0
BRDA:21,6,2,0
BRDA:28,7,0,0
BRDA:28,7,1,0
BRDA:29,8,0,0
BRDA:29,8,1,0
BRDA:35,9,0,0
BRDA:35,9,1,0
BRDA:39,10,0,0
BRDA:39,10,1,0
BRDA:40,11,0,0
BRDA:40,11,1,0
BRDA:40,11,2,0
BRDA:47,12,0,0
BRDA:47,12,1,0
BRDA:51,13,0,0
BRDA:51,13,1,0
BRDA:51,14,0,0
BRDA:51,14,1,0
BRDA:55,15,0,0
BRDA:55,15,1,0
BRF:34
BRH:0
end_of_record
TN:
SF:src/utils/slug.utils.ts
FN:1,normalizeSlugPart
FN:11,buildJobSlug
FN:13,(anonymous_2)
FNF:3
FNH:3
FNDA:707,normalizeSlugPart
FNDA:351,buildJobSlug
FNDA:707,(anonymous_2)
DA:2,707
DA:11,2
DA:12,351
DA:13,707
LF:4
LH:4
BRDA:13,0,0,707
BRDA:13,0,1,26
BRF:2
BRH:2
end_of_record
